INFO:root:第1次迭代，将１与９合并
INFO:root:第2次迭代，将中与国合并
INFO:root:第3次迭代，将发与展合并
INFO:root:第4次迭代，将经与济合并
INFO:root:第5次迭代，将企与业合并
INFO:root:第6次迭代，将１９与９合并
INFO:root:第7次迭代，将０与０合并
INFO:root:第8次迭代，将工与作合并
INFO:root:第9次迭代，将一与个合并
INFO:root:第10次迭代，将人与民合并
INFO:root:第11次迭代，将记与者合并
INFO:root:第12次迭代，将国与家合并
INFO:root:第13次迭代，将市与场合并
INFO:root:第14次迭代，将我与们合并
INFO:root:第15次迭代，将问与题合并
INFO:root:第16次迭代，将公与司合并
INFO:root:第17次迭代，将全与国合并
INFO:root:第18次迭代，将社与会合并
INFO:root:第19次迭代，将政与府合并
INFO:root:第20次迭代，将建与设合并
INFO:root:第21次迭代，将１与月合并
INFO:root:第22次迭代，将他与们合并
INFO:root:第23次迭代，将北与京合并
INFO:root:第24次迭代，将进与行合并
INFO:root:第25次迭代，将领与导合并
INFO:root:第26次迭代，将地与区合并
INFO:root:第27次迭代，将改与革合并
INFO:root:第28次迭代，将管与理合并
INFO:root:第29次迭代，将中与央合并
INFO:root:第30次迭代，将美与国合并
INFO:root:第31次迭代，将本与报合并
INFO:root:第32次迭代，将生与产合并
INFO:root:第33次迭代，将―与―合并
INFO:root:第34次迭代，将世与界合并
INFO:root:第35次迭代，将增与长合并
INFO:root:第36次迭代，将主与义合并
INFO:root:第37次迭代，将新与华合并
INFO:root:第38次迭代，将部与门合并
INFO:root:第39次迭代，将１与２合并
INFO:root:第40次迭代，将技与术合并
INFO:root:第41次迭代，将重与要合并
INFO:root:第42次迭代，将新华与社合并
INFO:root:第43次迭代，将活与动合并
INFO:root:第44次迭代，将自与己合并
INFO:root:第45次迭代，将金与融合并
INFO:root:第46次迭代，将服与务合并
INFO:root:第47次迭代，将一与些合并
INFO:root:第48次迭代，将没与有合并
INFO:root:第49次迭代，将历与史合并
INFO:root:第50次迭代，将１与０合并
INFO:root:第51次迭代，将研与究合并
INFO:root:第52次迭代，将文与化合并
INFO:root:第53次迭代，将单与位合并
INFO:root:第54次迭代，将精与神合并
INFO:root:第55次迭代，将会与议合并
INFO:root:第56次迭代，将第与一合并
INFO:root:第57次迭代，将干与部合并
INFO:root:第58次迭代，将去与年合并
INFO:root:第59次迭代，将工与程合并
INFO:root:第60次迭代，将人与员合并
INFO:root:第61次迭代，将同与时合并
INFO:root:第62次迭代，将我与国合并
INFO:root:第63次迭代，将方与面合并
INFO:root:第64次迭代，将７与年合并
INFO:root:第65次迭代，将关与系合并
INFO:root:第66次迭代，将群与众合并
INFO:root:第67次迭代，将职与工合并
INFO:root:第68次迭代，将民与族合并
INFO:root:第69次迭代，将同与志合并
INFO:root:第70次迭代，将解与决合并
INFO:root:第71次迭代，将组与织合并
INFO:root:第72次迭代，将通与过合并
INFO:root:第73次迭代，将产与品合并
INFO:root:第74次迭代，将提与高合并
INFO:root:第75次迭代，将２与０合并
INFO:root:第76次迭代，将国与际合并
INFO:root:第77次迭代，将主与要合并
INFO:root:第78次迭代，将今与天合并
INFO:root:第79次迭代，将这与些合并
INFO:root:第80次迭代，将报与道合并
INFO:root:第81次迭代，将目与前合并
INFO:root:第82次迭代，将认与为合并
INFO:root:第83次迭代，将主与席合并
INFO:root:第84次迭代，将加与强合并
INFO:root:第85次迭代，将１９９与７年合并
INFO:root:第86次迭代，将农与业合并
INFO:root:第87次迭代，将有与关合并
INFO:root:第88次迭代，将积与极合并
INFO:root:第89次迭代，将教与育合并
INFO:root:第90次迭代，将艺与术合并
INFO:root:第91次迭代，将科与技合并
INFO:root:第92次迭代，将提与出合并
INFO:root:第93次迭代，将合与作合并
INFO:root:第94次迭代，将建与立合并
INFO:root:第95次迭代，将美与元合并
INFO:root:第96次迭代，将人与们合并
INFO:root:第97次迭代，将情与况合并
INFO:root:第98次迭代，将代与表合并
INFO:root:第99次迭代，将产与业合并
INFO:root:第100次迭代，将香与港合并
INFO:root:第101次迭代，将城与市合并
INFO:root:第102次迭代，将银与行合并
INFO:root:第103次迭代，将农与民合并
INFO:root:第104次迭代，将生与活合并
INFO:root:第105次迭代，将住与房合并
INFO:root:第106次迭代，将参与加合并
INFO:root:第107次迭代，将政与策合并
INFO:root:第108次迭代，将实与现合并
INFO:root:第109次迭代，将制与度合并
INFO:root:第110次迭代，将农与村合并
INFO:root:第111次迭代，将必与须合并
INFO:root:第112次迭代，将图与片合并
INFO:root:第113次迭代，将水与平合并
INFO:root:第114次迭代，将表与示合并
INFO:root:第115次迭代，将<与U合并
INFO:root:第116次迭代，将<U与N合并
INFO:root:第117次迭代，将<UN与K合并
INFO:root:第118次迭代，将<UNK与>合并
INFO:root:第119次迭代，将要与求合并
INFO:root:第120次迭代，将国与务合并
INFO:root:第121次迭代，将基与础合并
INFO:root:第122次迭代，将新与闻合并
INFO:root:第123次迭代，将地与方合并
INFO:root:第124次迭代，将委与员合并
INFO:root:第125次迭代，将文与明合并
INFO:root:第126次迭代，将经与营合并
INFO:root:第127次迭代，将举与行合并
INFO:root:第128次迭代，将十与五合并
INFO:root:第129次迭代，将思与想合并
INFO:root:第130次迭代，将现与代合并
INFO:root:第131次迭代，将６与年合并
INFO:root:第132次迭代，将采与取合并
INFO:root:第133次迭代，将００与０合并
INFO:root:第134次迭代，将困与难合并
INFO:root:第135次迭代，将稳与定合并
INFO:root:第136次迭代，将机与构合并
INFO:root:第137次迭代，将机与关合并
INFO:root:第138次迭代，将自与治合并
INFO:root:第139次迭代，将今与年合并
INFO:root:第140次迭代，将需与要合并
INFO:root:第141次迭代，将由与于合并
INFO:root:第142次迭代，将条与件合并
INFO:root:第143次迭代，将这与个合并
INFO:root:第144次迭代，将时与间合并
INFO:root:第145次迭代，将发与生合并
INFO:root:第146次迭代，将部与长合并
INFO:root:第147次迭代，将１与５合并
INFO:root:第148次迭代，将劳与动合并
INFO:root:第149次迭代，将联与合合并
INFO:root:第150次迭代，将一与步合并
INFO:root:第151次迭代，将政与治合并
INFO:root:第152次迭代，将什与么合并
INFO:root:第153次迭代，将计与划合并
INFO:root:第154次迭代，将部与分合并
INFO:root:第155次迭代，将影与响合并
INFO:root:第156次迭代，将价与格合并
INFO:root:第157次迭代，将作与为合并
INFO:root:第158次迭代，将可与以合并
INFO:root:第159次迭代，将努与力合并
INFO:root:第160次迭代，将指与出合并
INFO:root:第161次迭代，将１９９与６年合并
INFO:root:第162次迭代，将提与供合并
INFO:root:第163次迭代，将书与记合并
INFO:root:第164次迭代，将项与目合并
INFO:root:第165次迭代，将措与施合并
INFO:root:第166次迭代，将扶与贫合并
INFO:root:第167次迭代，将作与用合并
INFO:root:第168次迭代，将收与入合并
INFO:root:第169次迭代，将开与始合并
INFO:root:第170次迭代，将取与得合并
INFO:root:第171次迭代，将结与构合并
INFO:root:第172次迭代，将以与来合并
INFO:root:第173次迭代，将投与资合并
INFO:root:第174次迭代，将特与别合并
INFO:root:第175次迭代，将上与海合并
INFO:root:第176次迭代，将坚与持合并
INFO:root:第177次迭代，将日与本合并
INFO:root:第178次迭代，将决与定合并
INFO:root:第179次迭代，将具与有合并
INFO:root:第180次迭代，将事与业合并
INFO:root:第181次迭代，将继与续合并
INFO:root:第182次迭代，将８与年合并
INFO:root:第183次迭代，将实与行合并
INFO:root:第184次迭代，将安与全合并
INFO:root:第185次迭代，将３与０合并
INFO:root:第186次迭代，将体与育合并
INFO:root:第187次迭代，将增与加合并
INFO:root:第188次迭代，将促与进合并
INFO:root:第189次迭代，将不与仅合并
INFO:root:第190次迭代，将成与为合并
INFO:root:第191次迭代，将世与纪合并
INFO:root:第192次迭代，将理与论合并
INFO:root:第193次迭代，将希与望合并
INFO:root:第194次迭代，将统与计合并
INFO:root:第195次迭代，将规与定合并
INFO:root:第196次迭代，将贫与困合并
INFO:root:第197次迭代，将环与境合并
INFO:root:第198次迭代，将这与种合并
INFO:root:第199次迭代，将１与３合并
INFO:root:第200次迭代，将形与式合并
INFO:root:第201次迭代，将调与整合并
INFO:root:第202次迭代，将这与样合并
INFO:root:第203次迭代，将开与展合并
INFO:root:第204次迭代，将１与４合并
INFO:root:第205次迭代，将第与二合并
INFO:root:第206次迭代，将全与面合并
INFO:root:第207次迭代，将形与成合并
INFO:root:第208次迭代，将５与０合并
INFO:root:第209次迭代，将支与持合并
INFO:root:第210次迭代，将泽与民合并
INFO:root:第211次迭代，将体与制合并
INFO:root:第212次迭代，将开与发合并
INFO:root:第213次迭代，将监与督合并
INFO:root:第214次迭代，将任与务合并
INFO:root:第215次迭代，将重与点合并
INFO:root:第216次迭代，将国务与院合并
INFO:root:第217次迭代，将资与金合并
INFO:root:第218次迭代，将１与．合并
INFO:root:第219次迭代，将以与及合并
INFO:root:第220次迭代，将科与学合并
INFO:root:第221次迭代，将起与来合并
INFO:root:第222次迭代，将基与本合并
INFO:root:第223次迭代，将利与益合并
INFO:root:第224次迭代，将政与协合并
INFO:root:第225次迭代，将广与大合并
INFO:root:第226次迭代，将１与６合并
INFO:root:第227次迭代，将专与家合并
INFO:root:第228次迭代，将实与施合并
INFO:root:第229次迭代，将总与统合并
INFO:root:第230次迭代，将集与团合并
INFO:root:第231次迭代，将许与多合并
INFO:root:第232次迭代，将能与力合并
INFO:root:第233次迭代，将工与业合并
INFO:root:第234次迭代，将以与上合并
INFO:root:第235次迭代，将而与且合并
INFO:root:第236次迭代，将落与实合并
INFO:root:第237次迭代，将――与―合并
INFO:root:第238次迭代，将实与际合并
INFO:root:第239次迭代，将共与同合并
INFO:root:第240次迭代，将学与习合并
INFO:root:第241次迭代，将信与息合并
INFO:root:第242次迭代，将不与断合并
INFO:root:第243次迭代，将战与略合并
INFO:root:第244次迭代，将旅与游合并
INFO:root:第245次迭代，将保与护合并
INFO:root:第246次迭代，将规与模合并
INFO:root:第247次迭代，将进与入合并
INFO:root:第248次迭代，将国与内合并
INFO:root:第249次迭代，将作与出合并
INFO:root:第250次迭代，将各与种合并
INFO:root:第251次迭代，将１与００合并
INFO:root:第252次迭代，将这与里合并
INFO:root:第253次迭代，将春与节合并
INFO:root:第254次迭代，将５与年合并
INFO:root:第255次迭代，将青与年合并
INFO:root:第256次迭代，将其与中合并
INFO:root:第257次迭代，将财与政合并
INFO:root:第258次迭代，将质与量合并
INFO:root:第259次迭代，将台与湾合并
INFO:root:第260次迭代，将电与视合并
INFO:root:第261次迭代，将应与当合并
INFO:root:第262次迭代，将自与然合并
INFO:root:第263次迭代，将资与源合并
INFO:root:第264次迭代，将出与现合并
INFO:root:第265次迭代，将交与易合并
INFO:root:第266次迭代，将一与定合并
INFO:root:第267次迭代，将完与成合并
INFO:root:第268次迭代，将开与放合并
INFO:root:第269次迭代，将强与调合并
INFO:root:第270次迭代，将机与制合并
INFO:root:第271次迭代，将１与８合并
INFO:root:第272次迭代，将商与品合并
INFO:root:第273次迭代，将１９９与８年合并
INFO:root:第274次迭代，将乡与镇合并
INFO:root:第275次迭代，将总与理合并
INFO:root:第276次迭代，将中与心合并
INFO:root:第277次迭代，将已与经合并
INFO:root:第278次迭代，将行与动合并
INFO:root:第279次迭代，将出与口合并
INFO:root:第280次迭代，将谈与判合并
INFO:root:第281次迭代，将小与平合并
INFO:root:第282次迭代，将投与入合并
INFO:root:第283次迭代，将帮与助合并
INFO:root:第284次迭代，将方与式合并
INFO:root:第285次迭代，将竞与争合并
INFO:root:第286次迭代，将其与他合并
INFO:root:第287次迭代，将祖与国合并
INFO:root:第288次迭代，将犯与罪合并
INFO:root:第289次迭代，将具与体合并
INFO:root:第290次迭代，将３与年合并
INFO:root:第291次迭代，将成与立合并
INFO:root:第292次迭代，将主与任合并
INFO:root:第293次迭代，将现与在合并
INFO:root:第294次迭代，将可与能合并
INFO:root:第295次迭代，将认与真合并
INFO:root:第296次迭代，将医与院合并
INFO:root:第297次迭代，将阶与段合并
INFO:root:第298次迭代，将深与入合并
INFO:root:第299次迭代，将因与此合并
INFO:root:第300次迭代，将先与进合并
INFO:root:第301次迭代，将结与合合并
INFO:root:第302次迭代，将会与见合并
INFO:root:第303次迭代，将年与代合并
INFO:root:第304次迭代，将指与导合并
INFO:root:第305次迭代，将发与现合并
INFO:root:第306次迭代，将发与表合并
INFO:root:第307次迭代，将恩与来合并
INFO:root:第308次迭代，将实与践合并
INFO:root:第309次迭代，将亚与洲合并
INFO:root:第310次迭代，将十与分合并
INFO:root:第311次迭代，将欧与洲合并
INFO:root:第312次迭代，将过与程合并
INFO:root:第313次迭代，将设与施合并
INFO:root:第314次迭代，将发与挥合并
INFO:root:第315次迭代，将保与持合并
INFO:root:第316次迭代，将第与三合并
INFO:root:第317次迭代，将责与任合并
INFO:root:第318次迭代，将传与统合并
INFO:root:第319次迭代，将对与于合并
INFO:root:第320次迭代，将危与机合并
INFO:root:第321次迭代，将救与灾合并
INFO:root:第322次迭代，将２与１合并
INFO:root:第323次迭代，将音与乐合并
INFO:root:第324次迭代，将原与则合并
INFO:root:第325次迭代，将产与生合并
INFO:root:第326次迭代，将任与何合并
INFO:root:第327次迭代，将合与理合并
INFO:root:第328次迭代，将长与期合并
INFO:root:第329次迭代，将法与国合并
INFO:root:第330次迭代，将认与识合并
INFO:root:第331次迭代，将利与用合并
INFO:root:第332次迭代，将贷与款合并
INFO:root:第333次迭代，将重与视合并
INFO:root:第334次迭代，将按与照合并
INFO:root:第335次迭代，将拍与卖合并
INFO:root:第336次迭代，将调与查合并
INFO:root:第337次迭代，将下与岗合并
INFO:root:第338次迭代，将推与动合并
INFO:root:第339次迭代，将保与证合并
INFO:root:第340次迭代，将成与功合并
INFO:root:第341次迭代，将联与系合并
INFO:root:第342次迭代，将受与到合并
INFO:root:第343次迭代，将现与实合并
INFO:root:第344次迭代，将看与到合并
INFO:root:第345次迭代，将外与交合并
INFO:root:第346次迭代，将资与本合并
INFO:root:第347次迭代，将中与共合并
INFO:root:第348次迭代，将这与次合并
INFO:root:第349次迭代，将解与放合并
INFO:root:第350次迭代，将正与在合并
INFO:root:第351次迭代，将原与因合并
INFO:root:第352次迭代，将交与通合并
INFO:root:第353次迭代，将…与…合并
INFO:root:第354次迭代，将１９与８合并
INFO:root:第355次迭代，将适与应合并
INFO:root:第356次迭代，将介与绍合并
INFO:root:第357次迭代，将综与合合并
INFO:root:第358次迭代，将集与中合并
INFO:root:第359次迭代，将能与够合并
INFO:root:第360次迭代，将根与据合并
INFO:root:第361次迭代，将各与级合并
INFO:root:第362次迭代，将推与进合并
INFO:root:第363次迭代，将军与事合并
INFO:root:第364次迭代，将１９９与５年合并
INFO:root:第365次迭代，将平与均合并
INFO:root:第366次迭代，将宣与传合并
INFO:root:第367次迭代，将需与求合并
INFO:root:第368次迭代，将效与益合并
INFO:root:第369次迭代，将之与间合并
INFO:root:第370次迭代，将批与准合并
INFO:root:第371次迭代，将１与７合并
INFO:root:第372次迭代，将规与划合并
INFO:root:第373次迭代，将正与式合并
INFO:root:第374次迭代，将各与项合并
INFO:root:第375次迭代，将出与版合并
INFO:root:第376次迭代，将国与民合并
INFO:root:第377次迭代，将１２与日合并
INFO:root:第378次迭代，将尼与亚合并
INFO:root:第379次迭代，将汽与车合并
INFO:root:第380次迭代，将如与何合并
INFO:root:第381次迭代，将直与接合并
INFO:root:第382次迭代，将表与现合并
INFO:root:第383次迭代，将制与定合并
INFO:root:第384次迭代，将关与注合并
INFO:root:第385次迭代，将战与争合并
INFO:root:第386次迭代，将泰与国合并
INFO:root:第387次迭代，将高与度合并
INFO:root:第388次迭代，将召与开合并
INFO:root:第389次迭代，将股与市合并
INFO:root:第390次迭代，将过与去合并
INFO:root:第391次迭代，将协与会合并
INFO:root:第392次迭代，将２与５合并
INFO:root:第393次迭代，将公与里合并
INFO:root:第394次迭代，将４与年合并
INFO:root:第395次迭代，将电与力合并
INFO:root:第396次迭代，将读与者合并
INFO:root:第397次迭代，将商与业合并
INFO:root:第398次迭代，将标与准合并
INFO:root:第399次迭代，将如与果合并
INFO:root:第400次迭代，将存与在合并
INFO:root:第401次迭代，将礼与貌合并
INFO:root:第402次迭代，将时与候合并
INFO:root:第403次迭代，将民与主合并
INFO:root:第404次迭代，将期与间合并
INFO:root:第405次迭代，将重与大合并
INFO:root:第406次迭代，将严与重合并
INFO:root:第407次迭代，将俄与罗合并
INFO:root:第408次迭代，将就与业合并
INFO:root:第409次迭代，将建与议合并
INFO:root:第410次迭代，将家与庭合并
INFO:root:第411次迭代，将大与量合并
INFO:root:第412次迭代，将电与话合并
INFO:root:第413次迭代，将生与命合并
INFO:root:第414次迭代，将比与赛合并
INFO:root:第415次迭代，将系与统合并
INFO:root:第416次迭代，将老与人合并
INFO:root:第417次迭代，将关与于合并
INFO:root:第418次迭代，将有与限合并
INFO:root:第419次迭代，将出与席合并
INFO:root:第420次迭代，将两与岸合并
INFO:root:第421次迭代，将行与业合并
INFO:root:第422次迭代，将加与快合并
INFO:root:第423次迭代，将２与．合并
INFO:root:第424次迭代，将４与０合并
INFO:root:第425次迭代，将完与善合并
INFO:root:第426次迭代，将全与部合并
INFO:root:第427次迭代，将还与是合并
INFO:root:第428次迭代，将速与度合并
INFO:root:第429次迭代，将变与化合并
INFO:root:第430次迭代，将健与康合并
INFO:root:第431次迭代，将先与后合并
INFO:root:第432次迭代，将２与３合并
INFO:root:第433次迭代，将贡与献合并
INFO:root:第434次迭代，将目与标合并
INFO:root:第435次迭代，将股与份合并
INFO:root:第436次迭代，将充与分合并
INFO:root:第437次迭代，将案与件合并
INFO:root:第438次迭代，将创与作合并
INFO:root:第439次迭代，将集与体合并
INFO:root:第440次迭代，将伊与拉合并
INFO:root:第441次迭代，将伊拉与克合并
INFO:root:第442次迭代，将讲与话合并
INFO:root:第443次迭代，将证与券合并
INFO:root:第444次迭代，将负与责合并
INFO:root:第445次迭代，将行与政合并
INFO:root:第446次迭代，将现代与化合并
INFO:root:第447次迭代，将最与近合并
INFO:root:第448次迭代，将方与法合并
INFO:root:第449次迭代，将石与油合并
INFO:root:第450次迭代，将每与年合并
INFO:root:第451次迭代，将铁与路合并
INFO:root:第452次迭代，将中与华合并
INFO:root:第453次迭代，将法与院合并
INFO:root:第454次迭代，将行与为合并
INFO:root:第455次迭代，将体与现合并
INFO:root:第456次迭代，将时与期合并
INFO:root:第457次迭代，将６与０合并
INFO:root:第458次迭代，将日与前合并
INFO:root:第459次迭代，将近与年合并
INFO:root:第460次迭代，将因与为合并
INFO:root:第461次迭代，将改与善合并
INFO:root:第462次迭代，将大与家合并
INFO:root:第463次迭代，将方与针合并
INFO:root:第464次迭代，将意与义合并
INFO:root:第465次迭代，将和与平合并
INFO:root:第466次迭代，将首与先合并
INFO:root:第467次迭代，将观与念合并
INFO:root:第468次迭代，将最与后合并
INFO:root:第469次迭代，将优与势合并
INFO:root:第470次迭代，将销与售合并
INFO:root:第471次迭代，将选与举合并
INFO:root:第472次迭代，将常与委合并
INFO:root:第473次迭代，将斗与争合并
INFO:root:第474次迭代，将根与本合并
INFO:root:第475次迭代，将联合与国合并
INFO:root:第476次迭代，将消与费合并
INFO:root:第477次迭代，将有与效合并
INFO:root:第478次迭代，将话与剧合并
INFO:root:第479次迭代，将南与亚合并
INFO:root:第480次迭代，将接与受合并
INFO:root:第481次迭代，将系与列合并
INFO:root:第482次迭代，将报与告合并
INFO:root:第483次迭代，将成与员合并
INFO:root:第484次迭代，将带与来合并
INFO:root:第485次迭代，将然与而合并
INFO:root:第486次迭代，将得与到合并
INFO:root:第487次迭代，将８与０合并
INFO:root:第488次迭代，将增与强合并
INFO:root:第489次迭代，将知与识合并
INFO:root:第490次迭代，将不与少合并
INFO:root:第491次迭代，将基与层合并
INFO:root:第492次迭代，将２与６合并
INFO:root:第493次迭代，将创与造合并
INFO:root:第494次迭代，将贯与彻合并
INFO:root:第495次迭代，将人与口合并
INFO:root:第496次迭代，将为与了合并
INFO:root:第497次迭代，将大与会合并
INFO:root:第498次迭代，将学与生合并
INFO:root:第499次迭代，将经与验合并
INFO:root:第500次迭代，将基与金合并
INFO:root:第501次迭代，将货与币合并
INFO:root:第502次迭代，将明与确合并
INFO:root:第503次迭代，将良与好合并
INFO:root:第504次迭代，将孩与子合并
INFO:root:第505次迭代，将结与束合并
INFO:root:第506次迭代，将作与品合并
INFO:root:第507次迭代，将完与全合并
INFO:root:第508次迭代，将９与０合并
INFO:root:第509次迭代，将超与过合并
INFO:root:第510次迭代，将飞与机合并
INFO:root:第511次迭代，将首与都合并
INFO:root:第512次迭代，将５与％合并
INFO:root:第513次迭代，将整与个合并
INFO:root:第514次迭代，将居与民合并
INFO:root:第515次迭代，将人与士合并
INFO:root:第516次迭代，将经与过合并
INFO:root:第517次迭代，将各与地合并
INFO:root:第518次迭代，将学与校合并
INFO:root:第519次迭代，将或与者合并
INFO:root:第520次迭代，将突与破合并
INFO:root:第521次迭代，将价与值合并
INFO:root:第522次迭代，将人与类合并
INFO:root:第523次迭代，将利与亚合并
INFO:root:第524次迭代，将成与果合并
INFO:root:第525次迭代，将地与位合并
INFO:root:第526次迭代，将你与们合并
INFO:root:第527次迭代，将队与伍合并
INFO:root:第528次迭代，将卫与生合并
INFO:root:第529次迭代，将东与南亚合并
INFO:root:第530次迭代，将下与降合并
INFO:root:第531次迭代，将不与同合并
INFO:root:第532次迭代，将各与国合并
INFO:root:第533次迭代，将新与年合并
INFO:root:第534次迭代，将建与成合并
INFO:root:第535次迭代，将专与业合并
INFO:root:第536次迭代，将形与势合并
INFO:root:第537次迭代，将英与国合并
INFO:root:第538次迭代，将全与球合并
INFO:root:第539次迭代，将甚与至合并
INFO:root:第540次迭代，将切与实合并
INFO:root:第541次迭代，将３与００合并
INFO:root:第542次迭代，将突与出合并
INFO:root:第543次迭代，将检与查合并
INFO:root:第544次迭代，将宣与布合并
INFO:root:第545次迭代，将进与程合并
INFO:root:第546次迭代，将人与物合并
INFO:root:第547次迭代，将俄罗与斯合并
INFO:root:第548次迭代，将统与一合并
INFO:root:第549次迭代，将设与备合并
INFO:root:第550次迭代，将运与动合并
INFO:root:第551次迭代，将部与队合并
INFO:root:第552次迭代，将资与产合并
INFO:root:第553次迭代，将官与兵合并
INFO:root:第554次迭代，将因与素合并
INFO:root:第555次迭代，将安与排合并
INFO:root:第556次迭代，将上与市合并
INFO:root:第557次迭代，将广与播合并
INFO:root:第558次迭代，将天与津合并
INFO:root:第559次迭代，将东与西合并
INFO:root:第560次迭代，将那与么合并
INFO:root:第561次迭代，将开与拓合并
INFO:root:第562次迭代，将维与护合并
INFO:root:第563次迭代，将达与到合并
INFO:root:第564次迭代，将减与少合并
INFO:root:第565次迭代，将文与章合并
INFO:root:第566次迭代，将演与出合并
INFO:root:第567次迭代，将大与力合并
INFO:root:第568次迭代，将繁与荣合并
INFO:root:第569次迭代，将时与代合并
INFO:root:第570次迭代，将事与件合并
INFO:root:第571次迭代，将损与失合并
INFO:root:第572次迭代，将７与０合并
INFO:root:第573次迭代，将不与会合并
INFO:root:第574次迭代，将一与样合并
INFO:root:第575次迭代，将形与象合并
INFO:root:第576次迭代，将灾与区合并
INFO:root:第577次迭代，将处与理合并
INFO:root:第578次迭代，将连与续合并
INFO:root:第579次迭代，将公与安合并
INFO:root:第580次迭代，将关与键合并
INFO:root:第581次迭代，将经与常合并
INFO:root:第582次迭代，将特与色合并
INFO:root:第583次迭代，将革与命合并
INFO:root:第584次迭代，将体与系合并
INFO:root:第585次迭代，将分与配合并
INFO:root:第586次迭代，将汇与率合并
INFO:root:第587次迭代，将自治与区合并
INFO:root:第588次迭代，将股与票合并
INFO:root:第589次迭代，将意与识合并
INFO:root:第590次迭代，将确与定合并
INFO:root:第591次迭代，将２与８合并
INFO:root:第592次迭代，将公与路合并
INFO:root:第593次迭代，将当与然合并
INFO:root:第594次迭代，将产与量合并
INFO:root:第595次迭代，将当与前合并
INFO:root:第596次迭代，将保与险合并
INFO:root:第597次迭代，将访与问合并
INFO:root:第598次迭代，将转与变合并
INFO:root:第599次迭代，将协与调合并
INFO:root:第600次迭代，将１２与月合并
INFO:root:第601次迭代，将包与括合并
INFO:root:第602次迭代，将欧与盟合并
INFO:root:第603次迭代，将材与料合并
INFO:root:第604次迭代，将观与众合并
INFO:root:第605次迭代，将应与该合并
INFO:root:第606次迭代，将更与加合并
INFO:root:第607次迭代，将比与较合并
INFO:root:第608次迭代，将人与均合并
INFO:root:第609次迭代，将电与脑合并
INFO:root:第610次迭代，将巨与大合并
INFO:root:第611次迭代，将股份与制合并
INFO:root:第612次迭代，将快与速合并
INFO:root:第613次迭代，将主与管合并
INFO:root:第614次迭代，将江与苏合并
INFO:root:第615次迭代，将分与析合并
INFO:root:第616次迭代，将市与民合并
INFO:root:第617次迭代，将指与标合并
INFO:root:第618次迭代，将电与子合并
INFO:root:第619次迭代，将办与法合并
INFO:root:第620次迭代，将使与用合并
INFO:root:第621次迭代，将持与续合并
INFO:root:第622次迭代，将内与容合并
INFO:root:第623次迭代，将争与取合并
INFO:root:第624次迭代，将京与剧合并
INFO:root:第625次迭代，将２与２合并
INFO:root:第626次迭代，将多与种合并
INFO:root:第627次迭代，将地与震合并
INFO:root:第628次迭代，将１９９与４年合并
INFO:root:第629次迭代，将水与仙合并
INFO:root:第630次迭代，将准与备合并
INFO:root:第631次迭代，将教与师合并
INFO:root:第632次迭代，将引与导合并
INFO:root:第633次迭代，将国与有合并
INFO:root:第634次迭代，将改与造合并
INFO:root:第635次迭代，将组与成合并
INFO:root:第636次迭代，将当与地合并
INFO:root:第637次迭代，将下与乡合并
INFO:root:第638次迭代，将指与挥合并
INFO:root:第639次迭代，将最与高合并
INFO:root:第640次迭代，将模与范合并
INFO:root:第641次迭代，将工与商合并
INFO:root:第642次迭代，将结与果合并
INFO:root:第643次迭代，将做与法合并
INFO:root:第644次迭代，将感与到合并
INFO:root:第645次迭代，将党与委合并
INFO:root:第646次迭代，将下与跌合并
INFO:root:第647次迭代，将养与殖合并
INFO:root:第648次迭代，将明与显合并
INFO:root:第649次迭代，将规与范合并
INFO:root:第650次迭代，将实与力合并
INFO:root:第651次迭代，将２与４合并
INFO:root:第652次迭代，将运与行合并
INFO:root:第653次迭代，将随与着合并
INFO:root:第654次迭代，将矛与盾合并
INFO:root:第655次迭代，将获与得合并
INFO:root:第656次迭代，将引与进合并
INFO:root:第657次迭代，将科与研合并
INFO:root:第658次迭代，将虽与然合并
INFO:root:第659次迭代，将考与试合并
INFO:root:第660次迭代，将它与们合并
INFO:root:第661次迭代，将海与关合并
INFO:root:第662次迭代，将机与遇合并
INFO:root:第663次迭代，将海与南合并
INFO:root:第664次迭代，将０与．合并
INFO:root:第665次迭代，将注与意合并
INFO:root:第666次迭代，将１与％合并
INFO:root:第667次迭代，将面与对合并
INFO:root:第668次迭代，将前与景合并
INFO:root:第669次迭代，将元与旦合并
INFO:root:第670次迭代，将消与除合并
INFO:root:第671次迭代，将强与化合并
INFO:root:第672次迭代，将严与格合并
INFO:root:第673次迭代，将控与制合并
INFO:root:第674次迭代，将一与般合并
INFO:root:第675次迭代，将只与有合并
INFO:root:第676次迭代，将温与暖合并
INFO:root:第677次迭代，将关与心合并
INFO:root:第678次迭代，将９与年合并
INFO:root:第679次迭代，将内与部合并
INFO:root:第680次迭代，将１与１合并
INFO:root:第681次迭代，将小与时合并
INFO:root:第682次迭代，将欢与迎合并
INFO:root:第683次迭代，将其与琛合并
INFO:root:第684次迭代，将越与来合并
INFO:root:第685次迭代，将有与人合并
INFO:root:第686次迭代，将国与防合并
INFO:root:第687次迭代，将正与确合并
INFO:root:第688次迭代，将班与子合并
INFO:root:第689次迭代，将纪与念合并
INFO:root:第690次迭代，将从与而合并
INFO:root:第691次迭代，将运与输合并
INFO:root:第692次迭代，将膨与胀合并
INFO:root:第693次迭代，将风与险合并
INFO:root:第694次迭代，将第与四合并
INFO:root:第695次迭代，将但与是合并
INFO:root:第696次迭代，将相与当合并
INFO:root:第697次迭代，将那与些合并
INFO:root:第698次迭代，将学与院合并
INFO:root:第699次迭代，将功与能合并
INFO:root:第700次迭代，将克与林合并
INFO:root:第701次迭代，将通与货合并
INFO:root:第702次迭代，将全与市合并
INFO:root:第703次迭代，将实与事合并
INFO:root:第704次迭代，将表与明合并
INFO:root:第705次迭代，将妇与女合并
INFO:root:第706次迭代，将素与质合并
INFO:root:第707次迭代，将通与信合并
INFO:root:第708次迭代，将执与行合并
INFO:root:第709次迭代，将造与成合并
INFO:root:第710次迭代，将培与训合并
INFO:root:第711次迭代，将００与万合并
INFO:root:第712次迭代，将粮与食合并
INFO:root:第713次迭代，将现与象合并
INFO:root:第714次迭代，将检与察合并
INFO:root:第715次迭代，将业与务合并
INFO:root:第716次迭代，将优与秀合并
INFO:root:第717次迭代，将工作与者合并
INFO:root:第718次迭代，将图与为合并
INFO:root:第719次迭代，将二与十合并
INFO:root:第720次迭代，将成与就合并
INFO:root:第721次迭代，将交与流合并
INFO:root:第722次迭代，将丰与富合并
INFO:root:第723次迭代，将面与积合并
INFO:root:第724次迭代，将双与方合并
INFO:root:第725次迭代，将第与十合并
INFO:root:第726次迭代，将物与价合并
INFO:root:第727次迭代，将商与场合并
INFO:root:第728次迭代，将会与谈合并
INFO:root:第729次迭代，将保与障合并
INFO:root:第730次迭代，将军与区合并
INFO:root:第731次迭代，将治与理合并
INFO:root:第732次迭代，将范与围合并
INFO:root:第733次迭代，将节与日合并
INFO:root:第734次迭代，将怎与么合并
INFO:root:第735次迭代，将招与待合并
INFO:root:第736次迭代，将尽与管合并
INFO:root:第737次迭代，将状与态合并
INFO:root:第738次迭代，将大与学合并
INFO:root:第739次迭代，将下与午合并
INFO:root:第740次迭代，将某与些合并
INFO:root:第741次迭代，将克林与顿合并
INFO:root:第742次迭代，将停与车合并
INFO:root:第743次迭代，将建与筑合并
INFO:root:第744次迭代，将意与见合并
INFO:root:第745次迭代，将态与度合并
INFO:root:第746次迭代，将深与化合并
INFO:root:第747次迭代，将网与络合并
INFO:root:第748次迭代，将执与法合并
INFO:root:第749次迭代，将而与是合并
INFO:root:第750次迭代，将改与变合并
INFO:root:第751次迭代，将接与待合并
INFO:root:第752次迭代，将加与入合并
INFO:root:第753次迭代，将１３与日合并
INFO:root:第754次迭代，将医与疗合并
INFO:root:第755次迭代，将今与后合并
INFO:root:第756次迭代，将高与校合并
INFO:root:第757次迭代，将学与会合并
INFO:root:第758次迭代，将出与来合并
INFO:root:第759次迭代，将典与型合并
INFO:root:第760次迭代，将选与择合并
INFO:root:第761次迭代，将红与十合并
INFO:root:第762次迭代，将外与资合并
INFO:root:第763次迭代，将挑与战合并
INFO:root:第764次迭代，将７与月合并
INFO:root:第765次迭代，将职与业合并
INFO:root:第766次迭代，将位与置合并
INFO:root:第767次迭代，将不与足合并
INFO:root:第768次迭代，将２与０００合并
INFO:root:第769次迭代，将７与日合并
INFO:root:第770次迭代，将告与诉合并
INFO:root:第771次迭代，将周与围合并
INFO:root:第772次迭代，将特与点合并
INFO:root:第773次迭代，将报与纸合并
INFO:root:第774次迭代，将内与外合并
INFO:root:第775次迭代，将基与地合并
INFO:root:第776次迭代，将购与买合并
INFO:root:第777次迭代，将纷与纷合并
INFO:root:第778次迭代，将运与会合并
INFO:root:第779次迭代，将状与况合并
INFO:root:第780次迭代，将伟与大合并
INFO:root:第781次迭代，将中与东合并
INFO:root:第782次迭代，将资与料合并
INFO:root:第783次迭代，将始与终合并
INFO:root:第784次迭代，将以与色合并
INFO:root:第785次迭代，将宗与教合并
INFO:root:第786次迭代，将原与来合并
INFO:root:第787次迭代，将河与北合并
INFO:root:第788次迭代，将处与于合并
INFO:root:第789次迭代，将山与西合并
INFO:root:第790次迭代，将观与点合并
INFO:root:第791次迭代，将力与度合并
INFO:root:第792次迭代，将一与月合并
INFO:root:第793次迭代，将广与东合并
INFO:root:第794次迭代，将发与行合并
INFO:root:第795次迭代，将违与法合并
INFO:root:第796次迭代，将反与映合并
INFO:root:第797次迭代，将密与切合并
INFO:root:第798次迭代，将力与量合并
INFO:root:第799次迭代，将哲与学合并
INFO:root:第800次迭代，将引与起合并
INFO:root:第801次迭代，将特与殊合并
INFO:root:第802次迭代，将慰与问合并
INFO:root:第803次迭代，将进与步合并
INFO:root:第804次迭代，将相与关合并
INFO:root:第805次迭代，将大与藏合并
INFO:root:第806次迭代，将垃与圾合并
INFO:root:第807次迭代，将承与担合并
INFO:root:第808次迭代，将参与与合并
INFO:root:第809次迭代，将旗与帜合并
INFO:root:第810次迭代，将加与大合并
INFO:root:第811次迭代，将给与予合并
INFO:root:第812次迭代，将岗与位合并
INFO:root:第813次迭代，将围与绕合并
INFO:root:第814次迭代，将女与排合并
INFO:root:第815次迭代，将全与区合并
INFO:root:第816次迭代，将艰与苦合并
INFO:root:第817次迭代，将物与资合并
INFO:root:第818次迭代，将指与数合并
INFO:root:第819次迭代，将北与约合并
INFO:root:第820次迭代，将民与警合并
INFO:root:第821次迭代，将中与亚合并
INFO:root:第822次迭代，将现与场合并
INFO:root:第823次迭代，将总与值合并
INFO:root:第824次迭代，将恢与复合并
INFO:root:第825次迭代，将道与德合并
INFO:root:第826次迭代，将晚与上合并
INFO:root:第827次迭代，将分与别合并
INFO:root:第828次迭代，将确与保合并
INFO:root:第829次迭代，将７与．合并
INFO:root:第830次迭代，将２０与日合并
INFO:root:第831次迭代，将市与委合并
INFO:root:第832次迭代，将．与３合并
INFO:root:第833次迭代，将各与界合并
INFO:root:第834次迭代，将抓与住合并
INFO:root:第835次迭代，将全与体合并
INFO:root:第836次迭代，将发与出合并
INFO:root:第837次迭代，将阿与拉合并
INFO:root:第838次迭代，将如与此合并
INFO:root:第839次迭代，将党与员合并
INFO:root:第840次迭代，将平与方合并
INFO:root:第841次迭代，将钢与琴合并
INFO:root:第842次迭代，将事与故合并
INFO:root:第843次迭代，将新与建合并
INFO:root:第844次迭代，将菜与篮合并
INFO:root:第845次迭代，将菜篮与子合并
INFO:root:第846次迭代，将５与日合并
INFO:root:第847次迭代，将缺与乏合并
INFO:root:第848次迭代，将８与％合并
INFO:root:第849次迭代，将中与介合并
INFO:root:第850次迭代，将劳动与力合并
INFO:root:第851次迭代，将腐与败合并
INFO:root:第852次迭代，将作与风合并
INFO:root:第853次迭代，将百与姓合并
INFO:root:第854次迭代，将正与是合并
INFO:root:第855次迭代，将舆与论合并
INFO:root:第856次迭代，将２与年合并
INFO:root:第857次迭代，将１与日合并
INFO:root:第858次迭代，将上与年合并
INFO:root:第859次迭代，将区与域合并
INFO:root:第860次迭代，将举与办合并
INFO:root:第861次迭代，将人与次合并
INFO:root:第862次迭代，将上与午合并
INFO:root:第863次迭代，将１０与月合并
INFO:root:第864次迭代，将扩与大合并
INFO:root:第865次迭代，将南与非合并
INFO:root:第866次迭代，将道与路合并
INFO:root:第867次迭代，将９与日合并
INFO:root:第868次迭代，将建与房合并
INFO:root:第869次迭代，将导与致合并
INFO:root:第870次迭代，将座与谈合并
INFO:root:第871次迭代，将北与爱合并
INFO:root:第872次迭代，将组与建合并
INFO:root:第873次迭代，将党与派合并
INFO:root:第874次迭代，将务与实合并
INFO:root:第875次迭代，将考与虑合并
INFO:root:第876次迭代，将这与么合并
INFO:root:第877次迭代，将设与立合并
INFO:root:第878次迭代，将当与时合并
INFO:root:第879次迭代，将符与合合并
INFO:root:第880次迭代，将双与拥合并
INFO:root:第881次迭代，将蒙与古合并
INFO:root:第882次迭代，将设与计合并
INFO:root:第883次迭代，将３与６合并
INFO:root:第884次迭代，将必与要合并
INFO:root:第885次迭代，将云与南合并
INFO:root:第886次迭代，将以与后合并
INFO:root:第887次迭代，将坚与决合并
INFO:root:第888次迭代，将西与部合并
INFO:root:第889次迭代，将事与务合并
INFO:root:第890次迭代，将尤与其合并
INFO:root:第891次迭代，将１与年合并
INFO:root:第892次迭代，将此与次合并
INFO:root:第893次迭代，将每与天合并
INFO:root:第894次迭代，将斯与坦合并
INFO:root:第895次迭代，将尊与重合并
INFO:root:第896次迭代，将一与切合并
INFO:root:第897次迭代，将决与策合并
INFO:root:第898次迭代，将４与４合并
INFO:root:第899次迭代，将周与年合并
INFO:root:第900次迭代，将专与门合并
INFO:root:第901次迭代，将做与好合并
INFO:root:第902次迭代，将２与万合并
INFO:root:第903次迭代，将程与度合并
INFO:root:第904次迭代，将总与体合并
INFO:root:第905次迭代，将愿与望合并
INFO:root:第906次迭代，将真与正合并
INFO:root:第907次迭代，将别与人合并
INFO:root:第908次迭代，将只与要合并
INFO:root:第909次迭代，将致与富合并
INFO:root:第910次迭代，将配与合合并
INFO:root:第911次迭代，将团与结合并
INFO:root:第912次迭代，将奋与斗合并
INFO:root:第913次迭代，将核与心合并
INFO:root:第914次迭代，将高与级合并
INFO:root:第915次迭代，将呼与吁合并
INFO:root:第916次迭代，将显与示合并
INFO:root:第917次迭代，将决与心合并
INFO:root:第918次迭代，将来与自合并
INFO:root:第919次迭代，将分与钟合并
INFO:root:第920次迭代，将食与品合并
INFO:root:第921次迭代，将分与子合并
INFO:root:第922次迭代，将总与会合并
INFO:root:第923次迭代，将命与运合并
INFO:root:第924次迭代，将通与胀合并
INFO:root:第925次迭代，将大与型合并
INFO:root:第926次迭代，将总与部合并
INFO:root:第927次迭代，将１６与日合并
INFO:root:第928次迭代，将核与查合并
INFO:root:第929次迭代，将小与组合并
INFO:root:第930次迭代，将消费与者合并
INFO:root:第931次迭代，将收与费合并
INFO:root:第932次迭代，将岁与月合并
INFO:root:第933次迭代，将依与法合并
INFO:root:第934次迭代，将产业与化合并
INFO:root:第935次迭代，将主与持合并
INFO:root:第936次迭代，将邀与请合并
INFO:root:第937次迭代，将担与任合并
INFO:root:第938次迭代，将步与伐合并
INFO:root:第939次迭代，将证与明合并
INFO:root:第940次迭代，将有与力合并
INFO:root:第941次迭代，将总与结合并
INFO:root:第942次迭代，将儿与子合并
INFO:root:第943次迭代，将５与万合并
INFO:root:第944次迭代，将紧与急合并
INFO:root:第945次迭代，将推与出合并
INFO:root:第946次迭代，将南与京合并
INFO:root:第947次迭代，将同与胞合并
INFO:root:第948次迭代，将官与员合并
INFO:root:第949次迭代，将迅与速合并
INFO:root:第950次迭代，将特与区合并
INFO:root:第951次迭代，将贸与易合并
INFO:root:第952次迭代，将大与多合并
INFO:root:第953次迭代，将经与贸合并
INFO:root:第954次迭代，将马与克合并
INFO:root:第955次迭代，将百与分合并
INFO:root:第956次迭代，将母与亲合并
INFO:root:第957次迭代，将外与国合并
INFO:root:第958次迭代，将２１与日合并
INFO:root:第959次迭代，将巴与黎合并
INFO:root:第960次迭代，将戏与剧合并
INFO:root:第961次迭代，将大与部合并
INFO:root:第962次迭代，将四与川合并
INFO:root:第963次迭代，将手与段合并
INFO:root:第964次迭代，将下与来合并
INFO:root:第965次迭代，将创与新合并
INFO:root:第966次迭代，将对与外合并
INFO:root:第967次迭代，将幅与度合并
INFO:root:第968次迭代，将上与升合并
INFO:root:第969次迭代，将舞与台合并
INFO:root:第970次迭代，将优与化合并
INFO:root:第971次迭代，将男与女合并
INFO:root:第972次迭代，将３与０００合并
INFO:root:第973次迭代，将培与养合并
INFO:root:第974次迭代，将利与于合并
INFO:root:第975次迭代，将１与万合并
INFO:root:第976次迭代，将２与００合并
INFO:root:第977次迭代，将在与于合并
INFO:root:第978次迭代，将２与％合并
INFO:root:第979次迭代，将公与布合并
INFO:root:第980次迭代，将９与％合并
INFO:root:第981次迭代，将公与室合并
INFO:root:第982次迭代，将自与身合并
INFO:root:第983次迭代，将协与议合并
INFO:root:第984次迭代，将污与染合并
INFO:root:第985次迭代，将新与型合并
INFO:root:第986次迭代，将企业与家合并
INFO:root:第987次迭代，将同与样合并
INFO:root:第988次迭代，将水与利合并
INFO:root:第989次迭代，将塔与尼亚合并
INFO:root:第990次迭代，将成与本合并
INFO:root:第991次迭代，将承与认合并
INFO:root:第992次迭代，将大与局合并
INFO:root:第993次迭代，将２１与世纪合并
INFO:root:第994次迭代，将面与临合并
INFO:root:第995次迭代，将普与遍合并
INFO:root:第996次迭代，将市与区合并
INFO:root:第997次迭代，将蔬与菜合并
INFO:root:第998次迭代，将爱与国合并
INFO:root:第999次迭代，将事与实合并
INFO:root:第1000次迭代，将前与进合并
INFO:root:[('（', 392), ('|', 115221), ('四', 118), ('）', 392), ('应', 223), ('急', 47), ('、', 2288), ('救', 60), ('助', 101), ('装', 42), ('备', 74), ('的', 5540), ('准', 100), ('；', 262), ('泰', 48), ('森', 28), ('本', 437), ('打', 94), ('算', 51), ('只', 129), ('作', 663), ('为', 940), ('裁', 17), ('判', 55), ('参', 108), ('加', 375), ('比', 181), ('赛', 76), ('，', 7660), ('但', 152), ('中', 1305), ('途', 25), ('杀', 14), ('出', 698), ('了', 1261), ('一', 1778), ('个', 673), ('奥', 40), ('斯', 118), ('汀', 2), ('要', 721), ('与', 339), ('试', 60), ('并', 224), ('当', 289), ('众', 131), ('侮', 2), ('辱', 6), ('手', 160), ('势', 98), ('两', 268), ('人', 1306), ('场', 370), ('发', 708), ('生', 546), ('冲', 24), ('突', 61), ('后', 333), ('决', 207), ('定', 355), ('接', 123), ('受', 148), ('挑', 25), ('战', 189), ('将', 271), ('在', 1401), ('这', 646), ('次', 256), ('摔', 1), ('跤', 1), ('斗', 57), ('以', 642), ('口', 158), ('闷', 2), ('气', 140), ('。', 3697), ('因', 190), ('咬', 2), ('伤', 19), ('霍', 3), ('利', 274), ('菲', 16), ('尔', 120), ('德', 100), ('耳', 23), ('朵', 3), ('而', 294), ('被', 103), ('吊', 5), ('销', 68), ('拳', 2), ('击', 33), ('执', 55), ('照', 67), ('今', 196), ('年', 1165), ('７', 307), ('月', 353), ('他', 437), ('可', 270), ('申', 21), ('请', 62), ('恢', 15), ('复', 49), ('树', 52), ('立', 198), ('良', 54), ('好', 271), ('职', 152), ('业', 757), ('道', 260), ('和', 1155), ('敬', 15), ('精', 133), ('神', 130), ('胜', 40), ('各', 282), ('种', 256), ('错', 19), ('误', 24), ('思', 113), ('想', 144), ('意', 171), ('识', 91), ('干', 171), ('扰', 9), ('强', 223), ('学', 362), ('习', 67), ('提', 259), ('高', 432), ('自', 357), ('己', 102), ('努', 54), ('力', 387), ('成', 530), ('优', 92), ('秀', 32), ('先', 160), ('进', 543), ('传', 109), ('播', 46), ('者', 423), ('产', 460), ('品', 215), ('做', 118), ('艺', 93), ('双', 66), ('馨', 7), ('文', 315), ('工', 634), ('邓', 46), ('小', 248), ('平', 259), ('同', 430), ('志', 148), ('“', 823), ('务', 328), ('实', 503), ('”', 820), ('著', 27), ('称', 51), ('于', 410), ('世', 209), ('领', 196), ('导', 242), ('改', 263), ('革', 162), ('开', 390), ('放', 163), ('社', 334), ('会', 855), ('主', 482), ('义', 163), ('现', 414), ('代', 243), ('化', 344), ('建', 486), ('设', 280), ('践', 32), ('总', 307), ('是', 1226), ('从', 292), ('确', 114), ('我', 529), ('们', 542), ('站', 55), ('什', 54), ('么', 109), ('位', 286), ('置', 51), ('考', 75), ('虑', 16), ('问', 268), ('题', 249), ('指', 176), ('：', 326), ('界', 182), ('大', 1132), ('转', 76), ('折', 10), ('就', 347), ('机', 350), ('遇', 37), ('都', 247), ('说', 320), ('‘', 11), ('亚', 175), ('洲', 81), ('太', 48), ('洋', 45), ('纪', 126), ('’', 16), ('？', 113), ('过', 380), ('去', 217), ('上', 796), ('不', 977), ('足', 64), ('下', 425), ('有', 1111), ('余', 52), ('也', 358), ('搞', 37), ('扶', 70), ('贫', 121), ('济', 329), ('困', 142), ('用', 308), ('钱', 75), ('振', 27), ('臂', 4), ('呼', 44), ('能', 313), ('解', 224), ('令', 41), ('感', 100), ('动', 441), ('听', 31), ('到', 559), ('幸', 10), ('福', 50), ('程', 188), ('消', 82), ('息', 65), ('天', 319), ('津', 33), ('绿', 32), ('使', 202), ('公', 418), ('司', 223), ('率', 92), ('捐', 25), ('１', 1272), ('０', 889), ('万', 292), ('元', 299), ('然', 183), ('卡', 30), ('夫', 48), ('美', 332), ('３', 424), ('山', 173), ('东', 196), ('孔', 13), ('府', 172), ('家', 609), ('酒', 27), ('计', 205), ('划', 102), ('育', 145), ('系', 204), ('统', 202), ('地', 738), ('启', 21), ('９', 771), ('半', 62), ('已', 211), ('投', 121), ('入', 265), ('资', 274), ('金', 272), ('近', 154), ('２', 577), ('项', 173), ('目', 243), ('点', 231), ('５', 403), ('母', 26), ('亲', 79), ('离', 38), ('需', 102), ('数', 125), ('还', 237), ('差', 34), ('得', 296), ('远', 72), ('坐', 18), ('组', 183), ('委', 238), ('任', 219), ('子', 249), ('心', 263), ('里', 274), ('很', 100), ('着', 252), ('益', 115), ('款', 89), ('多', 453), ('又', 125), ('张', 159), ('朝', 21), ('别', 126), ('６', 341), ('留', 45), ('给', 118), ('件', 152), ('古', 55), ('瓷', 3), ('器', 58), ('拍', 41), ('卖', 58), ('扣', 5), ('除', 57), ('续', 102), ('费', 147), ('等', 320), ('剩', 8), ('尽', 55), ('之', 281), ('所', 249), ('吧', 8), ('时', 518), ('外', 267), ('国', 1675), ('记', 325), ('你', 81), ('西', 200), ('痛', 17), ('吗', 18), ('看', 159), ('见', 123), ('那', 147), ('更', 161), ('况', 89), ('且', 64), ('妈', 15), ('教', 195), ('勤', 21), ('俭', 1), ('爱', 85), ('她', 78), ('支', 129), ('持', 185), ('父', 18), ('把', 188), ('宅', 6), ('院', 204), ('房', 155), ('办', 174), ('起', 243), ('托', 30), ('儿', 67), ('帮', 55), ('顾', 33), ('重', 383), ('私', 37), ('财', 71), ('颗', 4), ('博', 22), ('符', 16), ('合', 317), ('老', 161), ('贯', 27), ('海', 279), ('南', 225), ('－', 17), ('．', 209), ('日', 572), ('８', 332), ('巴', 75), ('黎', 27), ('春', 97), ('夏', 25), ('季', 23), ('展', 424), ('女', 135), ('部', 584), ('分', 367), ('结', 188), ('束', 31), ('许', 76), ('师', 61), ('调', 203), ('雕', 8), ('塑', 21), ('对', 570), ('性', 188), ('戏', 28), ('剧', 118), ('色', 104), ('彩', 33), ('颇', 12), ('具', 109), ('新', 593), ('图', 133), ('埃', 9), ('曼', 16), ('纽', 14), ('面', 308), ('列', 84), ('体', 355), ('事', 336), ('附', 43), ('片', 107), ('河', 81), ('军', 260), ('民', 658), ('４', 327), ('带', 101), ('窗', 8), ('示', 104), ('范', 84), ('拥', 45), ('明', 253), ('共', 169), ('饭', 29), ('馆', 34), ('旅', 55), ('商', 157), ('店', 31), ('油', 72), ('修', 49), ('理', 425), ('服', 136), ('网', 56), ('坚', 91), ('往', 67), ('车', 186), ('沿', 26), ('驻', 28), ('则', 74), ('难', 154), ('找', 30), ('牌', 36), ('防', 116), ('处', 139), ('表', 269), ('正', 184), ('火', 49), ('原', 155), ('查', 119), ('科', 215), ('技', 185), ('拜', 26), ('据', 162), ('央', 131), ('象', 75), ('台', 146), ('供', 101), ('信', 147), ('未', 62), ('来', 569), ('由', 208), ('没', 124), ('较', 80), ('冷', 24), ('空', 71), ('影', 93), ('响', 84), ('北', 281), ('方', 415), ('区', 413), ('温', 45), ('回', 122), ('升', 47), ('暖', 33), ('湿', 16), ('流', 118), ('预', 50), ('夜', 29), ('间', 183), ('白', 60), ('藏', 45), ('青', 84), ('川', 22), ('贵', 35), ('州', 87), ('及', 205), ('江', 168), ('雪', 39), ('或', 104), ('雨', 24), ('夹', 2), ('华', 259), ('晴', 3), ('云', 46), ('渤', 10), ('黄', 69), ('―', 276), ('级', 137), ('偏', 19), ('风', 156), ('最', 230), ('姐', 4), ('告', 71), ('诉', 36), ('周', 138), ('围', 62), ('星', 51), ('期', 199), ('内', 248), ('三', 233), ('骗', 6), ('细', 25), ('段', 83), ('警', 93), ('惕', 5), ('欲', 10), ('贪', 11), ('缺', 35), ('少', 152), ('常', 114), ('迷', 15), ('录', 32), ('醒', 15), ('注', 65), ('引', 88), ('戒', 2), ('晚', 72), ('长', 502), ('游', 97), ('蒙', 21), ('前', 347), ('锋', 12), ('降', 62), ('℃', 3), ('淮', 7), ('局', 147), ('王', 104), ('纲', 4), ('敏', 17), ('追', 21), ('求', 154), ('涨', 22), ('跌', 34), ('幅', 45), ('研', 132), ('究', 112), ('断', 62), ('向', 244), ('标', 124), ('迈', 19), ('压', 32), ('创', 113), ('晋', 8), ('安', 196), ('沟', 11), ('路', 174), ('基', 191), ('填', 8), ('达', 202), ('米', 70), ('采', 98), ('筋', 7), ('土', 53), ('挡', 6), ('墙', 8), ('桥', 45), ('深', 130), ('墩', 6), ('特', 235), ('钢', 28), ('薄', 12), ('壁', 3), ('钻', 8), ('灌', 4), ('桩', 4), ('型', 88), ('式', 141), ('样', 128), ('涵', 9), ('洞', 11), ('论', 133), ('施', 138), ('法', 329), ('行', 635), ('拓', 23), ('验', 70), ('堤', 11), ('速', 89), ('史', 115), ('关', 408), ('活', 231), ('报', 367), ('情', 185), ('频', 11), ('繁', 38), ('适', 50), ('登', 24), ('载', 10), ('些', 235), ('此', 198), ('类', 61), ('完', 111), ('全', 568), ('必', 105), ('走', 103), ('交', 214), ('通', 262), ('肇', 5), ('估', 12), ('石', 70), ('量', 169), ('均', 73), ('每', 109), ('・', 96), ('％', 187), ('至', 127), ('桶', 4), ('煤', 27), ('增', 250), ('亿', 104), ('吨', 24), ('度', 263), ('泽', 64), ('宣', 65), ('议', 187), ('稠', 2), ('田', 46), ('滇', 3), ('泥', 3), ('乌', 17), ('僻', 2), ('闭', 21), ('塞', 24), ('镇', 81), ('隶', 5), ('属', 43), ('富', 68), ('源', 83), ('县', 147), ('昆', 38), ('铁', 46), ('第', 252), ('条', 147), ('狭', 5), ('窄', 2), ('简', 29), ('易', 81), ('便', 69), ('经', 569), ('落', 105), ('十', 268), ('欧', 72), ('陆', 28), ('集', 149), ('箱', 11), ('运', 144), ('激', 36), ('即', 68), ('制', 371), ('概', 14), ('营', 101), ('揽', 4), ('测', 35), ('九', 95), ('八', 86), ('收', 180), ('六', 50), ('千', 65), ('景', 59), ('百', 131), ('二', 159), ('名', 182), ('岗', 65), ('敦', 11), ('促', 59), ('董', 21), ('员', 334), ('书', 152), ('节', 138), ('格', 135), ('…', 56), ('初', 64), ('冬', 28), ('届', 57), ('徐', 39), ('柏', 16), ('玉', 28), ('毛', 15), ('遂', 3), ('荐', 3), ('濒', 3), ('临', 56), ('倒', 21), ('校', 80), ('厂', 74), ('始', 83), ('充', 54), ('满', 57), ('艰', 26), ('辛', 9), ('跋', 2), ('涉', 19), ('推', 106), ('货', 65), ('维', 65), ('管', 242), ('捡', 1), ('破', 70), ('烂', 10), ('累', 30), ('脏', 9), ('险', 61), ('马', 108), ('电', 329), ('热', 74), ('水', 280), ('瓶', 11), ('圳', 6), ('市', 606), ('限', 63), ('席', 110), ('庆', 50), ('典', 30), ('蔡', 5), ('纸', 24), ('《', 175), ('》', 175), ('取', 198), ('衷', 9), ('祝', 31), ('贺', 22), ('希', 48), ('望', 96), ('继', 76), ('弘', 3), ('扬', 31), ('友', 60), ('谊', 11), ('峡', 22), ('岸', 48), ('层', 73), ('楼', 33), ('旦', 37), ('京', 219), ('舞', 48), ('迎', 44), ('音', 63), ('乐', 100), ('纷', 33), ('呈', 19), ('丝', 7), ('竹', 21), ('潮', 26), ('协', 134), ('奏', 7), ('曲', 35), ('却', 53), ('璧', 2), ('形', 160), ('族', 145), ('独', 37), ('队', 186), ('享', 22), ('李', 139), ('护', 88), ('权', 95), ('村', 166), ('毅', 11), ('构', 131), ('其', 254), ('誉', 20), ('侵', 12), ('害', 31), ('淄', 3), ('讼', 8), ('该', 104), ('案', 85), ('辖', 13), ('龙', 47), ('驶', 9), ('快', 88), ('整', 130), ('政', 472), ('策', 92), ('略', 55), ('布', 120), ('退', 29), ('缩', 23), ('线', 104), ('散', 18), ('尺', 3), ('抓', 69), ('紧', 69), ('清', 122), ('超', 51), ('容', 46), ('效', 100), ('停', 56), ('严', 95), ('控', 34), ('般', 26), ('腾', 12), ('术', 201), ('造', 127), ('培', 52), ('讯', 75), ('香', 89), ('港', 96), ('寿', 27), ('保', 217), ('印', 30), ('证', 122), ('专', 121), ('守', 40), ('咖', 9), ('啡', 9), ('园', 42), ('顷', 4), ('果', 119), ('豆', 4), ('男', 33), ('英', 67), ('语', 26), ('班', 67), ('牙', 21), ('观', 139), ('介', 57), ('绍', 34), ('植', 32), ('毫', 12), ('壤', 6), ('灰', 4), ('拔', 17), ('摄', 55), ('氏', 8), ('左', 26), ('右', 15), ('哥', 21), ('丰', 57), ('遍', 25), ('林', 111), ('飞', 64), ('首', 138), ('圣', 20), ('何', 95), ('坡', 20), ('披', 3), ('浅', 3), ('牧', 10), ('蕉', 3), ('甘', 12), ('蔗', 1), ('墨', 8), ('纵', 8), ('横', 10), ('序', 24), ('占', 61), ('积', 111), ('沙', 24), ('滩', 6), ('松', 21), ('软', 12), ('岛', 16), ('湾', 44), ('侧', 8), ('勒', 19), ('低', 81), ('沼', 2), ('／', 12), ('物', 149), ('沃', 14), ('球', 88), ('仅', 98), ('花', 83), ('卉', 5), ('蝴', 1), ('蝶', 1), ('愧', 3), ('吴', 34), ('邦', 27), ('劳', 90), ('伯', 15), ('勇', 19), ('访', 64), ('荷', 9), ('兰', 46), ('签', 27), ('署', 38), ('忘', 36), ('梅', 13), ('克', 114), ('相', 173), ('互', 39), ('真', 108), ('阁', 5), ('批', 97), ('措', 60), ('极', 121), ('送', 104), ('献', 57), ('党', 255), ('广', 150), ('群', 124), ('跳', 13), ('刀', 10), ('阔', 8), ('斧', 1), ('卓', 4), ('尚', 30), ('善', 66), ('如', 163), ('选', 120), ('际', 133), ('锤', 4), ('偶', 5), ('尤', 15), ('滴', 8), ('养', 69), ('连', 80), ('随', 55), ('盲', 8), ('亦', 6), ('漓', 7), ('头', 114), ('赐', 4), ('予', 34), ('桂', 8), ('综', 31), ('兴', 86), ('灵', 24), ('亩', 25), ('覆', 6), ('盖', 24), ('歧', 5), ('距', 14), ('塘', 6), ('沽', 3), ('单', 147), ('危', 50), ('另', 34), ('变', 116), ('企', 288), ('存', 70), ('环', 75), ('境', 73), ('早', 54), ('轮', 21), ('承', 67), ('包', 54), ('份', 66), ('规', 168), ('章', 53), ('纳', 47), ('税', 42), ('够', 44), ('挥', 53), ('价', 172), ('它', 98), ('杠', 2), ('杆', 3), ('监', 70), ('督', 46), ('竞', 48), ('争', 136), ('汇', 54), ('闻', 70), ('胸', 2), ('襟', 1), ('雅', 12), ('俗', 6), ('读', 53), ('认', 174), ('赞', 40), ('赏', 13), ('彦', 1), ('淑', 4), ('虎', 45), ('画', 33), ('慕', 12), ('凌', 15), ('病', 47), ('医', 96), ('治', 190), ('无', 149), ('逝', 8), ('岁', 51), ('根', 87), ('潘', 18), ('凯', 13), ('越', 80), ('减', 52), ('购', 52), ('买', 42), ('融', 117), ('健', 59), ('康', 43), ('罗', 106), ('刘', 90), ('儒', 4), ('庭', 43), ('城', 165), ('威', 28), ('尼', 67), ('光', 95), ('丽', 33), ('织', 96), ('居', 62), ('乡', 162), ('迁', 10), ('身', 93), ('钟', 46), ('祥', 12), ('捆', 2), ('黑', 29), ('假', 33), ('室', 37), ('休', 17), ('非', 82), ('震', 51), ('撼', 3), ('『', 84), ('』', 84), ('像', 47), ('模', 73), ('额', 54), ('润', 11), ('刺', 8), ('秋', 21), ('士', 64), ('联', 202), ('粗', 13), ('约', 85), ('抗', 50), ('欢', 44), ('仪', 28), ('诺', 22), ('蒂', 4), ('授', 23), ('荣', 55), ('字', 78), ('勋', 5), ('抵', 17), ('举', 145), ('谈', 115), ('矿', 29), ('绩', 16), ('佩', 10), ('功', 75), ('步', 131), ('住', 136), ('遵', 14), ('门', 188), ('鉴', 14), ('厚', 31), ('省', 215), ('质', 129), ('污', 26), ('染', 27), ('状', 45), ('普', 50), ('伟', 41), ('胡', 37), ('副', 126), ('沉', 22), ('敌', 15), ('捕', 10), ('刻', 34), ('铮', 2), ('誓', 3), ('言', 43), ('！', 72), ('牢', 7), ('铿', 2), ('锵', 1), ('号', 35), ('似', 15), ('咚', 2), ('鼓', 26), ('敲', 8), ('红', 68), ('岩', 14), ('泪', 9), ('昂', 5), ('雷', 27), ('鸣', 10), ('吼', 5), ('声', 56), ('死', 9), ('刚', 33), ('烈', 30), ('屠', 3), ('蒋', 11), ('壮', 17), ('愚', 3), ('昧', 1), ('知', 81), ('丛', 2), ('版', 56), ('梁', 27), ('拖', 9), ('拉', 107), ('迹', 15), ('曾', 49), ('农', 258), ('尊', 23), ('静', 13), ('阿', 52), ('盟', 38), ('值', 101), ('莱', 11), ('坦', 28), ('援', 17), ('扫', 8), ('卿', 20), ('扎', 27), ('材', 53), ('料', 66), ('检', 65), ('勘', 11), ('泊', 4), ('航', 38), ('舰', 4), ('艇', 12), ('淌', 2), ('晶', 18), ('莹', 3), ('灼', 1), ('扉', 1), ('昏', 5), ('陪', 5), ('泛', 12), ('舟', 5), ('葱', 4), ('翠', 5), ('绕', 20), ('鹅', 2), ('径', 10), ('擎', 1), ('炬', 2), ('叹', 7), ('夸', 9), ('昨', 14), ('贡', 26), ('趋', 23), ('异', 15), ('固', 28), ('依', 53), ('赖', 12), ('握', 23), ('玫', 1), ('瑰', 3), ('失', 65), ('话', 160), ('柔', 4), ('轻', 46), ('凝', 12), ('视', 104), ('夕', 16), ('波', 69), ('竟', 18), ('蓝', 17), ('让', 57), ('忧', 11), ('郁', 5), ('惶', 2), ('惑', 4), ('豪', 10), ('摇', 11), ('篮', 23), ('坟', 2), ('墓', 3), ('障', 29), ('帝', 7), ('羡', 5), ('甚', 25), ('宜', 22), ('反', 97), ('切', 74), ('朋', 16), ('征', 30), ('伍', 28), ('浙', 12), ('湖', 38), ('佳', 23), ('杰', 22), ('冠', 18), ('盛', 37), ('评', 73), ('宋', 9), ('晓', 14), ('户', 80), ('触', 11), ('哪', 23), ('底', 45), ('座', 52), ('垛', 2), ('宽', 13), ('谢', 37), ('萍', 7), ('汤', 5), ('澳', 30), ('探', 36), ('索', 27), ('跃', 25), ('彰', 11), ('编', 45), ('荆', 5), ('阴', 10), ('终', 49), ('笼', 8), ('罩', 3), ('劝', 8), ('孙', 26), ('拒', 16), ('曹', 11), ('操', 18), ('仗', 8), ('边', 60), ('武', 75), ('败', 31), ('麦', 13), ('丢', 3), ('礼', 54), ('貌', 35), ('拨', 10), ('乱', 18), ('巨', 34), ('五', 154), ('柳', 4), ('绽', 1), ('嫩', 5), ('叶', 34), ('芽', 6), ('候', 55), ('琴', 19), ('洛', 18), ('杉', 3), ('矶', 1), ('帷', 1), ('幕', 13), ('姿', 7), ('珠', 16), ('唯', 22), ('念', 61), ('缔', 3), ('澄', 4), ('厅', 22), ('厦', 17), ('鹭', 3), ('栖', 3), ('止', 40), ('勃', 16), ('团', 148), ('宗', 33), ('旨', 11), ('演', 71), ('芭', 1), ('蕾', 3), ('蹈', 9), ('态', 62), ('针', 49), ('彻', 30), ('洪', 21), ('汛', 2), ('灾', 99), ('旱', 1), ('懈', 7), ('溉', 1), ('饮', 12), ('七', 40), ('域', 42), ('荒', 2), ('哗', 2), ('啦', 4), ('耶', 5), ('撒', 9), ('戚', 3), ('塔', 36), ('获', 60), ('渡', 13), ('苏', 39), ('丹', 15), ('伊', 61), ('喀', 1), ('隆', 14), ('邻', 7), ('乍', 2), ('桑', 10), ('戈', 3), ('吉', 17), ('官', 70), ('奉', 16), ('角', 27), ('抑', 8), ('邮', 24), ('炭', 2), ('输', 42), ('觅', 2), ('仑', 1), ('草', 29), ('鼻', 5), ('喉', 2), ('疾', 6), ('瞬', 1), ('倍', 20), ('胀', 31), ('幻', 2), ('皮', 10), ('腹', 5), ('爆', 14), ('庞', 11), ('某', 46), ('泡', 11), ('粱', 2), ('梦', 12), ('沫', 9), ('乃', 13), ('短', 29), ('虚', 24), ('汪', 9), ('昭', 3), ('暨', 3), ('辞', 13), ('历', 122), ('恶', 7), ('劣', 8), ('湘', 11), ('租', 18), ('汽', 35), ('叉', 7), ('撞', 8), ('闯', 6), ('灯', 38), ('骑', 5), ('腿', 6), ('骨', 15), ('疗', 37), ('押', 10), ('垫', 2), ('付', 31), ('药', 51), ('久', 48), ('赔', 11), ('偿', 20), ('负', 56), ('责', 75), ('故', 43), ('怎', 29), ('裕', 13), ('脑', 40), ('瀛', 1), ('稳', 71), ('致', 92), ('伙', 18), ('伴', 15), ('斌', 12), ('谋', 14), ('旧', 26), ('遗', 22), ('遭', 15), ('抨', 1), ('银', 79), ('损', 35), ('怀', 24), ('疑', 15), ('透', 14), ('否', 28), ('聪', 5), ('再', 110), ('娇', 1), ('惯', 11), ('吃', 50), ('苦', 44), ('楚', 13), ('菜', 55), ('瓜', 6), ('椒', 5), ('逢', 7), ('寒', 27), ('暑', 2), ('挖', 8), ('拾', 3), ('凑', 5), ('齐', 22), ('杂', 19), ('汉', 47), ('招', 31), ('待', 64), ('舍', 7), ('△', 3), ('杭', 4), ('暂', 8), ('审', 54), ('稿', 18), ('叫', 28), ('阜', 3), ('察', 53), ('冀', 1), ('端', 14), ('旋', 7), ('封', 30), ('函', 3), ('陈', 58), ('碍', 11), ('仍', 39), ('辍', 1), ('订', 24), ('阅', 5), ('赠', 10), ('街', 37), ('闹', 6), ('禽', 7), ('映', 24), ('眼', 45), ('帘', 2), ('茵', 2), ('芹', 4), ('菠', 1), ('柿', 2), ('辣', 4), ('萝', 2), ('卜', 2), ('紫', 2), ('茄', 2), ('纯', 18), ('板', 19), ('祖', 42), ('曦', 3), ('股', 108), ('疆', 13), ('吐', 6), ('鲁', 25), ('番', 12), ('木', 30), ('币', 49), ('贷', 38), ('阶', 45), ('几', 120), ('绪', 4), ('滋', 7), ('须', 68), ('脱', 32), ('背', 16), ('欠', 3), ('才', 76), ('愿', 53), ('归', 34), ('律', 53), ('脚', 15), ('踏', 6), ('微', 30), ('您', 8), ('脉', 3), ('练', 25), ('梨', 3), ('味', 19), ('尝', 10), ('嘛', 4), ('哑', 2), ('穴', 4), ('趣', 9), ('课', 27), ('觉', 32), ('讲', 81), ('肤', 2), ('呢', 26), ('崇', 12), ('匠', 3), ('奖', 51), ('呆', 10), ('览', 13), ('敞', 2), ('架', 30), ('售', 56), ('脊', 2), ('瘾', 1), ('巧', 6), ('栏', 16), ('篇', 26), ('写', 53), ('块', 11), ('脆', 4), ('弟', 14), ('答', 12), ('句', 14), ('疚', 2), ('咱', 8), ('俩', 3), ('翼', 10), ('浇', 4), ('汾', 1), ('禄', 9), ('熟', 16), ('悉', 24), ('簇', 2), ('钥', 4), ('匙', 4), ('配', 64), ('述', 30), ('邢', 6), ('贲', 1), ('详', 1), ('阐', 5), ('释', 9), ('笔', 32), ('畅', 7), ('既', 39), ('衔', 4), ('虽', 32), ('奋', 30), ('午', 34), ('唐', 13), ('卫', 46), ('宝', 23), ('票', 55), ('返', 10), ('聚', 25), ('踊', 5), ('忠', 19), ('灿', 4), ('徽', 10), ('契', 3), ('趁', 1), ('核', 54), ('按', 73), ('训', 37), ('硬', 14), ('倾', 11), ('延', 16), ('俄', 58), ('哈', 32), ('兹', 5), ('屈', 5), ('尹', 2), ('俊', 18), ('邱', 4), ('佤', 1), ('卢', 20), ('彝', 6), ('戴', 16), ('宇', 14), ('嘉', 19), ('廷', 16), ('牛', 24), ('尧', 2), ('炳', 4), ('萱', 1), ('虹', 5), ('宾', 23), ('吹', 6), ('迫', 14), ('旬', 6), ('顿', 45), ('讨', 26), ('直', 97), ('蛮', 4), ('酋', 1), ('恪', 4), ('崔', 14), ('沈', 22), ('阳', 60), ('毕', 14), ('驰', 4), ('弃', 13), ('挤', 13), ('殖', 23), ('猪', 16), ('废', 13), ('显', 60), ('玲', 2), ('氛', 15), ('浓', 18), ('晨', 13), ('冒', 12), ('零', 14), ('庄', 21), ('旗', 41), ('巷', 7), ('筑', 21), ('飘', 6), ('娱', 4), ('氢', 2), ('颜', 9), ('荡', 19), ('赵', 24), ('衡', 17), ('铜', 6), ('仁', 21), ('郑', 24), ('吩', 1), ('咐', 1), ('惠', 16), ('密', 46), ('喜', 35), ('丸', 1), ('床', 10), ('奶', 20), ('食', 53), ('榜', 6), ('递', 9), ('迟', 15), ('俞', 4), ('莆', 1), ('欣', 9), ('∶', 24), ('宏', 23), ('剑', 2), ('客', 69), ('冶', 5), ('戊', 1), ('寅', 3), ('恩', 41), ('永', 45), ('舸', 2), ('吾', 4), ('宫', 17), ('韩', 20), ('轧', 3), ('赶', 24), ('坯', 1), ('免', 26), ('奎', 3), ('旁', 8), ('犯', 54), ('罪', 39), ('偷', 5), ('拆', 9), ('谷', 11), ('嫌', 11), ('褚', 14), ('攻', 22), ('崩', 1), ('溃', 1), ('烟', 33), ('乔', 11), ('账', 32), ('嚣', 1), ('焰', 2), ('违', 34), ('弱', 18), ('狠', 5), ('枚', 6), ('镀', 1), ('含', 17), ('栩', 6), ('肖', 8), ('摆', 19), ('套', 34), ('裂', 6), ('磨', 9), ('挣', 5), ('命', 88), ('麻', 5), ('混', 5), ('捍', 2), ('纠', 7), ('葛', 4), ('寻', 26), ('借', 19), ('畴', 2), ('刊', 25), ('辟', 9), ('诸', 11), ('彼', 7), ('亟', 2), ('辑', 9), ('描', 8), ('乏', 16), ('穿', 14), ('析', 23), ('哲', 19), ('陷', 13), ('卷', 9), ('杜', 10), ('宁', 27), ('遥', 7), ('郡', 1), ('夯', 2), ('垣', 1), ('扩', 33), ('庙', 10), ('殿', 5), ('寺', 18), ('排', 86), ('铺', 9), ('羁', 2), ('鞍', 2), ('恒', 6), ('挂', 16), ('稽', 5), ('殊', 16), ('喇', 1), ('叭', 1), ('邵', 1), ('棘', 2), ('顶', 13), ('毁', 8), ('摘', 5), ('姓', 21), ('秩', 8), ('疏', 12), ('秦', 12), ('顺', 32), ('⑥', 1), ('矮', 1), ('寨', 10), ('狮', 5), ('爬', 2), ('桌', 9), ('汝', 6), ('堂', 30), ('岭', 10), ('储', 13), ('鸽', 2), ('阵', 16), ('刷', 5), ('掠', 2), ('尖', 5), ('匆', 9), ('智', 18), ('慧', 8), ('冰', 26), ('慰', 19), ('朱', 19), ('刮', 3), ('衰', 8), ('棣', 3), ('络', 24), ('缴', 4), ('‰', 1), ('滞', 6), ('犹', 5), ('刹', 3), ('雄', 14), ('嵌', 1), ('镶', 1), ('峻', 7), ('铸', 3), ('撤', 17), ('插', 11), ('补', 24), ('召', 35), ('俱', 2), ('轨', 15), ('逾', 4), ('袋', 8), ('贸', 38), ('屏', 15), ('粮', 29), ('肉', 13), ('蛋', 7), ('V', 1), ('兼', 37), ('臣', 13), ('孟', 7), ('泉', 10), ('替', 13), ('亮', 29), ('焦', 10), ('缓', 15), ('腐', 20), ('摒', 1), ('唱', 17), ('靠', 28), ('轰', 6), ('敢', 20), ('袱', 4), ('坏', 21), ('溪', 8), ('慈', 2), ('屋', 13), ('换', 26), ('例', 34), ('秉', 3), ('蓉', 18), ('浦', 10), ('沪', 5), ('茜', 2), ('锁', 7), ('奢', 3), ('侈', 2), ('档', 11), ('诚', 26), ('谓', 14), ('缚', 4), ('漫', 11), ('坪', 4), ('Ａ', 13), ('Ｄ', 12), ('Ｔ', 7), ('盗', 22), ('拿', 33), ('邹', 8), ('浩', 14), ('券', 35), ('童', 16), ('截', 14), ('翻', 9), ('弹', 10), ('肯', 20), ('宴', 8), ('盘', 28), ('杯', 12), ('茶', 24), ('糖', 4), ('恰', 2), ('谐', 3), ('籍', 9), ('裔', 3), ('掌', 19), ('浪', 17), ('喝', 16), ('井', 8), ('驾', 8), ('砺', 1), ('债', 40), ('掉', 18), ('廉', 20), ('罚', 20), ('睡', 9), ('喊', 3), ('摩', 19), ('派', 51), ('岂', 4), ('躺', 4), ('歇', 7), ('凉', 7), ('谁', 32), ('啊', 6), ('末', 17), ('淀', 8), ('淤', 2), ('燃', 11), ('船', 25), ('哄', 2), ('抢', 18), ('窃', 2), ('珀', 1), ('锦', 20), ('胆', 17), ('凭', 8), ('忌', 4), ('键', 21), ('瞪', 3), ('啤', 12), ('腰', 3), ('妇', 37), ('甸', 6), ('裹', 2), ('崭', 2), ('棉', 16), ('芳', 15), ('纺', 10), ('颁', 10), ('莎', 2), ('婚', 4), ('堪', 6), ('泳', 7), ('邀', 19), ('绝', 33), ('怕', 13), ('邪', 1), ('搜', 5), ('素', 69), ('Ｃ', 17), ('欺', 7), ('诈', 4), ('忍', 6), ('谦', 5), ('逊', 2), ('册', 15), ('赤', 12), ('庶', 1), ('矛', 19), ('盾', 22), ('携', 5), ('跨', 20), ('Ｌ', 4), ('捷', 13), ('坠', 3), ('库', 26), ('残', 7), ('尸', 1), ('惊', 13), ('伦', 11), ('厄', 1), ('盆', 11), ('栽', 5), ('棚', 12), ('牡', 6), ('菏', 2), ('兵', 57), ('芍', 1), ('苗', 9), ('催', 3), ('彭', 10), ('鞋', 5), ('移', 27), ('杨', 33), ('擅', 3), ('担', 50), ('侦', 7), ('逐', 25), ('吕', 7), ('棠', 3), ('萎', 1), ('漆', 2), ('伏', 4), ('霞', 4), ('舒', 6), ('役', 9), ('窘', 1), ('凸', 1), ('郭', 13), ('龄', 15), ('磋', 3), ('侠', 3), ('荟', 1), ('萃', 3), ('煌', 11), ('荧', 4), ('伐', 14), ('兑', 4), ('滚', 2), ('跑', 9), ('拟', 5), ('Ｇ', 4), ('Ｓ', 6), ('Ｍ', 30), ('燮', 1), ('野', 24), ('幢', 1), ('屹', 2), ('斥', 2), ('盐', 2), ('嘴', 9), ('禁', 9), ('毒', 17), ('秘', 25), ('摸', 6), ('吸', 28), ('咽', 2), ('割', 7), ('滑', 11), ('堆', 7), ('罕', 3), ('塌', 4), ('锚', 2), ('愤', 3), ('亏', 12), ('盼', 10), ('伺', 1), ('辅', 4), ('遣', 5), ('赢', 9), ('阻', 17), ('御', 4), ('莫', 20), ('灭', 13), ('顽', 6), ('巩', 11), ('鲜', 28), ('桃', 4), ('耗', 10), ('拼', 12), ('劲', 19), ('甲', 7), ('喻', 4), ('耕', 7), ('耘', 2), ('溯', 4), ('碧', 7), ('泻', 1), ('瀑', 1), ('若', 18), ('兔', 2), ('洁', 20), ('净', 9), ('邈', 2), ('抬', 6), ('莽', 6), ('苍', 7), ('剪', 2), ('贴', 9), ('亘', 1), ('耸', 1), ('绵', 8), ('谜', 2), ('堵', 7), ('檐', 1), ('赃', 3), ('岚', 12), ('笑', 16), ('剖', 1), ('碰', 2), ('脸', 13), ('僚', 4), ('烧', 8), ('佛', 13), ('励', 13), ('媒', 17), ('曝', 1), ('奇', 14), ('聋', 2), ('诊', 13), ('窦', 1), ('炎', 3), ('灸', 2), ('剂', 8), ('愈', 7), ('遨', 1), ('弄', 10), ('鼎', 6), ('址', 6), ('旭', 3), ('紊', 1), ('睛', 2), ('瞌', 1), ('歌', 30), ('吟', 4), ('诱', 3), ('倩', 2), ('隐', 11), ('狂', 10), ('咆', 2), ('哮', 2), ('怒', 6), ('撕', 3), ('扯', 3), ('恣', 1), ('酷', 4), ('碎', 4), ('蔑', 1), ('惩', 4), ('疯', 1), ('魄', 2), ('亡', 10), ('筹', 22), ('冯', 7), ('辰', 9), ('昌', 20), ('珍', 18), ('闵', 2), ('叔', 7), ('骅', 1), ('姜', 8), ('岳', 7), ('峰', 14), ('栋', 11), ('懋', 2), ('龚', 4), ('娟', 3), ('蓓', 2), ('衍', 1), ('圈', 6), ('痴', 4), ('恭', 4), ('仔', 5), ('避', 22), ('倡', 15), ('惜', 5), ('牺', 5), ('牲', 5), ('朗', 14), ('贾', 6), ('掘', 3), ('镜', 12), ('忙', 18), ('诞', 14), ('廊', 8), ('肃', 13), ('浴', 3), ('洗', 17), ('澡', 1), ('夺', 14), ('淋', 2), ('喷', 3), ('缝', 3), ('凡', 13), ('奴', 3), ('闲', 6), ('饱', 15), ('悲', 4), ('募', 3), ('赈', 4), ('履', 8), ('②', 1), ('扭', 9), ('秧', 4), ('晔', 3), ('彪', 3), ('Ｎ', 2), ('Ｅ', 2), ('Ｐ', 4), ('Ｒ', 4), ('Ｏ', 11), ('Ｂ', 11), ('碟', 1), ('琼', 6), ('浆', 5), ('幽', 2), ('涧', 1), ('韵', 4), ('氧', 15), ('碳', 5), ('患', 12), ('曙', 1), ('辨', 3), ('谨', 4), ('胞', 21), ('挚', 5), ('渔', 7), ('抛', 7), ('瞩', 4), ('抱', 11), ('怠', 2), ('懒', 2), ('忱', 1), ('穆', 3), ('饺', 4), ('冻', 6), ('捏', 1), ('擀', 3), ('圆', 24), ('瞄', 4), ('射', 12), ('煮', 1), ('锅', 7), ('慢', 16), ('辆', 25), ('慨', 4), ('睹', 2), ('涌', 7), ('坝', 4), ('迅', 16), ('缘', 8), ('贤', 3), ('匈', 3), ('丧', 3), ('血', 50), ('邑', 3), ('晰', 7), ('旺', 7), ('韦', 11), ('茨', 4), ('瓦', 14), ('浮', 12), ('翩', 5), ('潇', 1), ('洒', 6), ('皇', 10), ('潜', 21), ('雇', 9), ('盈', 6), ('瑞', 21), ('衣', 18), ('茉', 1), ('莉', 1), ('君', 10), ('忆', 8), ('赫', 9), ('孚', 3), ('莲', 13), ('稻', 10), ('愁', 4), ('鱼', 12), ('熊', 10), ('赣', 1), ('粉', 4), ('肥', 15), ('鹏', 26), ('辉', 16), ('伪', 18), ('坊', 2), ('讳', 6), ('仿', 10), ('词', 12), ('陶', 12), ('硌', 1), ('逵', 2), ('麓', 2), ('穷', 13), ('畸', 1), ('锐', 5), ('翁', 3), ('卑', 2), ('凤', 9), ('漏', 6), ('漠', 1), ('肠', 3), ('械', 7), ('闪', 7), ('耀', 11), ('捧', 5), ('眶', 3), ('箭', 4), ('芯', 3), ('盒', 6), ('罐', 2), ('玻', 3), ('璃', 3), ('撬', 1), ('壳', 7), ('剥', 1), ('渗', 6), ('暇', 1), ('螺', 2), ('纹', 2), ('拧', 1), ('膏', 2), ('哭', 1), ('剃', 1), ('槟', 2), ('蛟', 1), ('舶', 2), ('滨', 12), ('娜', 4), ('择', 18), ('矩', 3), ('踪', 5), ('懂', 9), ('妻', 7), ('锭', 8), ('牵', 9), ('稍', 2), ('耐', 10), ('傅', 4), ('佑', 4), ('坛', 15), ('泣', 2), ('袁', 14), ('诗', 10), ('陀', 2), ('宪', 16), ('郊', 7), ('潭', 3), ('柘', 1), ('锣', 3), ('喧', 1), ('踞', 6), ('魅', 3), ('洽', 1), ('澜', 5), ('涛', 12), ('鸿', 9), ('畜', 5), ('疫', 6), ('', 1), ('菊', 7), ('楠', 2), ('轿', 5), ('妥', 6), ('昔', 7), ('匹', 3), ('祭', 2), ('艳', 4), ('餐', 13), ('忽', 12), ('锃', 1), ('柱', 8), ('迄', 4), ('渠', 11), ('恐', 11), ('慌', 2), ('削', 4), ('撑', 7), ('厉', 5), ('汲', 3), ('媚', 1), ('矢', 1), ('谍', 1), ('乎', 24), ('框', 6), ('搬', 5), ('赋', 3), ('辈', 8), ('筷', 4), ('秒', 8), ('稚', 2), ('姆', 8), ('朴', 9), ('袤', 1), ('谅', 2), ('坎', 4), ('坷', 2), ('F', 3), ('迪', 14), ('溶', 1), ('磷', 2), ('脂', 1), ('乙', 7), ('醇', 1), ('胺', 1), ('鸡', 13), ('酶', 1), ('暴', 13), ('钩', 1), ('玩', 6), ('饰', 5), ('虔', 3), ('梵', 1), ('冈', 2), ('诵', 2), ('祈', 4), ('祷', 2), ('瞧', 5), ('仙', 24), ('池', 3), ('鲤', 1), ('逼', 2), ('嫂', 4), ('羊', 11), ('妙', 8), ('尾', 9), ('蹦', 2), ('娃', 8), ('鸭', 14), ('绘', 5), ('隔', 9), ('缨', 1), ('⑤', 1), ('艾', 13), ('倪', 3), ('扇', 2), ('鼠', 7), ('袍', 1), ('蹬', 1), ('魔', 3), ('添', 10), ('奔', 12), ('庚', 1), ('默', 10), ('薪', 2), ('鹰', 5), ('撰', 5), ('镑', 2), ('烙', 1), ('襄', 2), ('樊', 1), ('淘', 5), ('汰', 3), ('夭', 1), ('芬', 7), ('垂', 5), ('刑', 7), ('辩', 6), ('逻', 6), ('寄', 5), ('仲', 2), ('晤', 9), ('允', 4), ('炮', 6), ('琦', 1), ('摊', 4), ('秤', 1), ('斤', 6), ('码', 6), ('●', 10), ('兄', 4), ('麟', 3), ('菌', 2), ('露', 12), ('馈', 2), ('魂', 5), ('沧', 1), ('燕', 5), ('茅', 1), ('斋', 3), ('俏', 1), ('挫', 4), ('骤', 3), ('浸', 2), ('桐', 4), ('盏', 4), ('怪', 5), ('淡', 11), ('哟', 2), ('鹤', 4), ('陕', 3), ('骄', 4), ('傲', 7), ('薯', 6), ('乘', 12), ('肩', 7), ('雁', 13), ('Ｘ', 3), ('谱', 1), ('绎', 3), ('悦', 6), ('缭', 1), ('逃', 5), ('蓄', 5), ('吞', 3), ('宛', 3), ('藻', 1), ('烤', 2), ('荫', 4), ('萨', 11), ('嘎', 2), ('翔', 1), ('腊', 7), ('巡', 8), ('咨', 10), ('询', 12), ('聘', 10), ('钦', 12), ('皆', 6), ('雀', 1), ('逛', 2), ('糕', 3), ('侨', 13), ('碑', 6), ('涂', 4), ('猛', 7), ('瞻', 2), ('畏', 5), ('闸', 3), ('孝', 4), ('阎', 4), ('炉', 6), ('沛', 4), ('铃', 1), ('枢', 1), ('喘', 1), ('仓', 5), ('焕', 3), ('靴', 1), ('斑', 3), ('斓', 2), ('遮', 5), ('伞', 1), ('蘑', 1), ('缀', 1), ('愉', 2), ('搭', 6), ('拙', 2), ('椅', 3), ('伽', 3), ('苑', 1), ('菇', 1), ('樱', 3), ('蕃', 1), ('橄', 5), ('榄', 5), ('莘', 1), ('厨', 3), ('徘', 2), ('徊', 2), ('帽', 2), ('嬉', 1), ('骂', 3), ('涯', 5), ('幼', 5), ('酿', 2), ('妆', 1), ('拯', 1), ('帅', 2), ('蓦', 1), ('甩', 2), ('炼', 11), ('纱', 2), ('摧', 1), ('昕', 2), ('铭', 4), ('蜕', 2), ('循', 7), ('辐', 3), ('驱', 3), ('梭', 4), ('坞', 3), ('艘', 4), ('躯', 2), ('帖', 1), ('揭', 5), ('罢', 1), ('粒', 9), ('哇', 1), ('哩', 3), ('豁', 1), ('砍', 3), ('芸', 2), ('炒', 3), ('俨', 1), ('墅', 1), ('茂', 8), ('藩', 1), ('沐', 2), ('憾', 3), ('龟', 1), ('蟹', 2), ('链', 3), ('尉', 6), ('磁', 6), ('Ｈ', 1), ('ｏ', 1), ('ｔ', 2), ('ｅ', 4), ('ｒ', 3), ('诫', 5), ('勉', 3), ('Ｕ', 1), ('浒', 6), ('逸', 1), ('琢', 1), ('婉', 2), ('郎', 6), ('藤', 1), ('雾', 3), ('蒸', 1), ('炽', 1), ('晒', 1), ('卧', 1), ('憩', 2), ('蔽', 3), ('仰', 2), ('绚', 2), ('溢', 6), ('斜', 4), ('昼', 3), ('舱', 4), ('篷', 5), ('笛', 2), ('桅', 1), ('锡', 6), ('璐', 2), ('翰', 3), ('垦', 3), ('渐', 18), ('稀', 3), ('Ｖ', 4), ('犷', 1), ('贩', 3), ('纤', 2), ('怖', 5), ('萌', 4), ('尴', 1), ('尬', 1), ('豫', 4), ('菱', 2), ('扳', 2), ('谴', 3), ('胁', 7), ('孜', 4), ('鸟', 5), ('仕', 1), ('兽', 3), ('蜀', 1), ('岱', 3), ('拢', 1), ('暮', 3), ('霭', 2), ('帐', 5), ('烁', 1), ('炊', 3), ('袅', 2), ('橱', 1), ('恕', 2), ('瑕', 2), ('疵', 2), ('驳', 2), ('坑', 7), ('倚', 1), ('佟', 1), ('茗', 2), ('赴', 12), ('铅', 1), ('栗', 1), ('枣', 2), ('硕', 5), ('搏', 7), ('扮', 3), ('狗', 2), ('拱', 3), ('逗', 1), ('屑', 1), ('肆', 2), ('棵', 3), ('膀', 1), ('籁', 3), ('玄', 1), ('霜', 1), ('枝', 8), ('谆', 2), ('诲', 1), ('叮', 4), ('咛', 1), ('庇', 2), ('弦', 3), ('苣', 2), ('屯', 2), ('症', 8), ('卵', 4), ('Ｉ', 4), ('熙', 1), ('缅', 2), ('挝', 1), ('兆', 5), ('涅', 2), ('佐', 3), ('兜', 2), ('熏', 1), ('囊', 5), ('堕', 1), ('噪', 1), ('靖', 1), ('悄', 4), ('抽', 10), ('蛇', 1), ('缉', 2), ('僵', 1), ('逮', 5), ('扑', 6), ('陲', 2), ('戍', 1), ('藜', 1), ('慷', 2), ('冕', 1), ('寇', 1), ('牟', 3), ('掖', 3), ('胶', 2), ('沦', 2), ('饲', 5), ('磊', 4), ('瑶', 1), ('弥', 2), ('鞭', 2), ('姚', 2), ('恋', 1), ('○', 5), ('揪', 1), ('贝', 13), ('魏', 5), ('酬', 5), ('赁', 4), ('瞿', 1), ('稼', 2), ('膜', 3), ('耽', 2), ('掏', 1), ('噙', 1), ('禺', 1), ('叙', 3), ('炫', 2), ('毖', 1), ('弊', 6), ('锻', 5), ('厢', 2), ('莺', 2), ('亭', 2), ('抒', 1), ('趴', 1), ('煞', 1), ('饿', 2), ('瘦', 2), ('宰', 3), ('寂', 2), ('贿', 12), ('铢', 4), ('攀', 5), ('溺', 1), ('哨', 10), ('屡', 4), ('辽', 7), ('趟', 1), ('轱', 1), ('辘', 1), ('涣', 1), ('栓', 1), ('瘫', 1), ('痪', 1), ('拮', 1), ('拦', 2), ('奠', 3), ('孤', 5), ('爷', 12), ('泼', 2), ('搂', 2), ('嘘', 1), ('筒', 5), ('悠', 4), ('泸', 1), ('蓟', 1), ('砂', 3), ('宙', 2), ('尘', 6), ('吻', 1), ('歉', 7), ('邯', 3), ('郸', 3), ('瑚', 2), ('椎', 1), ('仇', 1), ('寝', 1), ('璞', 2), ('澈', 2), ('醉', 3), ('颠', 2), ('簸', 2), ('躁', 2), ('爽', 2), ('烦', 4), ('贬', 6), ('擦', 1), ('渴', 3), ('氮', 1), ('晖', 1), ('煦', 1), ('梯', 2), ('泮', 1), ('寰', 2), ('霖', 2), ('毓', 1), ('熹', 1), ('晏', 2), ('舜', 1), ('辜', 3), ('贻', 2), ('汗', 4), ('臭', 7), ('颓', 2), ('疲', 4), ('甜', 4), ('踩', 1), ('稔', 1), ('掀', 3), ('亨', 3), ('苛', 2), ('垄', 4), ('恤', 1), ('痒', 1), ('偃', 1), ('镐', 1), ('凄', 1), ('眸', 1), ('遴', 1), ('Ｆ', 8), ('倦', 1), ('侗', 2), ('徒', 4), ('骏', 1), ('漂', 2), ('驭', 2), ('簿', 3), ('遐', 2), ('迩', 1), ('埔', 2), ('淅', 2), ('沥', 2), ('串', 5), ('檀', 6), ('栾', 2), ('孕', 8), ('酮', 1), ('驷', 1), ('驹', 1), ('蜡', 2), ('籽', 2), ('糯', 1), ('苞', 2), ('堡', 6), ('滕', 1), ('瘟', 2), ('诠', 2), ('丈', 3), ('扛', 1), ('砖', 3), ('棺', 1), ('殚', 1), ('竭', 1), ('唤', 1), ('咋', 1), ('呀', 5), ('忻', 1), ('歼', 1), ('巾', 2), ('帼', 2), ('镰', 2), ('刃', 5), ('卸', 1), ('馋', 2), ('峭', 1), ('侯', 3), ('茸', 2), ('尕', 2), ('袖', 2), ('抄', 2), ('哎', 1), ('俺', 1), ('聊', 2), ('痹', 5), ('筛', 1), ('祟', 2), ('赌', 1), ('挽', 2), ('啪', 3), ('窝', 3), ('嗅', 1), ('袭', 1), ('陉', 1), ('焊', 2), ('阂', 1), ('甫', 4), ('吆', 1), ('钝', 1), ('掩', 4), ('洙', 1), ('炕', 2), ('桔', 2), ('绢', 1), ('凶', 1), ('丁', 5), ('祸', 3), ('萧', 2), ('篝', 1), ('淳', 1), ('曰', 3), ('伸', 2), ('渍', 1), ('脖', 2), ('慎', 5), ('挺', 2), ('肺', 3), ('癌', 4), ('阙', 1), ('娘', 9), ('篓', 1), ('柴', 3), ('劈', 1), ('怡', 2), ('珩', 1), ('鹿', 5), ('赝', 1), ('竖', 3), ('丘', 3), ('垢', 1), ('篆', 1), ('碗', 7), ('埋', 5), ('厕', 2), ('粪', 4), ('凛', 3), ('冽', 5), ('裙', 1), ('瑟', 1), ('Ｋ', 1), ('Ｊ', 3), ('劫', 2), ('骚', 4), ('蓬', 3), ('颖', 5), ('荃', 1), ('钧', 1), ('舫', 1), ('箴', 1), ('骆', 1), ('玛', 2), ('琳', 3), ('璜', 1), ('穗', 2), ('靳', 1), ('谭', 2), ('葆', 1), ('泾', 1), ('灶', 2), ('殷', 3), ('崛', 3), ('徇', 1), ('枉', 1), ('勾', 4), ('赂', 4), ('陵', 4), ('芝', 2), ('涸', 2), ('悬', 4), ('饼', 1), ('撇', 1), ('翘', 3), ('胎', 5), ('隧', 7), ('弯', 3), ('陋', 1), ('肢', 1), ('姑', 8), ('蛙', 1), ('渥', 1), ('橙', 1), ('铲', 2), ('揣', 1), ('呵', 2), ('柯', 3), ('搁', 1), ('柜', 3), ('煲', 1), ('Ｗ', 1), ('跻', 2), ('烯', 3), ('惨', 1), ('睦', 2), ('渊', 1), ('绑', 1), ('眷', 2), ('爪', 1), ('啸', 1), ('轲', 1), ('暗', 3), ('缠', 3), ('拄', 1), ('拐', 2), ('杖', 3), ('眉', 3), ('捋', 1), ('凳', 1), ('藉', 1), ('唇', 1), ('舌', 2), ('枸', 1), ('杞', 1), ('嗓', 1), ('惹', 1), ('妹', 2), ('姨', 1), ('鄂', 1), ('液', 5), ('帆', 1), ('乳', 4), ('腺', 1), ('胚', 3), ('冤', 1), ('榻', 1), ('婴', 1), ('浑', 2), ('浊', 2), ('腥', 1), ('涝', 2), ('姻', 2), ('淹', 1), ('芒', 1), ('濡', 1), ('妍', 1), ('谛', 1), ('丑', 1), ('哀', 2), ('蹴', 1), ('卒', 1), ('愕', 1), ('唾', 1), ('炜', 1), ('嵩', 3), ('竣', 4), ('尿', 1), ('钾', 1), ('跟', 8), ('漳', 9), ('嘿', 2), ('坂', 1), ('庵', 1), ('眺', 1), ('妨', 3), ('魇', 1), ('挠', 1), ('隘', 1), ('删', 1), ('棋', 10), ('毋', 2), ('庸', 2), ('飙', 1), ('窑', 1), ('洼', 1), ('圪', 1), ('梢', 2), ('摹', 1), ('斐', 2), ('髓', 1), ('枕', 1), ('瑜', 2), ('挨', 2), ('祯', 1), ('彬', 3), ('凿', 1), ('啥', 4), ('嚷', 1), ('旷', 2), ('钞', 1), ('霓', 1), ('莅', 1), ('炸', 5), ('遏', 2), ('哦', 1), ('剔', 1), ('崖', 1), ('笨', 1), ('阀', 1), ('拘', 2), ('贞', 1), ('廖', 1), ('憋', 1), ('肚', 4), ('糊', 1), ('懊', 1), ('恼', 1), ('悔', 3), ('恨', 2), ('霉', 2), ('碾', 1), ('烨', 2), ('腔', 1), ('乒', 2), ('乓', 1), ('呛', 1), ('吭', 1), ('邃', 1), ('陌', 1), ('菡', 1), ('页', 2), ('嗜', 1), ('挪', 3), ('砸', 2), ('睁', 1), ('×', 1), ('酸', 2), ('弗', 1), ('猴', 1), ('闽', 3), ('泄', 3), ('肝', 3), ('▲', 1), ('奈', 1), ('绥', 1), ('偌', 1), ('咀', 1), ('嚼', 1), ('蹲', 4), ('钵', 1), ('眨', 1), ('漾', 1), ('绅', 1), ('珑', 1), ('溜', 1), ('瑛', 1), ('敖', 1), ('巫', 1), ('吵', 1), ('氤', 1), ('氲', 1), ('眠', 4), ('咎', 1), ('匮', 2), ('坤', 1), ('珊', 1), ('粹', 1), ('圭', 2), ('琨', 2), ('巍', 1), ('榨', 1), ('寓', 1), ('岷', 1), ('寡', 2), ('蔚', 1), ('鑫', 1), ('祁', 1), ('渲', 1), ('虾', 1), ('弛', 1), ('臃', 1), ('肿', 2), ('ｕ', 2), ('ｚ', 1), ('ｃ', 1), ('ｈ', 1), ('祺', 2), ('翊', 1), ('株', 1), ('棱', 1), ('闾', 1), ('榕', 1), ('颈', 1), ('沾', 2), ('腻', 1), ('沸', 2), ('袂', 1), ('绳', 2), ('霸', 2), ('蕴', 1), ('魁', 1), ('楷', 1), ('甄', 1), ('禧', 1), ('嫁', 1), ('氨', 1), ('酯', 1), ('Ｚ', 2), ('磅', 2), ('聂', 1), ('渭', 1), ('纬', 1), ('枪', 2), ('妄', 1), ('蔓', 1), ('羞', 1), ('枯', 2), ('皑', 2), ('衬', 1), ('盎', 1), ('锯', 1), ('犬', 1), ('矗', 1), ('俯', 1), ('苹', 1), ('痼', 1), ('掸', 1), ('翅', 1), ('猫', 2), ('垒', 1), ('沁', 1), ('蚀', 1), ('垮', 1), ('渎', 1), ('柬', 2), ('毯', 1), ('兮', 1), ('峪', 2), ('孰', 2), ('掂', 1), ('娅', 2), ('钰', 1), ('岫', 1), ('淫', 1), ('娼', 1), ('壑', 1), ('炙', 1), ('黯', 1), ('烹', 1), ('煎', 1), ('遒', 1), ('抚', 1), ('痕', 1), ('匍', 1), ('匐', 1), ('躲', 1), ('怯', 1), ('傍', 1), ('汹', 1), ('攥', 1), ('虫', 3), ('恳', 1), ('谣', 1), ('臻', 1), ('韧', 1), ('捉', 1), ('铝', 2), ('砌', 1), ('葫', 1), ('芦', 1), ('嘱', 2), ('烽', 1), ('ｖ', 1), ('惧', 1), ('匪', 1), ('渺', 1), ('茫', 3), ('妮', 2), ('宿', 2), ('铨', 1), ('桨', 2), ('舵', 3), ('鄢', 1), ('泵', 1), ('浚', 1), ('凰', 3), ('廿', 1), ('搅', 1), ('阮', 1), ('悍', 1), ('涎', 1), ('枫', 1), ('跺', 1), ('拽', 1), ('叠', 1), ('佰', 2), ('拂', 1), ('葡', 1), ('萄', 1), ('曳', 1), ('蜜', 1), ('谎', 1), ('踢', 1), ('陇', 1), ('泗', 1), ('詹', 1), ('晃', 1), ('帕', 1), ('猎', 2), ('滥', 2), ('涩', 1), ('蠢', 1), ('厌', 1), ('耻', 1), ('埠', 1), ('疼', 1), ('怨', 1), ('穹', 1), ('昊', 3), ('焚', 1), ('蔼', 1), ('搀', 1), ('逆', 1), ('犁', 1), ('琅', 2), ('狱', 1), ('褥', 1), ('慑', 1), ('雏', 1), ('娶', 1), ('媳', 1), ('薇', 1), ('颂', 1), ('煊', 1), ('讹', 1), ('铀', 8), ('韶', 1), ('渣', 1), ('秽', 1), ('汁', 1), ('矣', 1), ('滤', 3), ('丙', 1), ('乾', 1), ('１９', 339), ('中国', 321), ('发展', 315), ('经济', 298), ('企业', 276), ('１９９', 254), ('００', 253), ('工作', 239), ('一个', 226), ('人民', 215), ('记者', 206), ('国家', 205), ('市场', 202), ('我们', 191), ('问题', 190), ('公司', 190), ('全国', 176), ('社会', 170), ('政府', 164), ('建设', 158), ('１月', 158), ('他们', 145), ('北京', 145), ('进行', 138), ('领导', 135), ('地区', 135), ('改革', 134), ('管理', 134), ('中央', 129), ('美国', 129), ('本报', 128), ('生产', 120), ('――', 119), ('世界', 117), ('增长', 113), ('主义', 111), ('新华', 110), ('部门', 105), ('１２', 103), ('技术', 103), ('重要', 101), ('新华社', 100), ('活动', 99), ('自己', 97), ('金融', 97), ('服务', 96), ('一些', 96), ('没有', 94), ('历史', 94), ('１０', 92), ('研究', 92), ('文化', 91), ('单位', 91), ('精神', 90), ('会议', 90), ('第一', 89), ('干部', 89), ('去年', 87), ('工程', 86), ('人员', 86), ('同时', 85), ('我国', 84), ('方面', 84), ('７年', 83), ('关系', 83), ('群众', 83), ('职工', 82), ('民族', 82), ('同志', 81), ('解决', 81), ('组织', 81), ('通过', 80), ('产品', 77), ('提高', 76), ('２０', 76), ('国际', 76), ('主要', 76), ('今天', 75), ('这些', 74), ('报道', 73), ('目前', 73), ('认为', 73), ('主席', 73), ('加强', 72), ('１９９７年', 71), ('农业', 71), ('有关', 71), ('积极', 70), ('教育', 69), ('艺术', 69), ('科技', 68), ('提出', 68), ('合作', 67), ('建立', 67), ('美元', 67), ('人们', 66), ('情况', 66), ('代表', 66), ('产业', 66), ('香港', 66), ('城市', 66), ('银行', 66), ('农民', 65), ('生活', 64), ('住房', 64), ('参加', 63), ('政策', 63), ('实现', 63), ('制度', 63), ('农村', 62), ('必须', 62), ('图片', 61), ('水平', 61), ('表示', 60), ('<UNK>', 60), ('要求', 59), ('国务', 59), ('基础', 58), ('新闻', 58), ('地方', 58), ('委员', 58), ('文明', 57), ('经营', 57), ('举行', 57), ('十五', 57), ('思想', 56), ('现代', 56), ('６年', 56), ('采取', 56), ('０００', 55), ('困难', 55), ('稳定', 55), ('机构', 55), ('机关', 55), ('自治', 55), ('今年', 54), ('需要', 54), ('由于', 54), ('条件', 54), ('这个', 54), ('时间', 54), ('发生', 53), ('部长', 53), ('１５', 53), ('劳动', 53), ('联合', 53), ('一步', 53), ('政治', 53), ('什么', 52), ('计划', 52), ('部分', 52), ('影响', 52), ('价格', 52), ('作为', 51), ('可以', 51), ('努力', 51), ('指出', 51), ('１９９６年', 51), ('提供', 51), ('书记', 51), ('项目', 51), ('措施', 51), ('扶贫', 51), ('作用', 50), ('收入', 50), ('开始', 50), ('取得', 50), ('结构', 50), ('以来', 50), ('投资', 50), ('特别', 49), ('上海', 49), ('坚持', 48), ('日本', 48), ('决定', 47), ('具有', 47), ('事业', 47), ('继续', 47), ('８年', 47), ('实行', 47), ('安全', 47), ('３０', 46), ('体育', 46), ('增加', 46), ('促进', 46), ('不仅', 46), ('成为', 45), ('世纪', 45), ('理论', 45), ('希望', 45), ('统计', 45), ('规定', 45), ('贫困', 44), ('环境', 44), ('这种', 44), ('１３', 43), ('形式', 43), ('调整', 43), ('这样', 43), ('开展', 43), ('１４', 43), ('第二', 43), ('全面', 43), ('形成', 43), ('５０', 42), ('支持', 42), ('泽民', 42), ('体制', 42), ('开发', 42), ('监督', 42), ('任务', 42), ('重点', 42), ('国务院', 42), ('资金', 41), ('１．', 41), ('以及', 41), ('科学', 41), ('起来', 41), ('基本', 41), ('利益', 41), ('政协', 41), ('广大', 40), ('１６', 40), ('专家', 40), ('实施', 40), ('总统', 40), ('集团', 40), ('许多', 39), ('能力', 39), ('工业', 39), ('以上', 39), ('而且', 39), ('落实', 39), ('―――', 39), ('实际', 39), ('共同', 39), ('学习', 38), ('信息', 38), ('不断', 38), ('战略', 38), ('旅游', 38), ('保护', 38), ('规模', 38), ('进入', 38), ('国内', 38), ('作出', 37), ('各种', 37), ('１００', 37), ('这里', 37), ('春节', 37), ('５年', 37), ('青年', 37), ('其中', 37), ('财政', 37), ('质量', 37), ('台湾', 37), ('电视', 37), ('应当', 37), ('自然', 36), ('资源', 36), ('出现', 36), ('交易', 36), ('一定', 36), ('完成', 36), ('开放', 35), ('强调', 35), ('机制', 35), ('１８', 35), ('商品', 35), ('１９９８年', 35), ('乡镇', 35), ('总理', 35), ('中心', 35), ('已经', 35), ('行动', 35), ('出口', 35), ('谈判', 35), ('小平', 34), ('投入', 34), ('帮助', 34), ('方式', 34), ('竞争', 34), ('其他', 34), ('祖国', 34), ('犯罪', 34), ('具体', 34), ('３年', 34), ('成立', 33), ('主任', 33), ('现在', 33), ('可能', 33), ('认真', 33), ('医院', 33), ('阶段', 33), ('深入', 33), ('因此', 33), ('先进', 32), ('结合', 32), ('会见', 32), ('年代', 32), ('指导', 32), ('发现', 32), ('发表', 32), ('恩来', 32), ('实践', 31), ('亚洲', 31), ('十分', 31), ('欧洲', 31), ('过程', 31), ('设施', 31), ('发挥', 31), ('保持', 31), ('第三', 31), ('责任', 31), ('传统', 31), ('对于', 31), ('危机', 31), ('救灾', 31), ('２１', 30), ('音乐', 30), ('原则', 30), ('产生', 30), ('任何', 30), ('合理', 30), ('长期', 30), ('法国', 30), ('认识', 30), ('利用', 30), ('贷款', 30), ('重视', 30), ('按照', 30), ('拍卖', 29), ('调查', 29), ('下岗', 29), ('推动', 29), ('保证', 29), ('成功', 29), ('联系', 29), ('受到', 29), ('现实', 29), ('看到', 29), ('外交', 29), ('资本', 29), ('中共', 29), ('这次', 28), ('解放', 28), ('正在', 28), ('原因', 28), ('交通', 28), ('……', 28), ('１９８', 28), ('适应', 28), ('介绍', 28), ('综合', 28), ('集中', 28), ('能够', 28), ('根据', 28), ('各级', 28), ('推进', 28), ('军事', 28), ('１９９５年', 28), ('平均', 27), ('宣传', 27), ('需求', 27), ('效益', 27), ('之间', 27), ('批准', 27), ('１７', 27), ('规划', 27), ('正式', 27), ('各项', 27), ('出版', 27), ('国民', 27), ('１２日', 27), ('尼亚', 27), ('汽车', 27), ('如何', 27), ('直接', 27), ('表现', 27), ('制定', 27), ('关注', 27), ('战争', 27), ('泰国', 27), ('高度', 27), ('召开', 27), ('股市', 27), ('过去', 26), ('协会', 26), ('２５', 26), ('公里', 26), ('４年', 26), ('电力', 26), ('读者', 26), ('商业', 26), ('标准', 26), ('如果', 26), ('存在', 26), ('礼貌', 26), ('时候', 26), ('民主', 26), ('期间', 26), ('重大', 26), ('严重', 26), ('俄罗', 26), ('就业', 26), ('建议', 26), ('家庭', 26), ('大量', 26), ('电话', 26), ('生命', 26), ('比赛', 25), ('系统', 25), ('老人', 25), ('关于', 25), ('有限', 25), ('出席', 25), ('两岸', 25), ('行业', 25), ('加快', 25), ('２．', 25), ('４０', 25), ('完善', 25), ('全部', 25), ('还是', 25), ('速度', 25), ('变化', 25), ('健康', 25), ('先后', 25), ('２３', 25), ('贡献', 25), ('目标', 25), ('股份', 25), ('充分', 25), ('案件', 25), ('创作', 25), ('集体', 25), ('伊拉克', 25), ('讲话', 25), ('证券', 25), ('负责', 25), ('行政', 25), ('现代化', 24), ('最近', 24), ('方法', 24), ('石油', 24), ('每年', 24), ('铁路', 24), ('中华', 24), ('法院', 24), ('行为', 24), ('体现', 24), ('时期', 24), ('６０', 24), ('日前', 24), ('近年', 24), ('因为', 24), ('改善', 24), ('大家', 24), ('方针', 24), ('意义', 24), ('和平', 24), ('首先', 24), ('观念', 24), ('最后', 24), ('优势', 24), ('销售', 24), ('选举', 24), ('常委', 24), ('斗争', 24), ('根本', 24), ('联合国', 24), ('消费', 24), ('有效', 24), ('话剧', 24), ('南亚', 24), ('接受', 23), ('系列', 23), ('报告', 23), ('成员', 23), ('带来', 23), ('然而', 23), ('得到', 23), ('８０', 23), ('增强', 23), ('知识', 23), ('不少', 23), ('基层', 23), ('２６', 23), ('创造', 23), ('贯彻', 23), ('人口', 23), ('为了', 23), ('大会', 23), ('学生', 23), ('经验', 23), ('基金', 23), ('货币', 23), ('明确', 23), ('良好', 22), ('孩子', 22), ('结束', 22), ('作品', 22), ('完全', 22), ('９０', 22), ('超过', 22), ('飞机', 22), ('首都', 22), ('５％', 22), ('整个', 22), ('居民', 22), ('人士', 22), ('经过', 22), ('各地', 22), ('学校', 22), ('或者', 22), ('突破', 22), ('价值', 22), ('人类', 22), ('利亚', 22), ('成果', 22), ('地位', 22), ('你们', 22), ('队伍', 22), ('卫生', 22), ('东南亚', 22), ('下降', 21), ('不同', 21), ('各国', 21), ('新年', 21), ('建成', 21), ('专业', 21), ('形势', 21), ('英国', 21), ('全球', 21), ('甚至', 21), ('切实', 21), ('３００', 21), ('突出', 21), ('检查', 21), ('宣布', 21), ('进程', 21), ('人物', 21), ('俄罗斯', 21), ('统一', 21), ('设备', 21), ('运动', 21), ('部队', 21), ('资产', 21), ('官兵', 21), ('因素', 21), ('安排', 21), ('上市', 21), ('广播', 21), ('天津', 20), ('东西', 20), ('那么', 20), ('开拓', 20), ('维护', 20), ('达到', 20), ('减少', 20), ('文章', 20), ('演出', 20), ('大力', 20), ('繁荣', 20), ('时代', 20), ('事件', 20), ('损失', 20), ('７０', 20), ('不会', 20), ('一样', 20), ('形象', 20), ('灾区', 20), ('处理', 20), ('连续', 20), ('公安', 20), ('关键', 20), ('经常', 20), ('特色', 20), ('革命', 20), ('体系', 20), ('分配', 20), ('汇率', 20), ('自治区', 20), ('股票', 20), ('意识', 19), ('确定', 19), ('２８', 19), ('公路', 19), ('当然', 19), ('产量', 19), ('当前', 19), ('保险', 19), ('访问', 19), ('转变', 19), ('协调', 19), ('１２月', 19), ('包括', 19), ('欧盟', 19), ('材料', 19), ('观众', 19), ('应该', 19), ('更加', 19), ('比较', 19), ('人均', 19), ('电脑', 19), ('巨大', 19), ('股份制', 19), ('快速', 19), ('主管', 19), ('江苏', 19), ('分析', 19), ('市民', 19), ('指标', 19), ('电子', 19), ('办法', 19), ('使用', 19), ('持续', 19), ('内容', 19), ('争取', 19), ('京剧', 19), ('２２', 19), ('多种', 19), ('地震', 19), ('１９９４年', 19), ('水仙', 19), ('准备', 18), ('教师', 18), ('引导', 18), ('国有', 18), ('改造', 18), ('组成', 18), ('当地', 18), ('下乡', 18), ('指挥', 18), ('最高', 18), ('模范', 18), ('工商', 18), ('结果', 18), ('做法', 18), ('感到', 18), ('党委', 18), ('下跌', 18), ('养殖', 18), ('明显', 18), ('规范', 18), ('实力', 18), ('２４', 18), ('运行', 18), ('随着', 18), ('矛盾', 18), ('获得', 18), ('引进', 18), ('科研', 18), ('虽然', 18), ('考试', 18), ('它们', 18), ('海关', 18), ('机遇', 17), ('海南', 17), ('０．', 17), ('注意', 17), ('１％', 17), ('面对', 17), ('前景', 17), ('元旦', 17), ('消除', 17), ('强化', 17), ('严格', 17), ('控制', 17), ('一般', 17), ('只有', 17), ('温暖', 17), ('关心', 17), ('９年', 17), ('内部', 17), ('１１', 17), ('小时', 17), ('欢迎', 17), ('其琛', 17), ('越来', 17), ('有人', 17), ('国防', 17), ('正确', 17), ('班子', 17), ('纪念', 17), ('从而', 17), ('运输', 17), ('膨胀', 17), ('风险', 17), ('第四', 17), ('但是', 17), ('相当', 17), ('那些', 17), ('学院', 17), ('功能', 17), ('克林', 17), ('通货', 17), ('全市', 17), ('实事', 17), ('表明', 17), ('妇女', 17), ('素质', 17), ('通信', 17), ('执行', 17), ('造成', 17), ('培训', 17), ('００万', 17), ('粮食', 17), ('现象', 17), ('检察', 17), ('业务', 17), ('优秀', 16), ('工作者', 16), ('图为', 16), ('二十', 16), ('成就', 16), ('交流', 16), ('丰富', 16), ('面积', 16), ('双方', 16), ('第十', 16), ('物价', 16), ('商场', 16), ('会谈', 16), ('保障', 16), ('军区', 16), ('治理', 16), ('范围', 16), ('节日', 16), ('怎么', 16), ('招待', 16), ('尽管', 16), ('状态', 16), ('大学', 16), ('下午', 16), ('某些', 16), ('克林顿', 16), ('停车', 16), ('建筑', 16), ('意见', 16), ('态度', 16), ('深化', 16), ('网络', 16), ('执法', 16), ('而是', 16), ('改变', 16), ('接待', 16), ('加入', 16), ('１３日', 16), ('医疗', 16), ('今后', 16), ('高校', 16), ('学会', 16), ('出来', 16), ('典型', 16), ('选择', 16), ('红十', 16), ('外资', 16), ('挑战', 15), ('７月', 15), ('职业', 15), ('位置', 15), ('不足', 15), ('２０００', 15), ('７日', 15), ('告诉', 15), ('周围', 15), ('特点', 15), ('报纸', 15), ('内外', 15), ('基地', 15), ('购买', 15), ('纷纷', 15), ('运会', 15), ('状况', 15), ('伟大', 15), ('中东', 15), ('资料', 15), ('始终', 15), ('以色', 15), ('宗教', 15), ('原来', 15), ('河北', 15), ('处于', 15), ('山西', 15), ('观点', 15), ('力度', 15), ('一月', 15), ('广东', 15), ('发行', 15), ('违法', 15), ('反映', 15), ('密切', 15), ('力量', 15), ('哲学', 15), ('引起', 15), ('特殊', 15), ('慰问', 15), ('进步', 15), ('相关', 15), ('大藏', 15), ('垃圾', 15), ('承担', 15), ('参与', 15), ('旗帜', 15), ('加大', 15), ('给予', 15), ('岗位', 15), ('围绕', 15), ('女排', 15), ('全区', 15), ('艰苦', 15), ('物资', 15), ('指数', 15), ('北约', 15), ('民警', 15), ('中亚', 15), ('现场', 15), ('总值', 15), ('恢复', 14), ('道德', 14), ('晚上', 14), ('分别', 14), ('确保', 14), ('７．', 14), ('２０日', 14), ('市委', 14), ('．３', 14), ('各界', 14), ('抓住', 14), ('全体', 14), ('发出', 14), ('阿拉', 14), ('如此', 14), ('党员', 14), ('平方', 14), ('钢琴', 14), ('事故', 14), ('新建', 14), ('菜篮子', 14), ('５日', 14), ('缺乏', 14), ('８％', 14), ('中介', 14), ('劳动力', 14), ('腐败', 14), ('作风', 14), ('百姓', 14), ('正是', 14), ('舆论', 14), ('２年', 14), ('１日', 14), ('上年', 14), ('区域', 14), ('举办', 14), ('人次', 14), ('上午', 14), ('１０月', 14), ('扩大', 14), ('南非', 14), ('道路', 14), ('９日', 14), ('建房', 14), ('导致', 14), ('座谈', 14), ('北爱', 14), ('组建', 14), ('党派', 14), ('务实', 13), ('考虑', 13), ('这么', 13), ('设立', 13), ('当时', 13), ('符合', 13), ('双拥', 13), ('蒙古', 13), ('设计', 13), ('３６', 13), ('必要', 13), ('云南', 13), ('以后', 13), ('坚决', 13), ('西部', 13), ('事务', 13), ('尤其', 13), ('１年', 13), ('此次', 13), ('每天', 13), ('斯坦', 13), ('尊重', 13), ('一切', 13), ('决策', 13), ('４４', 13), ('周年', 13), ('专门', 13), ('做好', 13), ('２万', 13), ('程度', 13), ('总体', 13), ('愿望', 13), ('真正', 13), ('别人', 13), ('只要', 13), ('致富', 13), ('配合', 13), ('团结', 13), ('奋斗', 13), ('核心', 13), ('高级', 13), ('呼吁', 13), ('显示', 13), ('决心', 13), ('来自', 13), ('分钟', 13), ('食品', 13), ('分子', 13), ('总会', 13), ('命运', 13), ('通胀', 13), ('大型', 13), ('总部', 13), ('１６日', 13), ('核查', 13), ('小组', 13), ('消费者', 13), ('收费', 13), ('岁月', 13), ('依法', 13), ('产业化', 13), ('主持', 13), ('邀请', 13), ('担任', 13), ('步伐', 13), ('证明', 13), ('有力', 13), ('总结', 13), ('儿子', 13), ('５万', 13), ('紧急', 13), ('推出', 13), ('南京', 13), ('同胞', 13), ('官员', 13), ('迅速', 13), ('特区', 13), ('贸易', 13), ('大多', 13), ('经贸', 13), ('马克', 13), ('百分', 13), ('母亲', 12), ('外国', 12), ('２１日', 12), ('巴黎', 12), ('戏剧', 12), ('大部', 12), ('四川', 12), ('手段', 12), ('下来', 12), ('创新', 12), ('对外', 12), ('幅度', 12), ('上升', 12), ('舞台', 12), ('优化', 12), ('男女', 12), ('３０００', 12), ('培养', 12), ('利于', 12), ('１万', 12), ('２００', 12), ('在于', 12), ('２％', 12), ('公布', 12), ('９％', 12), ('公室', 12), ('自身', 12), ('协议', 12), ('污染', 12), ('新型', 12), ('企业家', 12), ('同样', 12), ('水利', 12), ('塔尼亚', 12), ('成本', 12), ('承认', 12), ('大局', 12), ('２１世纪', 12), ('面临', 12), ('普遍', 12), ('市区', 12), ('蔬菜', 12), ('爱国', 12), ('事实', 12), ('前进', 12)]
