INFO:root:第1次迭代，将中与国合并
INFO:root:第2次迭代，将经与济合并
INFO:root:第3次迭代，将发与展合并
INFO:root:第4次迭代，将１与９合并
INFO:root:第5次迭代，将０与０合并
INFO:root:第6次迭代，将企与业合并
INFO:root:第7次迭代，将工与作合并
INFO:root:第8次迭代，将国与家合并
INFO:root:第9次迭代，将记与者合并
INFO:root:第10次迭代，将１９与９合并
INFO:root:第11次迭代，将社与会合并
INFO:root:第12次迭代，将我与们合并
INFO:root:第13次迭代，将１与月合并
INFO:root:第14次迭代，将一与个合并
INFO:root:第15次迭代，将市与场合并
INFO:root:第16次迭代，将人与民合并
INFO:root:第17次迭代，将建与设合并
INFO:root:第18次迭代，将问与题合并
INFO:root:第19次迭代，将全与国合并
INFO:root:第20次迭代，将北与京合并
INFO:root:第21次迭代，将政与府合并
INFO:root:第22次迭代，将公与司合并
INFO:root:第23次迭代，将本与报合并
INFO:root:第24次迭代，将领与导合并
INFO:root:第25次迭代，将他与们合并
INFO:root:第26次迭代，将进与行合并
INFO:root:第27次迭代，将改与革合并
INFO:root:第28次迭代，将世与界合并
INFO:root:第29次迭代，将中与央合并
INFO:root:第30次迭代，将管与理合并
INFO:root:第31次迭代，将新与华合并
INFO:root:第32次迭代，将主与义合并
INFO:root:第33次迭代，将我与国合并
INFO:root:第34次迭代，将美与国合并
INFO:root:第35次迭代，将新华与社合并
INFO:root:第36次迭代，将生与产合并
INFO:root:第37次迭代，将地与区合并
INFO:root:第38次迭代，将―与―合并
INFO:root:第39次迭代，将技与术合并
INFO:root:第40次迭代，将关与系合并
INFO:root:第41次迭代，将活与动合并
INFO:root:第42次迭代，将国与际合并
INFO:root:第43次迭代，将群与众合并
INFO:root:第44次迭代，将重与要合并
INFO:root:第45次迭代，将干与部合并
INFO:root:第46次迭代，将文与化合并
INFO:root:第47次迭代，将研与究合并
INFO:root:第48次迭代，将职与工合并
INFO:root:第49次迭代，将提与高合并
INFO:root:第50次迭代，将没与有合并
INFO:root:第51次迭代，将１与０合并
INFO:root:第52次迭代，将组与织合并
INFO:root:第53次迭代，将自与己合并
INFO:root:第54次迭代，将金与融合并
INFO:root:第55次迭代，将去与年合并
INFO:root:第56次迭代，将精与神合并
INFO:root:第57次迭代，将产与品合并
INFO:root:第58次迭代，将一与些合并
INFO:root:第59次迭代，将第与一合并
INFO:root:第60次迭代，将今与天合并
INFO:root:第61次迭代，将同与志合并
INFO:root:第62次迭代，将增与长合并
INFO:root:第63次迭代，将服与务合并
INFO:root:第64次迭代，将加与强合并
INFO:root:第65次迭代，将１与２合并
INFO:root:第66次迭代，将工与程合并
INFO:root:第67次迭代，将会与议合并
INFO:root:第68次迭代，将７与年合并
INFO:root:第69次迭代，将部与门合并
INFO:root:第70次迭代，将方与面合并
INFO:root:第71次迭代，将农与业合并
INFO:root:第72次迭代，将民与族合并
INFO:root:第73次迭代，将合与作合并
INFO:root:第74次迭代，将有与关合并
INFO:root:第75次迭代，将生与活合并
INFO:root:第76次迭代，将教与育合并
INFO:root:第77次迭代，将１９９与７年合并
INFO:root:第78次迭代，将科与技合并
INFO:root:第79次迭代，将人与员合并
INFO:root:第80次迭代，将报与道合并
INFO:root:第81次迭代，将同与时合并
INFO:root:第82次迭代，将政与治合并
INFO:root:第83次迭代，将通与过合并
INFO:root:第84次迭代，将历与史合并
INFO:root:第85次迭代，将银与行合并
INFO:root:第86次迭代，将社会与主义合并
INFO:root:第87次迭代，将２与０合并
INFO:root:第88次迭代，将委与员合并
INFO:root:第89次迭代，将主与要合并
INFO:root:第90次迭代，将目与前合并
INFO:root:第91次迭代，将产与业合并
INFO:root:第92次迭代，将表与示合并
INFO:root:第93次迭代，将可与以合并
INFO:root:第94次迭代，将积与极合并
INFO:root:第95次迭代，将代与表合并
INFO:root:第96次迭代，将解与决合并
INFO:root:第97次迭代，将要与求合并
INFO:root:第98次迭代，将实与现合并
INFO:root:第99次迭代，将政与策合并
INFO:root:第100次迭代，将投与资合并
INFO:root:第101次迭代，将艺与术合并
INFO:root:第102次迭代，将主与席合并
INFO:root:第103次迭代，将农与村合并
INFO:root:第104次迭代，将经与营合并
INFO:root:第105次迭代，将成与为合并
INFO:root:第106次迭代，将举与行合并
INFO:root:第107次迭代，将认与为合并
INFO:root:第108次迭代，将这与些合并
INFO:root:第109次迭代，将文与明合并
INFO:root:第110次迭代，将美与元合并
INFO:root:第111次迭代，将００与０合并
INFO:root:第112次迭代，将就与是合并
INFO:root:第113次迭代，将农与民合并
INFO:root:第114次迭代，将联与合合并
INFO:root:第115次迭代，将水与平合并
INFO:root:第116次迭代，将这与个合并
INFO:root:第117次迭代，将科与学合并
INFO:root:第118次迭代，将图与片合并
INFO:root:第119次迭代，将单与位合并
INFO:root:第120次迭代，将集与团合并
INFO:root:第121次迭代，将情与况合并
INFO:root:第122次迭代，将基与础合并
INFO:root:第123次迭代，将思与想合并
INFO:root:第124次迭代，将提与出合并
INFO:root:第125次迭代，将建与立合并
INFO:root:第126次迭代，将理与论合并
INFO:root:第127次迭代，将取与得合并
INFO:root:第128次迭代，将国与务合并
INFO:root:第129次迭代，将一与步合并
INFO:root:第130次迭代，将人与们合并
INFO:root:第131次迭代，将继与续合并
INFO:root:第132次迭代，将作与为合并
INFO:root:第133次迭代，将今与年合并
INFO:root:第134次迭代，将进与一步合并
INFO:root:第135次迭代，将香与港合并
INFO:root:第136次迭代，将必与须合并
INFO:root:第137次迭代，将稳与定合并
INFO:root:第138次迭代，将困与难合并
INFO:root:第139次迭代，将开与始合并
INFO:root:第140次迭代，将影与响合并
INFO:root:第141次迭代，将基与本合并
INFO:root:第142次迭代，将开与发合并
INFO:root:第143次迭代，将现与代合并
INFO:root:第144次迭代，将体与育合并
INFO:root:第145次迭代，将坚与持合并
INFO:root:第146次迭代，将十与五合并
INFO:root:第147次迭代，将１与５合并
INFO:root:第148次迭代，将努与力合并
INFO:root:第149次迭代，将参与加合并
INFO:root:第150次迭代，将需与要合并
INFO:root:第151次迭代，将特与别合并
INFO:root:第152次迭代，将开与展合并
INFO:root:第153次迭代，将制与度合并
INFO:root:第154次迭代，将贫与困合并
INFO:root:第155次迭代，将作与用合并
INFO:root:第156次迭代，将计与划合并
INFO:root:第157次迭代，将资与金合并
INFO:root:第158次迭代，将结与构合并
INFO:root:第159次迭代，将书与记合并
INFO:root:第160次迭代，将提与供合并
INFO:root:第161次迭代，将许与多合并
INFO:root:第162次迭代，将上与海合并
INFO:root:第163次迭代，将机与关合并
INFO:root:第164次迭代，将希与望合并
INFO:root:第165次迭代，将世与纪合并
INFO:root:第166次迭代，将事与业合并
INFO:root:第167次迭代，将项与目合并
INFO:root:第168次迭代，将日与本合并
INFO:root:第169次迭代，将和与平合并
INFO:root:第170次迭代，将这与种合并
INFO:root:第171次迭代，将以与来合并
INFO:root:第172次迭代，将这与样合并
INFO:root:第173次迭代，将由与于合并
INFO:root:第174次迭代，将决与定合并
INFO:root:第175次迭代，将部与分合并
INFO:root:第176次迭代，将电与视合并
INFO:root:第177次迭代，将共与同合并
INFO:root:第178次迭代，将――与―合并
INFO:root:第179次迭代，将国务与院合并
INFO:root:第180次迭代，将３与０合并
INFO:root:第181次迭代，将第与二合并
INFO:root:第182次迭代，将指与出合并
INFO:root:第183次迭代，将总与统合并
INFO:root:第184次迭代，将实与际合并
INFO:root:第185次迭代，将不与断合并
INFO:root:第186次迭代，将价与格合并
INFO:root:第187次迭代，将统与一合并
INFO:root:第188次迭代，将已与经合并
INFO:root:第189次迭代，将时与间合并
INFO:root:第190次迭代，将增与加合并
INFO:root:第191次迭代，将促与进合并
INFO:root:第192次迭代，将全与面合并
INFO:root:第193次迭代，将地与方合并
INFO:root:第194次迭代，将以与及合并
INFO:root:第195次迭代，将泽与民合并
INFO:root:第196次迭代，将开与放合并
INFO:root:第197次迭代，将支与持合并
INFO:root:第198次迭代，将形与成合并
INFO:root:第199次迭代，将自与治合并
INFO:root:第200次迭代，将其与中合并
INFO:root:第201次迭代，将国与有合并
INFO:root:第202次迭代，将规与定合并
INFO:root:第203次迭代，将实与施合并
INFO:root:第204次迭代，将条与件合并
INFO:root:第205次迭代，将春与节合并
INFO:root:第206次迭代，将环与境合并
INFO:root:第207次迭代，将中与心合并
INFO:root:第208次迭代，将工与业合并
INFO:root:第209次迭代，将调与整合并
INFO:root:第210次迭代，将出与现合并
INFO:root:第211次迭代，将学与习合并
INFO:root:第212次迭代，将采与取合并
INFO:root:第213次迭代，将部与长合并
INFO:root:第214次迭代，将措与施合并
INFO:root:第215次迭代，将质与量合并
INFO:root:第216次迭代，将收与入合并
INFO:root:第217次迭代，将城与市合并
INFO:root:第218次迭代，将８与年合并
INFO:root:第219次迭代，将传与统合并
INFO:root:第220次迭代，将新与闻合并
INFO:root:第221次迭代，将实与行合并
INFO:root:第222次迭代，将拉与克合并
INFO:root:第223次迭代，将国与内合并
INFO:root:第224次迭代，将发与生合并
INFO:root:第225次迭代，将小与平合并
INFO:root:第226次迭代，将结与合合并
INFO:root:第227次迭代，将５与０合并
INFO:root:第228次迭代，将安与全合并
INFO:root:第229次迭代，将什与么合并
INFO:root:第230次迭代，将起与来合并
INFO:root:第231次迭代，将为与了合并
INFO:root:第232次迭代，将信与息合并
INFO:root:第233次迭代，将１与日合并
INFO:root:第234次迭代，将扶与贫合并
INFO:root:第235次迭代，将任与务合并
INFO:root:第236次迭代，将根与据合并
INFO:root:第237次迭代，将具与有合并
INFO:root:第238次迭代，将不与是合并
INFO:root:第239次迭代，将以与上合并
INFO:root:第240次迭代，将６与年合并
INFO:root:第241次迭代，将广与大合并
INFO:root:第242次迭代，将强与调合并
INFO:root:第243次迭代，将负与责合并
INFO:root:第244次迭代，将机与构合并
INFO:root:第245次迭代，将十五与大合并
INFO:root:第246次迭代，将出与口合并
INFO:root:第247次迭代，将伊与拉克合并
INFO:root:第248次迭代，将规与模合并
INFO:root:第249次迭代，将１与４合并
INFO:root:第250次迭代，将进与入合并
INFO:root:第251次迭代，将现与在合并
INFO:root:第252次迭代，将住与房合并
INFO:root:第253次迭代，将出与版合并
INFO:root:第254次迭代，将委员与会合并
INFO:root:第255次迭代，将不与仅合并
INFO:root:第256次迭代，将学与生合并
INFO:root:第257次迭代，将战与略合并
INFO:root:第258次迭代，将得与到合并
INFO:root:第259次迭代，将形与式合并
INFO:root:第260次迭代，将作与出合并
INFO:root:第261次迭代，将保与持合并
INFO:root:第262次迭代，将解与放合并
INFO:root:第263次迭代，将电与话合并
INFO:root:第264次迭代，将劳与动合并
INFO:root:第265次迭代，将先与进合并
INFO:root:第266次迭代，将重与点合并
INFO:root:第267次迭代，将不与同合并
INFO:root:第268次迭代，将这与里合并
INFO:root:第269次迭代，将而与且合并
INFO:root:第270次迭代，将一与定合并
INFO:root:第271次迭代，将两与岸合并
INFO:root:第272次迭代，将过与去合并
INFO:root:第273次迭代，将能与力合并
INFO:root:第274次迭代，将政与协合并
INFO:root:第275次迭代，将１与３合并
INFO:root:第276次迭代，将完与成合并
INFO:root:第277次迭代，将达与到合并
INFO:root:第278次迭代，将目与标合并
INFO:root:第279次迭代，将…与…合并
INFO:root:第280次迭代，将保与护合并
INFO:root:第281次迭代，将专与家合并
INFO:root:第282次迭代，将竞与争合并
INFO:root:第283次迭代，将严与重合并
INFO:root:第284次迭代，将系与统合并
INFO:root:第285次迭代，将利与用合并
INFO:root:第286次迭代，将成与功合并
INFO:root:第287次迭代，将总与理合并
INFO:root:第288次迭代，将孩与子合并
INFO:root:第289次迭代，将委与会合并
INFO:root:第290次迭代，将正与在合并
INFO:root:第291次迭代，将其与他合并
INFO:root:第292次迭代，将革与命合并
INFO:root:第293次迭代，将外与交合并
INFO:root:第294次迭代，将各与级合并
INFO:root:第295次迭代，将应与当合并
INFO:root:第296次迭代，将１与００合并
INFO:root:第297次迭代，将祖与国合并
INFO:root:第298次迭代，将１９９与８年合并
INFO:root:第299次迭代，将主与任合并
INFO:root:第300次迭代，将资与源合并
INFO:root:第301次迭代，将重与视合并
INFO:root:第302次迭代，将青与年合并
INFO:root:第303次迭代，将经与过合并
INFO:root:第304次迭代，将１９９与６年合并
INFO:root:第305次迭代，将地与震合并
INFO:root:第306次迭代，将各与种合并
INFO:root:第307次迭代，将责与任合并
INFO:root:第308次迭代，将１与６合并
INFO:root:第309次迭代，将危与机合并
INFO:root:第310次迭代，将１与８合并
INFO:root:第311次迭代，将发与现合并
INFO:root:第312次迭代，将可与能合并
INFO:root:第313次迭代，将创与造合并
INFO:root:第314次迭代，将只与有合并
INFO:root:第315次迭代，将重与大合并
INFO:root:第316次迭代，将年与代合并
INFO:root:第317次迭代，将推与动合并
INFO:root:第318次迭代，将大与学合并
INFO:root:第319次迭代，将十与分合并
INFO:root:第320次迭代，将各与地合并
INFO:root:第321次迭代，将因与为合并
INFO:root:第322次迭代，将落与实合并
INFO:root:第323次迭代，将如与果合并
INFO:root:第324次迭代，将台与湾合并
INFO:root:第325次迭代，将方与式合并
INFO:root:第326次迭代，将效与益合并
INFO:root:第327次迭代，将体与制合并
INFO:root:第328次迭代，将中与共合并
INFO:root:第329次迭代，将推与进合并
INFO:root:第330次迭代，将行与政合并
INFO:root:第331次迭代，将国与民合并
INFO:root:第332次迭代，将罗与斯合并
INFO:root:第333次迭代，将深与入合并
INFO:root:第334次迭代，将认与识合并
INFO:root:第335次迭代，将资与产合并
INFO:root:第336次迭代，将宣与传合并
INFO:root:第337次迭代，将中与华合并
INFO:root:第338次迭代，将介与绍合并
INFO:root:第339次迭代，将看与到合并
INFO:root:第340次迭代，将包与括合并
INFO:root:第341次迭代，将消与费合并
INFO:root:第342次迭代，将新与年合并
INFO:root:第343次迭代，将素与质合并
INFO:root:第344次迭代，将帮与助合并
INFO:root:第345次迭代，将灾与区合并
INFO:root:第346次迭代，将有与的合并
INFO:root:第347次迭代，将第与三合并
INFO:root:第348次迭代，将还与有合并
INFO:root:第349次迭代，将演与出合并
INFO:root:第350次迭代，将２与５合并
INFO:root:第351次迭代，将因与此合并
INFO:root:第352次迭代，将发与挥合并
INFO:root:第353次迭代，将１与．合并
INFO:root:第354次迭代，将交与通合并
INFO:root:第355次迭代，将调与查合并
INFO:root:第356次迭代，将利与益合并
INFO:root:第357次迭代，将就与业合并
INFO:root:第358次迭代，将成与果合并
INFO:root:第359次迭代，将实与践合并
INFO:root:第360次迭代，将关与于合并
INFO:root:第361次迭代，将之与间合并
INFO:root:第362次迭代，将部与队合并
INFO:root:第363次迭代，将机与制合并
INFO:root:第364次迭代，将下与岗合并
INFO:root:第365次迭代，将作与品合并
INFO:root:第366次迭代，将公与安合并
INFO:root:第367次迭代，将长与期合并
INFO:root:第368次迭代，将所与有合并
INFO:root:第369次迭代，将会与见合并
INFO:root:第370次迭代，将财与政合并
INFO:root:第371次迭代，将现代与化合并
INFO:root:第372次迭代，将对与于合并
INFO:root:第373次迭代，将贸与易合并
INFO:root:第374次迭代，将俄与罗斯合并
INFO:root:第375次迭代，将阶与段合并
INFO:root:第376次迭代，将了与解合并
INFO:root:第377次迭代，将成与立合并
INFO:root:第378次迭代，将个与人合并
INFO:root:第379次迭代，将不与可合并
INFO:root:第380次迭代，将发与表合并
INFO:root:第381次迭代，将８与０合并
INFO:root:第382次迭代，将如与何合并
INFO:root:第383次迭代，将家与庭合并
INFO:root:第384次迭代，将监与督合并
INFO:root:第385次迭代，将获与得合并
INFO:root:第386次迭代，将领与域合并
INFO:root:第387次迭代，将设与施合并
INFO:root:第388次迭代，将优与势合并
INFO:root:第389次迭代，将受与到合并
INFO:root:第390次迭代，将英与国合并
INFO:root:第391次迭代，将期与间合并
INFO:root:第392次迭代，将资与本合并
INFO:root:第393次迭代，将贡与献合并
INFO:root:第394次迭代，将内与容合并
INFO:root:第395次迭代，将旅与游合并
INFO:root:第396次迭代，将原与则合并
INFO:root:第397次迭代，将自与然合并
INFO:root:第398次迭代，将行与为合并
INFO:root:第399次迭代，将行与动合并
INFO:root:第400次迭代，将双与方合并
INFO:root:第401次迭代，将按与照合并
INFO:root:第402次迭代，将召与开合并
INFO:root:第403次迭代，将指与导合并
INFO:root:第404次迭代，将充与分合并
INFO:root:第405次迭代，将保与证合并
INFO:root:第406次迭代，将４与０合并
INFO:root:第407次迭代，将原与因合并
INFO:root:第408次迭代，将有与效合并
INFO:root:第409次迭代，将１与７合并
INFO:root:第410次迭代，将经与验合并
INFO:root:第411次迭代，将系与列合并
INFO:root:第412次迭代，将访与问合并
INFO:root:第413次迭代，将犯与罪合并
INFO:root:第414次迭代，将投与入合并
INFO:root:第415次迭代，将良与好合并
INFO:root:第416次迭代，将欧与洲合并
INFO:root:第417次迭代，将创与作合并
INFO:root:第418次迭代，将比与赛合并
INFO:root:第419次迭代，将形与势合并
INFO:root:第420次迭代，将过与程合并
INFO:root:第421次迭代，将直与接合并
INFO:root:第422次迭代，将分与别合并
INFO:root:第423次迭代，将存与在合并
INFO:root:第424次迭代，将贯与彻合并
INFO:root:第425次迭代，将变与化合并
INFO:root:第426次迭代，将为与主合并
INFO:root:第427次迭代，将报与告合并
INFO:root:第428次迭代，将商与品合并
INFO:root:第429次迭代，将认与真合并
INFO:root:第430次迭代，将医与院合并
INFO:root:第431次迭代，将日与前合并
INFO:root:第432次迭代，将持与续合并
INFO:root:第433次迭代，将当与地合并
INFO:root:第434次迭代，将货与币合并
INFO:root:第435次迭代，将全与部合并
INFO:root:第436次迭代，将股与份合并
INFO:root:第437次迭代，将扩与大合并
INFO:root:第438次迭代，将还与是合并
INFO:root:第439次迭代，将交与易合并
INFO:root:第440次迭代，将制与定合并
INFO:root:第441次迭代，将民与主合并
INFO:root:第442次迭代，将学与校合并
INFO:root:第443次迭代，将造与成合并
INFO:root:第444次迭代，将联合与国合并
INFO:root:第445次迭代，将行与业合并
INFO:root:第446次迭代，将这与次合并
INFO:root:第447次迭代，将产与生合并
INFO:root:第448次迭代，将１２与月合并
INFO:root:第449次迭代，将音与乐合并
INFO:root:第450次迭代，将根与本合并
INFO:root:第451次迭代，将力与量合并
INFO:root:第452次迭代，将人与才合并
INFO:root:第453次迭代，将健与康合并
INFO:root:第454次迭代，将体与系合并
INFO:root:第455次迭代，将慰与问合并
INFO:root:第456次迭代，将２与２合并
INFO:root:第457次迭代，将一与起合并
INFO:root:第458次迭代，将军与事合并
INFO:root:第459次迭代，将大与家合并
INFO:root:第460次迭代，将运与动合并
INFO:root:第461次迭代，将销与售合并
INFO:root:第462次迭代，将标与准合并
INFO:root:第463次迭代，将二与十合并
INFO:root:第464次迭代，将有与限合并
INFO:root:第465次迭代，将贷与款合并
INFO:root:第466次迭代，将知与识合并
INFO:root:第467次迭代，将人与口合并
INFO:root:第468次迭代，将改与善合并
INFO:root:第469次迭代，将６与０合并
INFO:root:第470次迭代，将天与津合并
INFO:root:第471次迭代，将２与４合并
INFO:root:第472次迭代，将宣与布合并
INFO:root:第473次迭代，将大与会合并
INFO:root:第474次迭代，将最与近合并
INFO:root:第475次迭代，将分与析合并
INFO:root:第476次迭代，将基与层合并
INFO:root:第477次迭代，将结与果合并
INFO:root:第478次迭代，将不与少合并
INFO:root:第479次迭代，将联与系合并
INFO:root:第480次迭代，将斗与争合并
INFO:root:第481次迭代，将救与灾合并
INFO:root:第482次迭代，将先与后合并
INFO:root:第483次迭代，将基与金合并
INFO:root:第484次迭代，将使与用合并
INFO:root:第485次迭代，将综与合合并
INFO:root:第486次迭代，将邓与小平合并
INFO:root:第487次迭代，将邓小平与理论合并
INFO:root:第488次迭代，将参与与合并
INFO:root:第489次迭代，将证与券合并
INFO:root:第490次迭代，将增与强合并
INFO:root:第491次迭代，将加与快合并
INFO:root:第492次迭代，将市场与经济合并
INFO:root:第493次迭代，将处与理合并
INFO:root:第494次迭代，将统与计合并
INFO:root:第495次迭代，将亚与洲合并
INFO:root:第496次迭代，将居与民合并
INFO:root:第497次迭代，将结与束合并
INFO:root:第498次迭代，将检与查合并
INFO:root:第499次迭代，将首与先合并
INFO:root:第500次迭代，将明与显合并
INFO:root:第501次迭代，将５与年合并
INFO:root:第502次迭代，将铁与路合并
INFO:root:第503次迭代，将讲与话合并
INFO:root:第504次迭代，将特与色合并
INFO:root:第505次迭代，将方与针合并
INFO:root:第506次迭代，将团与结合并
INFO:root:第507次迭代，将集与中合并
INFO:root:第508次迭代，将价与值合并
INFO:root:第509次迭代，将更与加合并
INFO:root:第510次迭代，将广与东合并
INFO:root:第511次迭代，将选与举合并
INFO:root:第512次迭代，将培与训合并
INFO:root:第513次迭代，将但与是合并
INFO:root:第514次迭代，将具与体合并
INFO:root:第515次迭代，将大与量合并
INFO:root:第516次迭代，将公与里合并
INFO:root:第517次迭代，将优与秀合并
INFO:root:第518次迭代，将自治与区合并
INFO:root:第519次迭代，将应与该合并
INFO:root:第520次迭代，将京与剧合并
INFO:root:第521次迭代，将石与油合并
INFO:root:第522次迭代，将高与度合并
INFO:root:第523次迭代，将电与力合并
INFO:root:第524次迭代，将执与行合并
INFO:root:第525次迭代，将晚与会合并
INFO:root:第526次迭代，将才与能合并
INFO:root:第527次迭代，将接与受合并
INFO:root:第528次迭代，将斯与坦合并
INFO:root:第529次迭代，将中共与中央合并
INFO:root:第530次迭代，将时与期合并
INFO:root:第531次迭代，将大与力合并
INFO:root:第532次迭代，将现与象合并
INFO:root:第533次迭代，将加与大合并
INFO:root:第534次迭代，将减与少合并
INFO:root:第535次迭代，将进与程合并
INFO:root:第536次迭代，将表与现合并
INFO:root:第537次迭代，将汽与车合并
INFO:root:第538次迭代，将法与国合并
INFO:root:第539次迭代，将来与自合并
INFO:root:第540次迭代，将乡与镇合并
INFO:root:第541次迭代，将任与何合并
INFO:root:第542次迭代，将控与制合并
INFO:root:第543次迭代，将各与项合并
INFO:root:第544次迭代，将突与破合并
INFO:root:第545次迭代，将北京与市合并
INFO:root:第546次迭代，将最与后合并
INFO:root:第547次迭代，将力与度合并
INFO:root:第548次迭代，将商与业合并
INFO:root:第549次迭代，将２与３合并
INFO:root:第550次迭代，将观与众合并
INFO:root:第551次迭代，将老与人合并
INFO:root:第552次迭代，将腐与败合并
INFO:root:第553次迭代，将精神与文明合并
INFO:root:第554次迭代，将读与者合并
INFO:root:第555次迭代，将尼与亚合并
INFO:root:第556次迭代，将意与义合并
INFO:root:第557次迭代，将人与士合并
INFO:root:第558次迭代，将之与一合并
INFO:root:第559次迭代，将伟与大合并
INFO:root:第560次迭代，将成与绩合并
INFO:root:第561次迭代，将准与备合并
INFO:root:第562次迭代，将８与日合并
INFO:root:第563次迭代，将对与外合并
INFO:root:第564次迭代，将地与位合并
INFO:root:第565次迭代，将．与５合并
INFO:root:第566次迭代，将来与到合并
INFO:root:第567次迭代，将带与来合并
INFO:root:第568次迭代，将近与年合并
INFO:root:第569次迭代，将甚与至合并
INFO:root:第570次迭代，将时与代合并
INFO:root:第571次迭代，将土与地合并
INFO:root:第572次迭代，将每与年合并
INFO:root:第573次迭代，将平与均合并
INFO:root:第574次迭代，将卫与生合并
INFO:root:第575次迭代，将首与都合并
INFO:root:第576次迭代，将大与型合并
INFO:root:第577次迭代，将人与大合并
INFO:root:第578次迭代，将然与而合并
INFO:root:第579次迭代，将引与起合并
INFO:root:第580次迭代，将规与范合并
INFO:root:第581次迭代，将恩与来合并
INFO:root:第582次迭代，将逐与步合并
INFO:root:第583次迭代，将随与着合并
INFO:root:第584次迭代，将举与办合并
INFO:root:第585次迭代，将或与者合并
INFO:root:第586次迭代，将需与求合并
INFO:root:第587次迭代，将反与对合并
INFO:root:第588次迭代，将友与好合并
INFO:root:第589次迭代，将设与备合并
INFO:root:第590次迭代，将１９与８合并
INFO:root:第591次迭代，将副与总合并
INFO:root:第592次迭代，将其与琛合并
INFO:root:第593次迭代，将组与成合并
INFO:root:第594次迭代，将成与员合并
INFO:root:第595次迭代，将战与争合并
INFO:root:第596次迭代，将明与确合并
INFO:root:第597次迭代，将话与剧合并
INFO:root:第598次迭代，将党与中央合并
INFO:root:第599次迭代，将党与委合并
INFO:root:第600次迭代，将连与续合并
INFO:root:第601次迭代，将２与００合并
INFO:root:第602次迭代，将文与学合并
INFO:root:第603次迭代，将关与键合并
INFO:root:第604次迭代，将整与个合并
INFO:root:第605次迭代，将出与席合并
INFO:root:第606次迭代，将有与利合并
INFO:root:第607次迭代，将真与正合并
INFO:root:第608次迭代，将德与国合并
INFO:root:第609次迭代，将现与实合并
INFO:root:第610次迭代，将培与养合并
INFO:root:第611次迭代，将法与律合并
INFO:root:第612次迭代，将当与前合并
INFO:root:第613次迭代，将最与高合并
INFO:root:第614次迭代，将欢与迎合并
INFO:root:第615次迭代，将反与映合并
INFO:root:第616次迭代，将集与体合并
INFO:root:第617次迭代，将专与业合并
INFO:root:第618次迭代，将大与利合并
INFO:root:第619次迭代，将交与流合并
INFO:root:第620次迭代，将办与法合并
INFO:root:第621次迭代，将多与年合并
INFO:root:第622次迭代，将能与够合并
INFO:root:第623次迭代，将巨与大合并
INFO:root:第624次迭代，将河与北合并
INFO:root:第625次迭代，将一与月合并
INFO:root:第626次迭代，将马与克合并
INFO:root:第627次迭代，将食与品合并
INFO:root:第628次迭代，将共与产合并
INFO:root:第629次迭代，将正与式合并
INFO:root:第630次迭代，将丰与富合并
INFO:root:第631次迭代，将进与步合并
INFO:root:第632次迭代，将时与候合并
INFO:root:第633次迭代，将节与日合并
INFO:root:第634次迭代，将及与时合并
INFO:root:第635次迭代，将方与法合并
INFO:root:第636次迭代，将２与６合并
INFO:root:第637次迭代，将检与察合并
INFO:root:第638次迭代，将完与全合并
INFO:root:第639次迭代，将速与度合并
INFO:root:第640次迭代，将完与善合并
INFO:root:第641次迭代，将有限与公司合并
INFO:root:第642次迭代，将案与件合并
INFO:root:第643次迭代，将谈与判合并
INFO:root:第644次迭代，将领导与人合并
INFO:root:第645次迭代，将多与种合并
INFO:root:第646次迭代，将比与较合并
INFO:root:第647次迭代，将体与现合并
INFO:root:第648次迭代，将协与会合并
INFO:root:第649次迭代，将恢与复合并
INFO:root:第650次迭代，将面与积合并
INFO:root:第651次迭代，将业与务合并
INFO:root:第652次迭代，将表与明合并
INFO:root:第653次迭代，将突与出合并
INFO:root:第654次迭代，将官与兵合并
INFO:root:第655次迭代，将泰与国合并
INFO:root:第656次迭代，将９与０合并
INFO:root:第657次迭代，将篮与子合并
INFO:root:第658次迭代，将经与贸合并
INFO:root:第659次迭代，将意与识合并
INFO:root:第660次迭代，将近年与来合并
INFO:root:第661次迭代，将超与过合并
INFO:root:第662次迭代，将会与谈合并
INFO:root:第663次迭代，将出与来合并
INFO:root:第664次迭代，将全与市合并
INFO:root:第665次迭代，将一与直合并
INFO:root:第666次迭代，将因与素合并
INFO:root:第667次迭代，将菜与篮子合并
INFO:root:第668次迭代，将江与苏合并
INFO:root:第669次迭代，将之与后合并
INFO:root:第670次迭代，将各与国合并
INFO:root:第671次迭代，将转与变合并
INFO:root:第672次迭代，将意与见合并
INFO:root:第673次迭代，将南与省合并
INFO:root:第674次迭代，将文与艺合并
INFO:root:第675次迭代，将办与公合并
INFO:root:第676次迭代，将新与春合并
INFO:root:第677次迭代，将而与是合并
INFO:root:第678次迭代，将设与计合并
INFO:root:第679次迭代，将汇与率合并
INFO:root:第680次迭代，将队与伍合并
INFO:root:第681次迭代，将关与注合并
INFO:root:第682次迭代，将未与来合并
INFO:root:第683次迭代，将一与家合并
INFO:root:第684次迭代，将适与应合并
INFO:root:第685次迭代，将朋与友合并
INFO:root:第686次迭代，将９与日合并
INFO:root:第687次迭代，将一与切合并
INFO:root:第688次迭代，将从与而合并
INFO:root:第689次迭代，将做与好合并
INFO:root:第690次迭代，将状与况合并
INFO:root:第691次迭代，将下与午合并
INFO:root:第692次迭代，将所与以合并
INFO:root:第693次迭代，将依与法合并
INFO:root:第694次迭代，将选与手合并
INFO:root:第695次迭代，将风与险合并
INFO:root:第696次迭代，将７与０合并
INFO:root:第697次迭代，将教与师合并
INFO:root:第698次迭代，将改与变合并
INFO:root:第699次迭代，将国民与经济合并
INFO:root:第700次迭代，将虽与然合并
INFO:root:第701次迭代，将内与部合并
INFO:root:第702次迭代，将阿与拉合并
INFO:root:第703次迭代，将奋与斗合并
INFO:root:第704次迭代，将关与心合并
INFO:root:第705次迭代，将国与防合并
INFO:root:第706次迭代，将一与点合并
INFO:root:第707次迭代，将全与球合并
INFO:root:第708次迭代，将正与确合并
INFO:root:第709次迭代，将广与泛合并
INFO:root:第710次迭代，将批与准合并
INFO:root:第711次迭代，将维与护合并
INFO:root:第712次迭代，将安与排合并
INFO:root:第713次迭代，将严与格合并
INFO:root:第714次迭代，将艰与苦合并
INFO:root:第715次迭代，将保与障合并
INFO:root:第716次迭代，将程与度合并
INFO:root:第717次迭代，将医与疗合并
INFO:root:第718次迭代，将纪与念合并
INFO:root:第719次迭代，将节与目合并
INFO:root:第720次迭代，将运与行合并
INFO:root:第721次迭代，将典与型合并
INFO:root:第722次迭代，将建与成合并
INFO:root:第723次迭代，将韩与国合并
INFO:root:第724次迭代，将相与互合并
INFO:root:第725次迭代，将基与地合并
INFO:root:第726次迭代，将法与院合并
INFO:root:第727次迭代，将区与域合并
INFO:root:第728次迭代，将切与实合并
INFO:root:第729次迭代，将０与．合并
INFO:root:第730次迭代，将４与年合并
INFO:root:第731次迭代，将党与员合并
INFO:root:第732次迭代，将１９９与５年合并
INFO:root:第733次迭代，将感与到合并
INFO:root:第734次迭代，将下与降合并
INFO:root:第735次迭代，将共与和合并
INFO:root:第736次迭代，将越与来合并
INFO:root:第737次迭代，将越来与越合并
INFO:root:第738次迭代，将选与择合并
INFO:root:第739次迭代，将工与商合并
INFO:root:第740次迭代，将小与组合并
INFO:root:第741次迭代，将著与名合并
INFO:root:第742次迭代，将迅与速合并
INFO:root:第743次迭代，将电与子合并
INFO:root:第744次迭代，将开与拓合并
INFO:root:第745次迭代，将人与类合并
INFO:root:第746次迭代，将东与南合并
INFO:root:第747次迭代，将先与生合并
INFO:root:第748次迭代，将粮与食合并
INFO:root:第749次迭代，将拥与有合并
INFO:root:第750次迭代，将军与区合并
INFO:root:第751次迭代，将分与配合并
INFO:root:第752次迭代，将马克与思合并
INFO:root:第753次迭代，将进与展合并
INFO:root:第754次迭代，将事与件合并
INFO:root:第755次迭代，将以与色合并
INFO:root:第756次迭代，将以色与列合并
INFO:root:第757次迭代，将５与００合并
INFO:root:第758次迭代，将山与东合并
INFO:root:第759次迭代，将２与１合并
INFO:root:第760次迭代，将共和与国合并
INFO:root:第761次迭代，将形与象合并
INFO:root:第762次迭代，将范与围合并
INFO:root:第763次迭代，将不与得合并
INFO:root:第764次迭代，将繁与荣合并
INFO:root:第765次迭代，将合与理合并
INFO:root:第766次迭代，将建与议合并
INFO:root:第767次迭代，将协与议合并
INFO:root:第768次迭代，将全与省合并
INFO:root:第769次迭代，将确与定合并
INFO:root:第770次迭代，将损与失合并
INFO:root:第771次迭代，将一与样合并
INFO:root:第772次迭代，将武与器合并
INFO:root:第773次迭代，将探与索合并
INFO:root:第774次迭代，将目与的合并
INFO:root:第775次迭代，将协与调合并
INFO:root:第776次迭代，将７与日合并
INFO:root:第777次迭代，将２与０００合并
INFO:root:第778次迭代，将人与物合并
INFO:root:第779次迭代，将１与１合并
INFO:root:第780次迭代，将宏与观合并
INFO:root:第781次迭代，将一与九合并
INFO:root:第782次迭代，将改与造合并
INFO:root:第783次迭代，将解放与军合并
INFO:root:第784次迭代，将尤与其合并
INFO:root:第785次迭代，将欧与盟合并
INFO:root:第786次迭代，将大与使合并
INFO:root:第787次迭代，将外与国合并
INFO:root:第788次迭代，将南与非合并
INFO:root:第789次迭代，将生与命合并
INFO:root:第790次迭代，将有与人合并
INFO:root:第791次迭代，将今与后合并
INFO:root:第792次迭代，将左与右合并
INFO:root:第793次迭代，将有与些合并
INFO:root:第794次迭代，将水与利合并
INFO:root:第795次迭代，将股与市合并
INFO:root:第796次迭代，将观与念合并
INFO:root:第797次迭代，将近与日合并
INFO:root:第798次迭代，将四与川合并
INFO:root:第799次迭代，将深与化合并
INFO:root:第800次迭代，将只与要合并
INFO:root:第801次迭代，将坚与决合并
INFO:root:第802次迭代，将人与均合并
INFO:root:第803次迭代，将兼与并合并
INFO:root:第804次迭代，将股与票合并
INFO:root:第805次迭代，将尽与管合并
INFO:root:第806次迭代，将平与方合并
INFO:root:第807次迭代，将１与１月合并
INFO:root:第808次迭代，将儿与童合并
INFO:root:第809次迭代，将广与州合并
INFO:root:第810次迭代，将给与予合并
INFO:root:第811次迭代，将面与对合并
INFO:root:第812次迭代，将１与０００合并
INFO:root:第813次迭代，将科与研合并
INFO:root:第814次迭代，将下与乡合并
INFO:root:第815次迭代，将第与四合并
INFO:root:第816次迭代，将重与新合并
INFO:root:第817次迭代，将趋与势合并
INFO:root:第818次迭代，将面与临合并
INFO:root:第819次迭代，将道与路合并
INFO:root:第820次迭代，将蒙与古合并
INFO:root:第821次迭代，将脱与贫合并
INFO:root:第822次迭代，将克与林合并
INFO:root:第823次迭代，将快与速合并
INFO:root:第824次迭代，将整与体合并
INFO:root:第825次迭代，将妇与女合并
INFO:root:第826次迭代，将顺与利合并
INFO:root:第827次迭代，将普与通合并
INFO:root:第828次迭代，将西与方合并
INFO:root:第829次迭代，将正与是合并
INFO:root:第830次迭代，将手与段合并
INFO:root:第831次迭代，将非与常合并
INFO:root:第832次迭代，将３与００合并
INFO:root:第833次迭代，将天与气合并
INFO:root:第834次迭代，将如与今合并
INFO:root:第835次迭代，将注与意合并
INFO:root:第836次迭代，将建与筑合并
INFO:root:第837次迭代，将经与理合并
INFO:root:第838次迭代，将矛与盾合并
INFO:root:第839次迭代，将军与队合并
INFO:root:第840次迭代，将克林与顿合并
INFO:root:第841次迭代，将一与般合并
INFO:root:第842次迭代，将常与委会合并
INFO:root:第843次迭代，将多与元合并
INFO:root:第844次迭代，将推与广合并
INFO:root:第845次迭代，将东南与亚合并
INFO:root:第846次迭代，将动与物合并
INFO:root:第847次迭代，将发与行合并
INFO:root:第848次迭代，将同与胞合并
INFO:root:第849次迭代，将上与年合并
INFO:root:第850次迭代，将及与其合并
INFO:root:第851次迭代，将温与暖合并
INFO:root:第852次迭代，将核与查合并
INFO:root:第853次迭代，将中与东合并
INFO:root:第854次迭代，将学与者合并
INFO:root:第855次迭代，将特与点合并
INFO:root:第856次迭代，将日与报合并
INFO:root:第857次迭代，将进与口合并
INFO:root:第858次迭代，将相与当合并
INFO:root:第859次迭代，将如与此合并
INFO:root:第860次迭代，将那与些合并
INFO:root:第861次迭代，将一与致合并
INFO:root:第862次迭代，将局与面合并
INFO:root:第863次迭代，将上与午合并
INFO:root:第864次迭代，将治与理合并
INFO:root:第865次迭代，将经与常合并
INFO:root:第866次迭代，将股份与制合并
INFO:root:第867次迭代，将外与资合并
INFO:root:第868次迭代，将再与次合并
INFO:root:第869次迭代，将部与署合并
INFO:root:第870次迭代，将指与挥合并
INFO:root:第871次迭代，将．与８合并
INFO:root:第872次迭代，将是与否合并
INFO:root:第873次迭代，将成与本合并
INFO:root:第874次迭代，将工与人合并
INFO:root:第875次迭代，将图与书合并
INFO:root:第876次迭代，将旅与客合并
INFO:root:第877次迭代，将旗与帜合并
INFO:root:第878次迭代，将实与事合并
INFO:root:第879次迭代，将表与演合并
INFO:root:第880次迭代，将推与出合并
INFO:root:第881次迭代，将公与路合并
INFO:root:第882次迭代，将５与％合并
INFO:root:第883次迭代，将地与质合并
INFO:root:第884次迭代，将一九与九合并
INFO:root:第885次迭代，将战与士合并
INFO:root:第886次迭代，将仪与式合并
INFO:root:第887次迭代，将现与场合并
INFO:root:第888次迭代，将阿与尔合并
INFO:root:第889次迭代，将信与心合并
INFO:root:第890次迭代，将证与明合并
INFO:root:第891次迭代，将文与章合并
INFO:root:第892次迭代，将各与界合并
INFO:root:第893次迭代，将灾与民合并
INFO:root:第894次迭代，将鼓与励合并
INFO:root:第895次迭代，将山与区合并
INFO:root:第896次迭代，将告与诉合并
INFO:root:第897次迭代，将３与年合并
INFO:root:第898次迭代，将多与少合并
INFO:root:第899次迭代，将公与开合并
INFO:root:第900次迭代，将检察与院合并
INFO:root:第901次迭代，将走与向合并
INFO:root:第902次迭代，将为与人合并
INFO:root:第903次迭代，将主与持合并
INFO:root:第904次迭代，将南与京合并
INFO:root:第905次迭代，将难与以合并
INFO:root:第906次迭代，将１２与日合并
INFO:root:第907次迭代，将核与心合并
INFO:root:第908次迭代，将负责与人合并
INFO:root:第909次迭代，将对与此合并
INFO:root:第910次迭代，将普与遍合并
INFO:root:第911次迭代，将１３与日合并
INFO:root:第912次迭代，将外与长合并
INFO:root:第913次迭代，将２与年合并
INFO:root:第914次迭代，将功与能合并
INFO:root:第915次迭代，将来与说合并
INFO:root:第916次迭代，将方与向合并
INFO:root:第917次迭代，将那与么合并
INFO:root:第918次迭代，将一与方面合并
INFO:root:第919次迭代，将纷与纷合并
INFO:root:第920次迭代，将不与久合并
INFO:root:第921次迭代，将批与评合并
INFO:root:第922次迭代，将利与率合并
INFO:root:第923次迭代，将供与应合并
INFO:root:第924次迭代，将相与信合并
INFO:root:第925次迭代，将成与就合并
INFO:root:第926次迭代，将模与范合并
INFO:root:第927次迭代，将年与轻合并
INFO:root:第928次迭代，将以与后合并
INFO:root:第929次迭代，将标与志合并
INFO:root:第930次迭代，将始与终合并
INFO:root:第931次迭代，将少与年合并
INFO:root:第932次迭代，将少与数合并
INFO:root:第933次迭代，将市与民合并
INFO:root:第934次迭代，将消费与者合并
INFO:root:第935次迭代，将第与十合并
INFO:root:第936次迭代，将电视与台合并
INFO:root:第937次迭代，将从与事合并
INFO:root:第938次迭代，将只与是合并
INFO:root:第939次迭代，将主与张合并
INFO:root:第940次迭代，将有利与于合并
INFO:root:第941次迭代，将它与们合并
INFO:root:第942次迭代，将怎与么合并
INFO:root:第943次迭代，将的与话合并
INFO:root:第944次迭代，将年与前合并
INFO:root:第945次迭代，将物与资合并
INFO:root:第946次迭代，将电与影合并
INFO:root:第947次迭代，将军与委合并
INFO:root:第948次迭代，将机与会合并
INFO:root:第949次迭代，将演与员合并
INFO:root:第950次迭代，将出与发合并
INFO:root:第951次迭代，将决与策合并
INFO:root:第952次迭代，将引与进合并
INFO:root:第953次迭代，将运与输合并
INFO:root:第954次迭代，将政治与局合并
INFO:root:第955次迭代，将争与取合并
INFO:root:第956次迭代，将１与年合并
INFO:root:第957次迭代，将有与所合并
INFO:root:第958次迭代，将针与对合并
INFO:root:第959次迭代，将广与播合并
INFO:root:第960次迭代，将独与立合并
INFO:root:第961次迭代，将周与年合并
INFO:root:第962次迭代，将岚与清合并
INFO:root:第963次迭代，将工作与者合并
INFO:root:第964次迭代，将西与藏合并
INFO:root:第965次迭代，将１９９与４年合并
INFO:root:第966次迭代，将多与数合并
INFO:root:第967次迭代，将还与要合并
INFO:root:第968次迭代，将公与斤合并
INFO:root:第969次迭代，将很与多合并
INFO:root:第970次迭代，将秘与书合并
INFO:root:第971次迭代，将特与困合并
INFO:root:第972次迭代，将专与门合并
INFO:root:第973次迭代，将数与字合并
INFO:root:第974次迭代，将州与市合并
INFO:root:第975次迭代，将保与险合并
INFO:root:第976次迭代，将马克思与主义合并
INFO:root:第977次迭代，将自与身合并
INFO:root:第978次迭代，将正与常合并
INFO:root:第979次迭代，将华与人合并
INFO:root:第980次迭代，将蔬与菜合并
INFO:root:第981次迭代，将．与４合并
INFO:root:第982次迭代，将东与西合并
INFO:root:第983次迭代，将共产与党合并
INFO:root:第984次迭代，将全与体合并
INFO:root:第985次迭代，将小与时合并
INFO:root:第986次迭代，将你与们合并
INFO:root:第987次迭代，将新与疆合并
INFO:root:第988次迭代，将引与导合并
INFO:root:第989次迭代，将围与绕合并
INFO:root:第990次迭代，将感与谢合并
INFO:root:第991次迭代，将做与出合并
INFO:root:第992次迭代，将执与法合并
INFO:root:第993次迭代，将大与中合并
INFO:root:第994次迭代，将事与故合并
INFO:root:第995次迭代，将运与会合并
INFO:root:第996次迭代，将湖与北合并
INFO:root:第997次迭代，将实与力合并
INFO:root:第998次迭代，将９与月合并
INFO:root:第999次迭代，将此与次合并
INFO:root:第1000次迭代，将必与要合并
INFO:root:[('迈', 152), ('向', 2219), ('|', 1113018), ('充', 556), ('满', 721), ('希', 687), ('望', 962), ('的', 55212), ('新', 6336), ('世', 2237), ('纪', 1183), ('―', 2167), ('一', 17642), ('九', 852), ('八', 876), ('年', 11072), ('讲', 728), ('话', 1537), ('（', 4356), ('附', 426), ('图', 1344), ('片', 1232), ('１', 12469), ('张', 1821), ('）', 4356), ('中', 12962), ('共', 1961), ('央', 1298), ('总', 2908), ('书', 1745), ('记', 3223), ('、', 23116), ('国', 17901), ('家', 6343), ('主', 4954), ('席', 1008), ('江', 1607), ('泽', 687), ('民', 6562), ('七', 466), ('十', 2935), ('二', 1634), ('月', 4149), ('三', 2363), ('日', 6062), ('２', 5767), ('３', 3793), ('，', 74921), ('发', 7388), ('表', 2631), ('９', 6876), ('８', 3050), ('《', 1940), ('》', 1940), ('。', 35983), ('华', 3026), ('社', 3803), ('者', 4411), ('兰', 463), ('红', 662), ('光', 982), ('摄', 596), ('同', 4264), ('胞', 224), ('们', 5170), ('朋', 194), ('友', 666), ('女', 1318), ('士', 762), ('先', 1590), ('生', 5540), ('：', 3258), ('在', 13701), ('来', 5823), ('临', 532), ('之', 2919), ('际', 1682), ('我', 5265), ('分', 3709), ('高', 4100), ('兴', 869), ('地', 7404), ('通', 2394), ('过', 3435), ('人', 12586), ('广', 1779), ('播', 349), ('电', 3959), ('台', 1378), ('和', 11945), ('视', 1201), ('全', 5296), ('各', 2830), ('族', 1522), ('香', 712), ('港', 884), ('特', 2280), ('别', 1290), ('行', 6600), ('政', 5021), ('区', 3766), ('澳', 231), ('门', 1874), ('湾', 458), ('海', 2151), ('外', 2947), ('侨', 170), ('界', 1942), ('致', 796), ('以', 5965), ('诚', 180), ('挚', 30), ('问', 2702), ('候', 419), ('良', 652), ('好', 2896), ('祝', 386), ('愿', 540), ('！', 665), ('７', 3080), ('是', 11625), ('展', 4587), ('历', 1095), ('史', 1022), ('上', 7469), ('非', 941), ('常', 1232), ('重', 3995), ('要', 6739), ('很', 1097), ('不', 9291), ('平', 2891), ('凡', 188), ('决', 1903), ('心', 2651), ('继', 789), ('承', 540), ('邓', 465), ('小', 2790), ('志', 1600), ('遗', 164), ('续', 1161), ('把', 1684), ('建', 4357), ('设', 2910), ('有', 11193), ('色', 937), ('会', 8510), ('义', 1836), ('事', 3205), ('业', 7701), ('推', 1260), ('前', 3411), ('进', 5428), ('府', 1703), ('顺', 336), ('利', 2873), ('恢', 194), ('复', 616), ('对', 5524), ('使', 2147), ('权', 907), ('并', 2093), ('按', 605), ('照', 691), ('“', 7970), ('两', 2647), ('制', 3571), ('”', 7943), ('治', 1929), ('度', 2535), ('自', 3570), ('方', 4380), ('针', 448), ('保', 1928), ('持', 2054), ('繁', 324), ('荣', 613), ('稳', 770), ('定', 3474), ('产', 4662), ('党', 2581), ('成', 5546), ('功', 791), ('召', 375), ('开', 4337), ('了', 12434), ('第', 2354), ('五', 1524), ('次', 2308), ('代', 2445), ('大', 10966), ('举', 1588), ('理', 4295), ('论', 1481), ('伟', 495), ('旗', 291), ('帜', 142), ('结', 2105), ('百', 1145), ('跨', 213), ('动', 4207), ('纲', 77), ('领', 2205), ('这', 6521), ('改', 2478), ('革', 1720), ('放', 1612), ('现', 3943), ('化', 3523), ('经', 6413), ('济', 3706), ('增', 2183), ('长', 4580), ('低', 666), ('胀', 138), ('态', 531), ('势', 1129), ('农', 2846), ('再', 1002), ('获', 749), ('得', 3089), ('收', 1732), ('企', 2743), ('深', 1433), ('活', 2361), ('步', 1670), ('善', 628), ('技', 2088), ('术', 2123), ('合', 3405), ('作', 6841), ('与', 3329), ('交', 2051), ('流', 1175), ('断', 725), ('扩', 433), ('法', 3191), ('精', 1446), ('神', 1227), ('文', 3466), ('明', 2740), ('其', 2646), ('他', 4682), ('项', 1564), ('都', 2342), ('关', 3999), ('注', 579), ('最', 2138), ('近', 1554), ('个', 6259), ('时', 4886), ('期', 1862), ('些', 2080), ('金', 2851), ('融', 1107), ('风', 1534), ('波', 619), ('相', 1618), ('信', 1581), ('努', 560), ('力', 3982), ('及', 1891), ('情', 1857), ('况', 854), ('逐', 387), ('到', 5821), ('缓', 169), ('解', 1957), ('说', 3279), ('局', 1812), ('工', 6614), ('取', 1854), ('果', 1274), ('层', 644), ('互', 435), ('访', 726), ('美', 3108), ('俄', 667), ('罗', 929), ('斯', 1460), ('本', 4658), ('等', 3388), ('确', 920), ('双', 746), ('系', 2363), ('未', 670), ('目', 2416), ('标', 1207), ('指', 1526), ('导', 2324), ('周', 1155), ('边', 619), ('加', 3747), ('强', 2501), ('积', 1085), ('极', 1185), ('参', 1103), ('亚', 1577), ('太', 564), ('组', 1933), ('织', 1086), ('东', 1972), ('盟', 381), ('韩', 333), ('首', 1272), ('脑', 352), ('正', 2078), ('式', 1356), ('晤', 96), ('符', 183), ('题', 2283), ('应', 2077), ('走', 1038), ('多', 5002), ('趋', 248), ('于', 3924), ('促', 603), ('出', 6889), ('贡', 286), ('献', 588), ('将', 2763), ('怀', 240), ('创', 1282), ('绩', 343), ('尽', 553), ('管', 2140), ('还', 2182), ('面', 3259), ('少', 1425), ('困', 1494), ('难', 1447), ('但', 1518), ('引', 878), ('０', 9064), ('就', 3359), ('累', 221), ('丰', 489), ('富', 748), ('验', 611), ('种', 2626), ('条', 1377), ('件', 1350), ('能', 3122), ('够', 321), ('克', 1557), ('服', 1216), ('只', 1217), ('思', 1220), ('想', 1380), ('实', 4561), ('求', 1495), ('抓', 625), ('住', 1079), ('机', 3221), ('遇', 296), ('拓', 229), ('道', 2268), ('路', 1679), ('越', 771), ('宽', 148), ('祖', 460), ('完', 939), ('统', 2121), ('内', 2437), ('体', 3438), ('葡', 44), ('基', 2166), ('回', 1231), ('归', 302), ('土', 634), ('可', 2554), ('割', 69), ('部', 6046), ('所', 2259), ('任', 1965), ('何', 862), ('造', 1283), ('独', 472), ('立', 2119), ('谋', 190), ('失', 641), ('败', 340), ('当', 2652), ('为', 8886), ('拿', 338), ('意', 1900), ('采', 849), ('岸', 513), ('员', 3185), ('往', 750), ('直', 859), ('接', 1189), ('邮', 301), ('航', 458), ('商', 1491), ('早', 495), ('原', 1401), ('则', 789), ('下', 3796), ('谈', 980), ('判', 350), ('郑', 215), ('呼', 339), ('吁', 117), ('环', 821), ('顾', 323), ('球', 790), ('益', 1005), ('密', 425), ('切', 815), ('联', 1960), ('异', 193), ('科', 2391), ('提', 2655), ('供', 945), ('安', 2040), ('宁', 523), ('南', 2115), ('北', 2893), ('间', 1835), ('贫', 1196), ('差', 331), ('距', 171), ('；', 2636), ('冲', 277), ('突', 620), ('公', 3921), ('旧', 254), ('秩', 112), ('序', 277), ('没', 1272), ('根', 956), ('变', 1224), ('激', 367), ('烈', 409), ('竞', 464), ('争', 1206), ('仍', 422), ('处', 1394), ('弱', 207), ('位', 2345), ('类', 674), ('存', 629), ('威', 326), ('胁', 59), ('挑', 184), ('战', 1798), ('景', 551), ('也', 2948), ('帆', 25), ('键', 206), ('团', 1827), ('起', 2440), ('坚', 1038), ('奉', 134), ('策', 956), ('协', 1271), ('调', 1857), ('贸', 652), ('护', 699), ('境', 768), ('消', 801), ('除', 530), ('打', 900), ('击', 429), ('犯', 398), ('罪', 374), ('永', 338), ('远', 677), ('维', 699), ('量', 1829), ('久', 373), ('而', 2916), ('懈', 86), ('辞', 162), ('迎', 584), ('刻', 378), ('快', 951), ('乐', 958), ('庭', 407), ('幸', 154), ('福', 552), ('谢', 341), ('京', 2413), ('胜', 448), ('元', 2813), ('旦', 302), ('即', 574), ('喜', 520), ('悦', 54), ('送', 833), ('牛', 201), ('昂', 40), ('扬', 308), ('斗', 598), ('虎', 484), ('刚', 424), ('去', 2216), ('气', 1337), ('磅', 15), ('礴', 8), ('澜', 65), ('壮', 207), ('阔', 126), ('核', 621), ('移', 336), ('沿', 200), ('着', 2457), ('写', 505), ('辉', 228), ('煌', 97), ('篇', 221), ('章', 458), ('办', 1597), ('圆', 165), ('危', 527), ('浪', 178), ('许', 936), ('形', 1508), ('整', 1204), ('破', 552), ('践', 301), ('亿', 1061), ('万', 2716), ('更', 1558), ('仰', 54), ('赖', 118), ('贯', 347), ('彻', 355), ('落', 780), ('务', 2930), ('线', 994), ('矛', 149), ('盾', 213), ('待', 473), ('已', 2181), ('入', 2365), ('攻', 214), ('阶', 433), ('段', 779), ('必', 976), ('须', 633), ('学', 4392), ('习', 593), ('掌', 181), ('握', 211), ('揽', 57), ('署', 345), ('狠', 83), ('艰', 325), ('苦', 476), ('奋', 400), ('夺', 185), ('今', 2134), ('届', 620), ('转', 938), ('折', 111), ('里', 2550), ('优', 1193), ('传', 1298), ('具', 892), ('髓', 12), ('证', 1204), ('才', 955), ('或', 936), ('观', 1336), ('念', 515), ('束', 317), ('缚', 24), ('真', 1010), ('做', 1141), ('尊', 183), ('认', 1521), ('识', 877), ('客', 800), ('规', 1530), ('律', 625), ('勇', 202), ('程', 1898), ('碑', 49), ('硕', 60), ('点', 1998), ('容', 595), ('后', 3257), ('否', 287), ('然', 1635), ('看', 1530), ('搞', 338), ('级', 1336), ('干', 1807), ('集', 1632), ('水', 2360), ('手', 1488), ('硬', 154), ('离', 501), ('依', 682), ('据', 1780), ('初', 692), ('群', 1332), ('众', 1573), ('又', 1323), ('样', 1234), ('疾', 106), ('倡', 138), ('鼓', 303), ('劲', 126), ('效', 1133), ('止', 400), ('追', 231), ('花', 843), ('架', 232), ('子', 2818), ('杜', 91), ('绝', 336), ('脱', 369), ('浮', 98), ('躁', 11), ('虚', 114), ('夸', 45), ('官', 584), ('僚', 24), ('因', 1687), ('此', 1821), ('牢', 81), ('宗', 222), ('旨', 107), ('勤', 222), ('廉', 268), ('身', 1009), ('率', 983), ('瞩', 34), ('催', 36), ('征', 293), ('途', 217), ('英', 870), ('雄', 237), ('扎', 217), ('音', 497), ('李', 1366), ('鹏', 298), ('乔', 124), ('石', 755), ('朱', 246), ('F', 51), ('瑞', 310), ('刘', 798), ('清', 942), ('尉', 85), ('健', 698), ('岚', 135), ('名', 2131), ('劳', 553), ('模', 767), ('范', 809), ('欣', 119), ('赏', 129), ('’', 205), ('彩', 413), ('节', 1547), ('演', 1015), ('影', 1036), ('樊', 41), ('如', 1809), ('钧', 17), ('报', 3777), ('讯', 841), ('陈', 689), ('雁', 52), ('晚', 679), ('堂', 335), ('声', 693), ('街', 319), ('溢', 54), ('火', 483), ('树', 435), ('银', 882), ('灯', 330), ('欢', 591), ('祥', 183), ('庆', 526), ('氛', 149), ('场', 3369), ('由', 1960), ('市', 5613), ('委', 2597), ('宣', 691), ('厅', 285), ('单', 1135), ('携', 68), ('奏', 115), ('著', 388), ('响', 796), ('袂', 9), ('挥', 524), ('佐', 46), ('湟', 3), ('燮', 7), ('阳', 536), ('谭', 51), ('批', 941), ('曲', 340), ('沪', 44), ('型', 904), ('队', 1908), ('饱', 92), ('湛', 26), ('艺', 1035), ('准', 883), ('弦', 37), ('颂', 33), ('拉', 1504), ('帷', 21), ('幕', 216), ('舒', 60), ('仿', 80), ('佛', 120), ('星', 433), ('天', 3348), ('城', 1262), ('楼', 313), ('冉', 18), ('升', 474), ('听', 406), ('脚', 144), ('钢', 276), ('琴', 152), ('品', 2573), ('珠', 154), ('耳', 157), ('熟', 168), ('详', 56), ('歌', 488), ('编', 403), ('器', 571), ('感', 1029), ('旋', 80), ('抒', 24), ('洗', 90), ('雪', 565), ('耻', 14), ('辱', 26), ('专', 1170), ('唱', 253), ('迪', 141), ('拜', 220), ('尔', 1159), ('春', 1328), ('带', 932), ('象', 869), ('田', 510), ('野', 225), ('山', 1645), ('谷', 127), ('享', 176), ('誉', 205), ('坛', 137), ('男', 288), ('莫', 224), ('伦', 147), ('剧', 1282), ('朵', 35), ('选', 1218), ('夜', 335), ('无', 1532), ('睡', 49), ('迷', 98), ('梁', 242), ('伯', 231), ('柴', 52), ('夫', 598), ('四', 1279), ('诗', 114), ('马', 1097), ('松', 225), ('座', 401), ('被', 1156), ('息', 689), ('热', 745), ('频', 87), ('返', 100), ('娘', 99), ('军', 2452), ('白', 573), ('毛', 271), ('寨', 66), ('达', 1845), ('潮', 225), ('舞', 486), ('亲', 726), ('见', 1153), ('贺', 302), ('留', 427), ('铁', 582), ('映', 329), ('贾', 98), ('林', 1084), ('曾', 502), ('考', 649), ('察', 540), ('职', 1543), ('守', 265), ('岗', 587), ('示', 1212), ('慰', 292), ('振', 264), ('宿', 58), ('院', 1914), ('午', 382), ('厂', 746), ('陪', 74), ('西', 1978), ('郊', 68), ('始', 837), ('司', 1913), ('骨', 158), ('担', 483), ('装', 614), ('六', 543), ('千', 679), ('瓦', 188), ('卡', 362), ('／', 138), ('米', 807), ('检', 635), ('查', 1183), ('属', 489), ('负', 746), ('责', 921), ('细', 254), ('询', 140), ('网', 507), ('随', 571), ('运', 1424), ('号', 474), ('控', 471), ('室', 359), ('『', 698), ('轻', 413), ('孔', 110), ('老', 1547), ('退', 280), ('』', 698), ('Ａ', 174), ('Ｂ', 103), ('你', 725), ('障', 256), ('己', 979), ('闸', 19), ('限', 563), ('靠', 339), ('休', 211), ('郭', 125), ('闫', 4), ('戌', 3), ('麟', 32), ('师', 636), ('从', 2763), ('伴', 220), ('抚', 41), ('养', 590), ('欠', 68), ('佳', 241), ('孙', 293), ('倾', 126), ('肯', 164), ('孩', 393), ('溺', 4), ('爱', 771), ('让', 634), ('康', 481), ('评', 720), ('房', 1026), ('奔', 119), ('忆', 82), ('比', 1621), ('计', 1648), ('较', 760), ('什', 457), ('么', 819), ('私', 345), ('丢', 35), ('桢', 10), ('严', 971), ('秀', 371), ('挂', 190), ('徽', 121), ('省', 2206), ('肥', 161), ('悬', 49), ('盏', 31), ('笼', 62), ('营', 1134), ('凌', 79), ('空', 770), ('戴', 149), ('浩', 159), ('勉', 41), ('励', 261), ('用', 3171), ('宏', 317), ('投', 1267), ('站', 585), ('列', 952), ('构', 1100), ('赛', 950), ('议', 1758), ('质', 1426), ('锲', 6), ('舍', 140), ('翁', 25), ('姿', 63), ('素', 702), ('敬', 187), ('知', 913), ('紧', 593), ('围', 576), ('忠', 198), ('命', 833), ('涛', 127), ('逝', 60), ('杰', 212), ('副', 1085), ('病', 464), ('医', 852), ('４', 3160), ('终', 498), ('岁', 540), ('丧', 41), ('简', 242), ('仪', 249), ('灰', 49), ('藏', 464), ('灾', 1039), ('救', 620), ('抗', 387), ('降', 530), ('害', 390), ('损', 358), ('仁', 154), ('桑', 128), ('受', 1375), ('介', 437), ('绍', 373), ('厄', 25), ('尼', 645), ('诺', 207), ('唐', 128), ('古', 586), ('雅', 138), ('份', 655), ('支', 1266), ('槽', 18), ('云', 545), ('冷', 317), ('那', 1171), ('阿', 783), ('喀', 20), ('萨', 239), ('昌', 226), ('６', 2896), ('余', 592), ('包', 732), ('括', 337), ('５', 3888), ('遭', 142), ('袭', 67), ('玛', 72), ('县', 1312), ('乡', 1246), ('毫', 103), ('录', 324), ('粮', 313), ('食', 549), ('燃', 117), ('料', 469), ('冬', 404), ('衣', 244), ('帮', 509), ('助', 981), ('牲', 53), ('畜', 58), ('栏', 159), ('诛', 2), ('购', 470), ('卓', 77), ('援', 223), ('冻', 97), ('饿', 19), ('死', 221), ('亡', 134), ('急', 376), ('需', 876), ('物', 1568), ('资', 3055), ('预', 551), ('析', 265), ('暖', 329), ('湿', 90), ('贵', 358), ('州', 918), ('雨', 310), ('疆', 151), ('甘', 129), ('肃', 106), ('青', 792), ('夏', 260), ('蒙', 220), ('偏', 135), ('锋', 100), ('述', 294), ('温', 550), ('氏', 84), ('黑', 327), ('龙', 504), ('词', 161), ('胡', 356), ('晓', 215), ('梦', 129), ('吴', 350), ('至', 1254), ('坡', 129), ('闻', 560), ('媒', 172), ('眷', 18), ('庄', 227), ('屈', 36), ('抱', 83), ('略', 534), ('描', 72), ('绘', 69), ('蓝', 97), ('豪', 109), ('显', 623), ('崇', 122), ('衷', 66), ('格', 1428), ('颁', 114), ('陆', 249), ('悉', 209), ('语', 322), ('嘉', 118), ('璐', 9), ('言', 492), ('它', 880), ('伍', 285), ('字', 668), ('措', 536), ('汉', 431), ('普', 590), ('测', 360), ('试', 416), ('称', 489), ('赞', 311), ('圣', 179), ('涉', 221), ('崭', 32), ('貌', 179), ('聪', 35), ('宝', 258), ('村', 1839), ('扶', 603), ('末', 173), ('口', 1567), ('黔', 16), ('苗', 94), ('侗', 5), ('布', 1049), ('冒', 147), ('减', 584), ('状', 412), ('研', 1409), ('究', 1097), ('尤', 200), ('吃', 447), ('饭', 241), ('源', 758), ('植', 211), ('校', 649), ('教', 1933), ('育', 1619), ('易', 814), ('给', 1273), ('户', 1029), ('膝', 12), ('巨', 407), ('施', 1363), ('排', 675), ('王', 1149), ('齐', 255), ('袁', 89), ('武', 804), ('警', 743), ('典', 378), ('玉', 320), ('邀', 166), ('徐', 273), ('洪', 183), ('邹', 72), ('延', 206), ('龄', 129), ('卫', 484), ('迹', 182), ('德', 1117), ('适', 430), ('辈', 97), ('防', 856), ('智', 194), ('句', 149), ('芳', 101), ('淮', 116), ('污', 222), ('染', 195), ('河', 918), ('役', 84), ('告', 765), ('捷', 91), ('蚌', 2), ('埠', 11), ('黄', 587), ('剑', 66), ('峰', 153), ('钟', 324), ('敲', 53), ('削', 76), ('荷', 68), ('％', 1464), ('域', 577), ('停', 328), ('令', 462), ('监', 629), ('数', 1325), ('昨', 128), ('艘', 41), ('船', 331), ('穿', 159), ('梭', 21), ('执', 554), ('酒', 218), ('睹', 33), ('车', 1436), ('贴', 159), ('封', 213), ('聚', 251), ('拍', 241), ('几', 1210), ('付', 248), ('财', 662), ('巩', 96), ('固', 262), ('备', 759), ('督', 319), ('反', 1163), ('踏', 91), ('旅', 565), ('游', 816), ('隆', 149), ('启', 242), ('苏', 468), ('龚', 48), ('雯', 12), ('寒', 255), ('寺', 87), ('撞', 33), ('姑', 86), ('腾', 110), ('宾', 183), ('销', 636), ('．', 1769), ('约', 848), ('汇', 566), ('幅', 381), ('冰', 278), ('雕', 77), ('童', 298), ('哈', 458), ('滨', 117), ('儿', 742), ('园', 396), ('殊', 144), ('礼', 377), ('奇', 220), ('宫', 100), ('姜', 84), ('左', 280), ('恐', 165), ('故', 416), ('答', 160), ('招', 318), ('？', 771), ('哪', 159), ('‘', 128), ('遵', 105), ('循', 100), ('睦', 20), ('邻', 65), ('伙', 179), ('洲', 731), ('丁', 157), ('欧', 679), ('顿', 465), ('签', 239), ('订', 216), ('头', 1136), ('裁', 158), ('性', 1979), ('油', 667), ('截', 134), ('零', 182), ('吨', 238), ('超', 450), ('划', 797), ('渤', 27), ('浅', 37), ('勘', 86), ('探', 421), ('钻', 95), ('井', 174), ('缺', 305), ('薄', 140), ('仅', 776), ('均', 649), ('陕', 66), ('饮', 81), ('足', 615), ('孟', 108), ('祁', 10), ('连', 868), ('吞', 36), ('吐', 50), ('烟', 267), ('川', 287), ('货', 648), ('滚', 61), ('箱', 171), ('班', 507), ('轮', 262), ('吉', 368), ('沈', 182), ('杂', 275), ('底', 474), ('费', 1070), ('摊', 84), ('例', 363), ('缴', 71), ('纳', 418), ('值', 851), ('占', 615), ('虑', 170), ('债', 285), ('算', 458), ('额', 481), ('拒', 125), ('挟', 4), ('拖', 100), ('且', 511), ('尺', 32), ('案', 828), ('款', 783), ('钩', 29), ('孤', 110), ('寻', 206), ('找', 302), ('恃', 3), ('粗', 61), ('谓', 124), ('钱', 738), ('买', 448), ('俱', 63), ('遍', 244), ('讨', 318), ('乎', 241), ('履', 85), ('塔', 441), ('巴', 822), ('坦', 298), ('伊', 887), ('堡', 77), ('穆', 84), ('派', 460), ('罕', 45), ('默', 139), ('・', 1002), ('斐', 13), ('誓', 22), ('票', 562), ('旁', 82), ('遮', 21), ('毕', 178), ('价', 1598), ('翰', 32), ('宪', 100), ('赵', 295), ('毅', 91), ('尚', 338), ('绪', 75), ('谦', 42), ('兼', 353), ('琛', 211), ('恩', 403), ('驻', 484), ('贤', 52), ('阐', 51), ('借', 217), ('谊', 127), ('溯', 13), ('洋', 335), ('隔', 84), ('诞', 121), ('潜', 148), ('补', 275), ('迅', 221), ('速', 782), ('铬', 3), ('矿', 335), ('短', 337), ('逾', 44), ('瞄', 13), ('磋', 43), ('乃', 111), ('迟', 129), ('惯', 102), ('背', 183), ('驰', 42), ('殖', 96), ('欺', 35), ('废', 103), ('摧', 14), ('残', 94), ('顽', 56), ('虹', 64), ('予', 329), ('榜', 77), ('飞', 565), ('钦', 113), ('佩', 103), ('赢', 81), ('忘', 199), ('虽', 286), ('拥', 358), ('该', 988), ('勒', 205), ('陀', 14), ('殷', 39), ('疑', 195), ('泛', 205), ('馆', 400), ('换', 392), ('敦', 125), ('渡', 120), ('轨', 140), ('曼', 145), ('谅', 14), ('峡', 136), ('敌', 134), ('避', 187), ('免', 262), ('既', 344), ('便', 653), ('捍', 18), ('剥', 52), ('滑', 150), ('乌', 196), ('灵', 216), ('柱', 92), ('叶', 278), ('摆', 193), ('滞', 52), ('伐', 121), ('桌', 70), ('某', 319), ('甚', 270), ('痛', 138), ('吕', 102), ('鸿', 70), ('币', 501), ('楚', 166), ('姆', 124), ('丹', 144), ('厦', 94), ('焕', 30), ('填', 50), ('沟', 89), ('奠', 58), ('呈', 155), ('廓', 4), ('辅', 59), ('吹', 51), ('番', 91), ('读', 509), ('撰', 39), ('吸', 305), ('肖', 101), ('炼', 71), ('漓', 23), ('甄', 3), ('炳', 26), ('禧', 2), ('删', 9), ('歉', 40), ('峻', 66), ('盛', 350), ('沃', 67), ('婚', 87), ('居', 622), ('翻', 139), ('鲁', 260), ('印', 441), ('悠', 59), ('俗', 106), ('置', 456), ('搪', 2), ('瓷', 21), ('挝', 9), ('丽', 265), ('沙', 268), ('她', 729), ('邦', 200), ('请', 477), ('抵', 187), ('盖', 150), ('茨', 25), ('镇', 671), ('饰', 70), ('添', 95), ('宇', 118), ('潘', 140), ('凯', 74), ('挖', 95), ('掘', 63), ('厉', 77), ('俭', 44), ('另', 305), ('抑', 50), ('奥', 389), ('艾', 96), ('径', 134), ('朗', 195), ('碍', 77), ('篮', 265), ('埃', 131), ('抨', 5), ('阻', 104), ('坏', 182), ('偿', 160), ('像', 467), ('赠', 157), ('药', 470), ('疗', 315), ('械', 103), ('遣', 33), ('每', 994), ('珍', 178), ('贷', 346), ('煤', 190), ('裘', 8), ('皮', 128), ('粉', 73), ('沥', 15), ('楞', 3), ('纸', 220), ('板', 192), ('漆', 24), ('兽', 19), ('血', 337), ('Ｓ', 75), ('Ｏ', 62), ('Ｄ', 133), ('氧', 47), ('歧', 56), ('酶', 7), ('液', 61), ('罐', 22), ('舸', 10), ('棉', 175), ('堆', 60), ('煞', 9), ('木', 315), ('盆', 53), ('麦', 129), ('吾', 67), ('斌', 90), ('萍', 43), ('摒', 9), ('弃', 112), ('扭', 67), ('亏', 144), ('盈', 88), ('宋', 141), ('斤', 161), ('岭', 108), ('库', 314), ('蒋', 57), ('牌', 415), ('兵', 571), ('扑', 37), ('训', 444), ('练', 267), ('缪', 8), ('甜', 47), ('蜜', 21), ('弘', 50), ('觉', 333), ('瞧', 18), ('曦', 16), ('昭', 48), ('衡', 211), ('湖', 398), ('横', 100), ('谐', 31), ('骗', 60), ('假', 291), ('劣', 87), ('卜', 34), ('凶', 19), ('祸', 26), ('愚', 19), ('弄', 55), ('幼', 93), ('逢', 75), ('偶', 63), ('触', 105), ('似', 211), ('跟', 125), ('闭', 174), ('哼', 7), ('索', 384), ('翩', 22), ('咀', 6), ('嚼', 5), ('绵', 56), ('吗', 116), ('呢', 201), ('凝', 113), ('拔', 93), ('萃', 16), ('衰', 65), ('琢', 18), ('磨', 64), ('仆', 39), ('牺', 38), ('含', 168), ('铿', 5), ('锵', 5), ('亮', 275), ('鸣', 98), ('锤', 15), ('涵', 63), ('般', 210), ('尘', 53), ('伏', 60), ('倒', 220), ('版', 665), ('刊', 228), ('画', 429), ('鹦', 1), ('鹉', 1), ('鸟', 76), ('禽', 57), ('骑', 37), ('鼎', 29), ('涤', 3), ('浊', 11), ('砭', 5), ('弊', 43), ('闪', 78), ('烁', 18), ('芒', 10), ('颗', 53), ('蓬', 39), ('勃', 116), ('蒲', 20), ('瑛', 6), ('阵', 183), ('渭', 16), ('挣', 42), ('窑', 30), ('洞', 80), ('墙', 89), ('角', 266), ('秦', 130), ('皇', 66), ('碾', 4), ('谣', 8), ('晕', 5), ('半', 461), ('凄', 6), ('惶', 11), ('缝', 38), ('隙', 16), ('眼', 461), ('荡', 178), ('矢', 9), ('臂', 27), ('弯', 27), ('胸', 70), ('膛', 3), ('肤', 17), ('箔', 2), ('瓣', 6), ('摇', 96), ('曳', 8), ('泻', 15), ('阙', 3), ('晨', 112), ('暮', 14), ('畏', 31), ('淳', 8), ('朴', 83), ('洁', 169), ('浆', 21), ('汁', 16), ('母', 281), ('乳', 59), ('涩', 5), ('芬', 53), ('汗', 72), ('辛', 161), ('刀', 100), ('枪', 73), ('陡', 9), ('壁', 74), ('滩', 68), ('壑', 5), ('羊', 108), ('圈', 56), ('喧', 15), ('嚣', 11), ('蹲', 25), ('炕', 10), ('惆', 4), ('怅', 4), ('啸', 25), ('雷', 277), ('震', 669), ('惊', 148), ('簌', 2), ('沉', 159), ('寂', 31), ('埋', 37), ('巧', 87), ('婆', 25), ('姨', 8), ('憨', 6), ('掬', 4), ('斑', 51), ('斓', 13), ('纹', 15), ('绣', 17), ('挺', 60), ('纯', 132), ('帽', 48), ('鞋', 37), ('悍', 6), ('呵', 29), ('冀', 48), ('敢', 144), ('魂', 41), ('摘', 64), ('塬', 1), ('颤', 11), ('眸', 14), ('粒', 46), ('砂', 26), ('爆', 116), ('竹', 123), ('屠', 30), ('丝', 101), ('竟', 169), ('裕', 109), ('慈', 31), ('鞭', 34), ('渐', 176), ('烂', 75), ('漫', 118), ('御', 52), ('穷', 141), ('捧', 33), ('卷', 144), ('父', 174), ('抹', 17), ('微', 196), ('笑', 224), ('奖', 555), ('透', 169), ('啊', 74), ('洒', 53), ('泪', 74), ('稍', 35), ('懂', 70), ('怎', 246), ('赐', 15), ('季', 254), ('壤', 28), ('耕', 83), ('耘', 12), ('叹', 72), ('唯', 132), ('怠', 9), ('疏', 61), ('懒', 14), ('骛', 1), ('忱', 9), ('端', 156), ('酷', 24), ('闲', 75), ('悲', 63), ('替', 106), ('拼', 70), ('搏', 61), ('择', 196), ('恒', 68), ('瞬', 19), ('翔', 31), ('痕', 32), ('绽', 14), ('凋', 5), ('犹', 75), ('寞', 10), ('秋', 163), ('昏', 37), ('昼', 24), ('迭', 21), ('驱', 53), ('赶', 213), ('朝', 258), ('沸', 15), ('静', 166), ('诱', 49), ('惑', 44), ('迫', 160), ('愧', 31), ('谁', 189), ('阴', 104), ('馨', 44), ('彪', 23), ('飘', 65), ('刷', 45), ('缕', 14), ('腻', 10), ('…', 696), ('寄', 109), ('趣', 141), ('鉴', 160), ('载', 172), ('览', 118), ('苍', 54), ('洱', 4), ('萌', 25), ('笔', 301), ('昔', 41), ('稿', 88), ('夕', 147), ('晶', 105), ('莹', 23), ('凸', 9), ('隐', 102), ('娟', 31), ('捎', 9), ('遥', 44), ('颇', 97), ('啻', 3), ('匪', 13), ('托', 309), ('躬', 9), ('诸', 110), ('君', 84), ('笃', 5), ('却', 531), ('摞', 8), ('盒', 29), ('材', 357), ('浓', 148), ('抽', 138), ('味', 202), ('伞', 27), ('罩', 13), ('柄', 5), ('滴', 49), ('搀', 5), ('蔚', 25), ('剪', 41), ('杨', 320), ('逛', 19), ('董', 177), ('概', 137), ('操', 146), ('闹', 95), ('蔬', 128), ('菜', 528), ('瓜', 50), ('蕻', 1), ('苋', 1), ('帘', 18), ('绿', 224), ('茵', 11), ('芹', 11), ('菠', 2), ('澄', 14), ('柿', 11), ('辣', 20), ('椒', 16), ('萝', 20), ('紫', 33), ('茄', 5), ('葱', 17), ('鲜', 335), ('鱼', 191), ('鲤', 3), ('鲫', 4), ('鲶', 1), ('肴', 11), ('卖', 351), ('妇', 317), ('鸡', 101), ('嘴', 60), ('脸', 93), ('羽', 33), ('柔', 36), ('泰', 342), ('尝', 67), ('饲', 40), ('肉', 191), ('块', 206), ('溜', 25), ('徘', 23), ('徊', 23), ('暗', 47), ('淡', 98), ('棋', 154), ('抠', 4), ('腮', 3), ('壳', 24), ('若', 180), ('颜', 47), ('跌', 236), ('涨', 143), ('剩', 54), ('悟', 43), ('茭', 3), ('兄', 71), ('弟', 161), ('躺', 18), ('软', 99), ('钞', 19), ('惬', 2), ('缩', 163), ('麻', 71), ('袋', 63), ('泥', 85), ('哇', 11), ('咱', 39), ('哩', 10), ('豁', 10), ('砍', 31), ('愉', 32), ('秤', 20), ('盘', 294), ('沾', 17), ('鬼', 22), ('妻', 79), ('堑', 2), ('倘', 16), ('佯', 2), ('审', 405), ('曹', 80), ('乘', 142), ('鸢', 2), ('耀', 80), ('屋', 161), ('缭', 4), ('绕', 166), ('窗', 108), ('串', 70), ('炮', 60), ('攥', 4), ('篆', 16), ('茶', 170), ('舆', 107), ('腐', 293), ('醒', 139), ('渠', 117), ('慧', 92), ('阖', 10), ('倪', 18), ('孝', 44), ('琼', 41), ('锡', 95), ('铭', 43), ('卢', 176), ('赫', 116), ('俊', 117), ('彭', 153), ('', 9), ('卿', 89), ('汝', 29), ('岱', 14), ('兆', 73), ('绳', 39), ('孚', 19), ('汪', 81), ('傅', 92), ('秘', 213), ('峭', 11), ('岛', 203), ('莽', 14), ('陲', 9), ('纷', 348), ('厚', 230), ('脏', 51), ('巷', 44), ('筑', 210), ('娱', 69), ('氢', 11), ('覆', 63), ('玩', 81), ('艳', 95), ('缤', 16), ('巡', 60), ('媚', 8), ('筝', 6), ('扮', 40), ('登', 257), ('冯', 91), ('跷', 1), ('秧', 27), ('畔', 16), ('豫', 47), ('喝', 92), ('嘹', 4), ('腊', 62), ('梅', 142), ('辖', 122), ('雾', 44), ('灿', 51), ('珊', 11), ('瑚', 7), ('枝', 55), ('菊', 55), ('栋', 75), ('右', 238), ('揭', 123), ('肩', 59), ('浸', 29), ('顶', 174), ('禁', 214), ('患', 148), ('栓', 11), ('瘫', 21), ('痪', 14), ('床', 91), ('拮', 5), ('坐', 183), ('凤', 99), ('辟', 87), ('牧', 110), ('昆', 167), ('霞', 55), ('泉', 131), ('培', 590), ('筹', 211), ('拨', 90), ('捐', 327), ('寡', 24), ('募', 27), ('披', 43), ('涪', 3), ('陵', 43), ('寓', 19), ('舟', 22), ('磊', 71), ('股', 870), ('℃', 10), ('浦', 74), ('瑰', 13), ('衔', 23), ('蒸', 12), ('碎', 39), ('税', 538), ('页', 41), ('申', 191), ('慎', 63), ('租', 117), ('亦', 59), ('锦', 217), ('讴', 17), ('骄', 38), ('傲', 44), ('梓', 9), ('埔', 24), ('跳', 120), ('攀', 51), ('晴', 58), ('烽', 15), ('跑', 104), ('稀', 57), ('锻', 40), ('险', 503), ('曙', 12), ('辨', 27), ('谨', 48), ('赴', 167), ('络', 170), ('授', 230), ('妨', 30), ('纽', 136), ('挡', 33), ('旬', 62), ('夹', 30), ('旺', 81), ('综', 271), ('桥', 360), ('郎', 77), ('邸', 3), ('净', 107), ('储', 168), ('泳', 217), ('嘎', 8), ('蒂', 69), ('慢', 130), ('涅', 12), ('奴', 9), ('膨', 97), ('酋', 8), ('皎', 3), ('忽', 86), ('眉', 49), ('套', 304), ('插', 43), ('巾', 42), ('帕', 56), ('俨', 3), ('耶', 92), ('玲', 58), ('黎', 225), ('稚', 15), ('拢', 15), ('辆', 171), ('苹', 17), ('踢', 12), ('葫', 15), ('芦', 15), ('娃', 48), ('饺', 77), ('匆', 56), ('忙', 180), ('碌', 22), ('搭', 77), ('竖', 21), ('杆', 47), ('漾', 7), ('莎', 13), ('压', 321), ('杯', 155), ('侧', 82), ('踞', 70), ('猎', 24), ('豹', 11), ('跃', 215), ('裂', 83), ('辄', 11), ('妥', 75), ('嫁', 27), ('菲', 113), ('敞', 39), ('释', 102), ('拘', 24), ('狱', 48), ('甲', 97), ('允', 66), ('迄', 34), ('误', 193), ('秒', 67), ('贝', 228), ('俘', 8), ('倍', 135), ('尖', 72), ('窘', 9), ('拗', 2), ('恋', 30), ('沧', 22), ('修', 422), ('露', 200), ('牵', 79), ('炎', 46), ('撑', 53), ('剖', 20), ('熊', 83), ('怒', 27), ('硝', 19), ('惨', 31), ('愤', 13), ('撒', 62), ('扣', 79), ('榫', 1), ('卯', 1), ('脉', 65), ('郁', 50), ('焦', 88), ('乏', 134), ('绎', 14), ('阅', 88), ('呕', 6), ('撼', 34), ('课', 267), ('韧', 10), ('博', 235), ('彦', 42), ('敏', 168), ('恺', 9), ('砚', 4), ('墨', 109), ('津', 328), ('贪', 79), ('愫', 4), ('鹰', 28), ('鳜', 2), ('鸠', 4), ('鼠', 58), ('雀', 24), ('柏', 76), ('塞', 182), ('骤', 47), ('牡', 30), ('芍', 2), ('芙', 9), ('蓉', 76), ('卉', 25), ('刃', 14), ('韵', 37), ('哲', 121), ('隶', 22), ('润', 155), ('妙', 57), ('爪', 3), ('眺', 7), ('翅', 14), ('翼', 68), ('栖', 14), ('皆', 34), ('杈', 3), ('乱', 179), ('翠', 35), ('浑', 26), ('欲', 65), ('虬', 2), ('叉', 29), ('蕾', 49), ('俏', 15), ('滋', 91), ('熔', 7), ('炉', 37), ('韦', 96), ('詹', 12), ('邵', 33), ('箴', 7), ('圳', 104), ('帧', 7), ('腹', 31), ('傍', 14), ('晋', 103), ('赡', 2), ('膏', 5), ('岩', 82), ('铺', 93), ('辑', 84), ('售', 518), ('枸', 2), ('杞', 4), ('绒', 19), ('散', 205), ('奶', 142), ('灭', 122), ('菌', 26), ('豆', 52), ('豌', 2), ('淀', 31), ('脂', 18), ('猪', 141), ('亩', 237), ('蛋', 91), ('配', 524), ('灌', 46), ('森', 201), ('蕊', 11), ('尾', 72), ('芝', 28), ('姐', 94), ('妹', 76), ('妈', 167), ('叫', 204), ('嘘', 7), ('爸', 34), ('嘱', 17), ('膀', 21), ('茫', 35), ('草', 331), ('泣', 13), ('挤', 71), ('涌', 83), ('阑', 2), ('诉', 303), ('荒', 129), ('涝', 13), ('垦', 52), ('洼', 10), ('旱', 79), ('稻', 80), ('惠', 198), ('崔', 55), ('溧', 2), ('柘', 3), ('塘', 41), ('堵', 56), ('畅', 96), ('莅', 2), ('渝', 16), ('猛', 82), ('账', 178), ('罚', 155), ('缔', 34), ('抢', 175), ('驶', 87), ('狭', 16), ('窄', 16), ('违', 333), ('爷', 124), ('杭', 84), ('桂', 89), ('屿', 7), ('琦', 25), ('勾', 22), ('毁', 82), ('篓', 12), ('肿', 29), ('燕', 88), ('恰', 51), ('咏', 14), ('驾', 89), ('屏', 81), ('娇', 19), ('码', 88), ('输', 289), ('锁', 83), ('址', 44), ('曝', 17), ('笋', 6), ('亭', 49), ('撤', 151), ('薛', 23), ('译', 39), ('籍', 110), ('勋', 54), ('搜', 37), ('濒', 27), ('抄', 16), ('渊', 30), ('纂', 10), ('丛', 84), ('僧', 18), ('册', 127), ('谱', 35), ('嵩', 6), ('‰', 10), ('遏', 42), ('柳', 62), ('坪', 42), ('垫', 15), ('浇', 29), ('瘠', 8), ('娶', 10), ('媳', 21), ('汾', 8), ('梯', 39), ('缘', 69), ('链', 23), ('仔', 39), ('疫', 37), ('辐', 33), ('射', 168), ('胆', 97), ('扫', 102), ('盲', 50), ('戎', 13), ('泾', 18), ('幽', 38), ('澈', 7), ('池', 66), ('掩', 31), ('蕉', 12), ('灶', 29), ('拾', 21), ('宅', 97), ('贩', 72), ('粪', 23), ('垃', 84), ('圾', 81), ('纠', 90), ('碰', 44), ('糊', 21), ('宜', 205), ('砖', 25), ('仓', 58), ('臭', 24), ('浜', 4), ('钓', 26), ('溪', 88), ('汤', 52), ('迁', 121), ('搬', 58), ('邕', 2), ('垄', 44), ('琅', 19), ('嫩', 54), ('叙', 42), ('鲍', 20), ('甫', 29), ('彬', 27), ('歼', 12), ('霎', 4), ('臣', 109), ('塑', 109), ('尹', 30), ('骅', 8), ('券', 319), ('餐', 132), ('椅', 35), ('儒', 28), ('狂', 72), ('伤', 265), ('弹', 97), ('炸', 53), ('掉', 123), ('睛', 47), ('烧', 63), ('殃', 2), ('蔓', 33), ('辙', 6), ('袖', 33), ('堤', 36), ('陷', 89), ('恶', 116), ('掏', 24), ('腰', 43), ('暴', 163), ('忍', 52), ('袱', 31), ('哥', 233), ('搁', 11), ('估', 122), ('霜', 22), ('堪', 53), ('蹈', 62), ('渥', 24), ('眠', 14), ('逊', 20), ('魁', 27), ('斡', 8), ('拟', 56), ('兑', 99), ('姓', 159), ('悸', 5), ('贬', 87), ('戈', 40), ('榭', 7), ('汽', 266), ('挨', 27), ('喇', 18), ('叭', 12), ('戒', 40), ('笛', 16), ('脆', 46), ('喊', 28), ('泄', 33), ('槟', 4), ('祈', 16), ('祷', 10), ('扰', 88), ('庙', 61), ('朽', 17), ('瑙', 2), ('轰', 54), ('厌', 15), ('倦', 9), ('棒', 17), ('芭', 30), ('粹', 17), ('喷', 45), ('炽', 4), ('喻', 21), ('绑', 9), ('杀', 110), ('偷', 71), ('盗', 135), ('劫', 33), ('剿', 4), ('囊', 26), ('幄', 2), ('帝', 54), ('帐', 58), ('叱', 3), ('咤', 3), ('瀚', 7), ('憾', 41), ('帅', 47), ('弥', 52), ('淌', 9), ('帙', 1), ('粲', 3), ('匠', 15), ('臾', 1), ('哀', 20), ('忧', 112), ('箫', 10), ('窥', 12), ('魄', 22), ('筛', 9), ('赤', 79), ('贞', 11), ('狼', 10), ('牙', 119), ('邱', 84), ('裹', 23), ('尸', 5), ('纵', 76), ('泸', 10), ('捉', 17), ('乾', 17), ('坤', 30), ('陶', 96), ('荆', 23), ('轲', 2), ('吟', 18), ('仇', 15), ('侠', 29), ('错', 178), ('怕', 121), ('罢', 33), ('绚', 19), ('茂', 75), ('滥', 53), ('觞', 1), ('铎', 12), ('彼', 63), ('蕴', 37), ('墟', 10), ('鼐', 1), ('拙', 8), ('墓', 16), ('钥', 22), ('匙', 22), ('纬', 13), ('框', 61), ('镶', 12), ('嵌', 11), ('憬', 5), ('骚', 20), ('牖', 3), ('慷', 14), ('慨', 43), ('娓', 4), ('撷', 3), ('藉', 10), ('臆', 1), ('氤', 2), ('氲', 2), ('扇', 15), ('僵', 27), ('寸', 32), ('饥', 13), ('怜', 9), ('恤', 8), ('暇', 21), ('丈', 36), ('姻', 12), ('逃', 46), ('凭', 80), ('倔', 1), ('崛', 25), ('垠', 4), ('赋', 35), ('兹', 64), ('阂', 5), ('俯', 13), ('贻', 10), ('涂', 41), ('弗', 22), ('纶', 2), ('觑', 2), ('恍', 5), ('腕', 7), ('跋', 14), ('缅', 13), ('澎', 7), ('怨', 29), ('悔', 34), ('扉', 8), ('糅', 1), ('吧', 74), ('颖', 51), ('锐', 45), ('涯', 40), ('贱', 7), ('魅', 57), ('漠', 33), ('赭', 1), ('劈', 8), ('愁', 44), ('遒', 6), ('浙', 129), ('茅', 37), ('沫', 54), ('禺', 12), ('萧', 37), ('汀', 5), ('芜', 4), ('', 1), ('叔', 40), ('摩', 128), ('衍', 28), ('恨', 12), ('揣', 12), ('涣', 4), ('档', 110), ('闯', 45), ('瞒', 12), ('您', 104), ('绸', 21), ('踵', 7), ('赔', 111), ('舰', 53), ('纺', 107), ('饼', 13), ('坎', 36), ('坷', 15), ('枚', 72), ('冠', 178), ('沂', 19), ('拱', 21), ('坝', 60), ('卧', 26), ('蓄', 61), ('镜', 90), ('瀑', 7), ('赁', 18), ('竣', 52), ('溉', 24), ('症', 69), ('拆', 48), ('屡', 35), ('锅', 43), ('惜', 53), ('漏', 45), ('挫', 31), ('摸', 71), ('汛', 24), ('拦', 18), ('霸', 32), ('哄', 20), ('抬', 49), ('冶', 39), ('伸', 58), ('崖', 11), ('铣', 1), ('蜕', 7), ('觅', 10), ('抛', 50), ('混', 80), ('岂', 26), ('垂', 33), ('锣', 23), ('盎', 18), ('糖', 53), ('诊', 81), ('咨', 72), ('沼', 12), ('恭', 33), ('瑶', 29), ('悄', 52), ('棚', 85), ('叩', 4), ('陟', 1), ('聘', 74), ('雏', 11), ('桃', 36), ('剂', 98), ('阎', 37), ('郝', 21), ('肾', 10), ('桶', 59), ('暂', 100), ('苕', 2), ('踊', 27), ('鹤', 49), ('粤', 16), ('咽', 13), ('喉', 17), ('毯', 20), ('沓', 12), ('濯', 1), ('颓', 7), ('淤', 13), ('顷', 26), ('厕', 17), ('乒', 33), ('乓', 31), ('店', 329), ('箭', 71), ('玻', 32), ('璃', 30), ('谴', 34), ('逼', 40), ('辽', 150), ('乞', 4), ('疤', 5), ('猿', 1), ('袤', 6), ('拄', 2), ('杖', 8), ('蛮', 9), ('凉', 47), ('槐', 3), ('驳', 12), ('猴', 12), ('屎', 2), ('狮', 28), ('撕', 8), ('羚', 7), ('鹈', 1), ('鹕', 1), ('徙', 3), ('颈', 22), ('鹿', 42), ('坠', 18), ('刑', 165), ('耗', 58), ('捕', 94), ('躲', 15), ('淘', 61), ('汰', 46), ('蠢', 4), ('辜', 20), ('肆', 18), ('侵', 96), ('隅', 6), ('纣', 1), ('虐', 5), ('遑', 1), ('曰', 15), ('羞', 13), ('齿', 17), ('仑', 11), ('滔', 16), ('沦', 7), ('伪', 139), ('夷', 6), ('孰', 5), ('吊', 34), ('跪', 8), ('斥', 13), ('焚', 6), ('掠', 15), ('跻', 20), ('苟', 15), ('孺', 1), ('劝', 34), ('逮', 43), ('旷', 12), ('匈', 20), ('仗', 42), ('廊', 58), ('釉', 5), ('徒', 79), ('潢', 10), ('殿', 35), ('怪', 46), ('忏', 6), ('叠', 18), ('犷', 6), ('庶', 4), ('墅', 11), ('雇', 23), ('佣', 3), ('莱', 135), ('荟', 10), ('骋', 3), ('碧', 56), ('匀', 1), ('蝶', 14), ('袍', 3), ('庐', 8), ('妆', 8), ('琳', 44), ('鳄', 2), ('衫', 15), ('Ｋ', 36), ('逗', 9), ('矗', 12), ('雍', 4), ('酬', 30), ('诵', 9), ('唤', 49), ('熠', 20), ('虔', 6), ('葛', 29), ('挪', 57), ('艇', 31), ('绥', 23), ('犁', 6), ('溅', 9), ('怡', 11), ('簇', 23), ('厨', 26), ('炊', 13), ('漱', 3), ('阁', 79), ('漂', 41), ('翱', 1), ('鸥', 3), ('碗', 53), ('宴', 44), ('疲', 27), ('叮', 15), ('蜡', 8), ('匝', 2), ('鹅', 13), ('闷', 13), ('幻', 38), ('聆', 6), ('爵', 4), ('狗', 9), ('耐', 56), ('蹬', 3), ('魔', 24), ('婴', 38), ('泯', 10), ('侣', 8), ('戏', 375), ('慌', 22), ('泼', 24), ('筷', 16), ('彰', 62), ('甬', 7), ('簿', 24), ('泊', 79), ('挽', 34), ('胳', 9), ('膊', 9), ('歹', 33), ('舌', 13), ('蛤', 1), ('蟆', 1), ('幢', 19), ('踪', 40), ('陋', 13), ('嵘', 2), ('麓', 9), ('拴', 7), ('娥', 11), ('羡', 23), ('孜', 31), ('筒', 20), ('惦', 5), ('递', 109), ('渔', 68), ('琐', 8), ('栽', 40), ('梧', 3), ('桐', 21), ('凰', 26), ('磷', 8), ('邢', 25), ('廷', 90), ('●', 77), ('譬', 9), ('凑', 28), ('垮', 18), ('ｎ', 31), ('乙', 37), ('烯', 13), ('垒', 22), ('赚', 41), ('甩', 20), ('∶', 160), ('瞻', 20), ('洛', 127), ('陌', 16), ('擘', 1), ('髦', 6), ('ｐ', 7), ('ｏ', 20), ('ｒ', 29), ('ｔ', 24), ('ｆ', 2), ('ｌ', 14), ('ｉ', 23), ('夯', 8), ('捆', 15), ('瓢', 4), ('啥', 33), ('兢', 19), ('盯', 18), ('媛', 14), ('聋', 16), ('哑', 8), ('肢', 11), ('寿', 129), ('筋', 38), ('枕', 4), ('榆', 12), ('趁', 12), ('掺', 8), ('坑', 43), ('屯', 15), ('桦', 8), ('霉', 9), ('糙', 2), ('砣', 1), ('铅', 14), ('诡', 4), ('辩', 64), ('慑', 7), ('仲', 41), ('藜', 4), ('蔽', 22), ('寰', 9), ('荐', 25), ('擅', 18), ('泓', 9), ('骆', 20), ('熙', 22), ('鹄', 3), ('爬', 35), ('恪', 19), ('窝', 24), ('掀', 39), ('潇', 15), ('诫', 25), ('秽', 5), ('骂', 17), ('矩', 17), ('秉', 37), ('荤', 2), ('桩', 23), ('焉', 7), ('矣', 12), ('觥', 1), ('歪', 17), ('柯', 27), ('怵', 1), ('邯', 20), ('郸', 11), ('粱', 8), ('仙', 90), ('祠', 4), ('Ｐ', 67), ('殴', 5), ('酗', 3), ('砸', 20), ('拐', 9), ('嫌', 95), ('窜', 6), ('锚', 21), ('啃', 9), ('塌', 34), ('坍', 9), ('骥', 7), ('彝', 31), ('洽', 15), ('峨', 3), ('渗', 28), ('匾', 8), ('僻', 11), ('圩', 3), ('惩', 49), ('苑', 13), ('廖', 25), ('彤', 6), ('逸', 35), ('巫', 9), ('葩', 1), ('宙', 33), ('馈', 14), ('贿', 88), ('荻', 5), ('汕', 21), ('侯', 58), ('慕', 53), ('淑', 41), ('溘', 1), ('倩', 3), ('仕', 5), ('蜀', 13), ('旭', 35), ('赈', 18), ('殡', 4), ('莲', 74), ('瘦', 23), ('躯', 11), ('熬', 10), ('宵', 16), ('蚂', 1), ('蟥', 1), ('咬', 12), ('逆', 41), ('赣', 18), ('盱', 1), ('薪', 24), ('钵', 2), ('＊', 29), ('篷', 62), ('冈', 30), ('烹', 5), ('缆', 54), ('Ｔ', 87), ('Ｃ', 150), ('Ｌ', 39), ('聂', 28), ('擦', 17), ('葆', 16), ('蠹', 3), ('葵', 3), ('熏', 15), ('虫', 35), ('函', 34), ('拂', 12), ('瑜', 20), ('ｍ', 11), ('Ⅲ', 3), ('孢', 1), ('芯', 19), ('硅', 3), ('卵', 19), ('愈', 66), ('孕', 68), ('哺', 18), ('钠', 1), ('Ｘ', 30), ('谜', 11), ('肝', 18), ('毒', 187), ('驼', 16), ('痹', 18), ('厥', 3), ('浏', 8), ('挠', 19), ('柜', 48), ('赌', 9), ('忌', 39), ('吓', 11), ('侦', 66), ('遴', 3), ('弋', 2), ('恙', 4), ('肺', 15), ('腑', 5), ('裔', 21), ('渺', 8), ('逞', 2), ('醉', 31), ('鼻', 26), ('颏', 1), ('奂', 1), ('讶', 6), ('烛', 13), ('晃', 27), ('鸦', 6), ('捏', 14), ('轴', 9), ('腿', 42), ('斜', 49), ('敛', 6), ('绷', 1), ('喘', 13), ('霍', 47), ('崎', 5), ('戚', 30), ('怖', 89), ('姚', 34), ('阮', 7), ('沱', 2), ('泡', 74), ('呆', 39), ('押', 76), ('契', 30), ('纰', 1), ('淹', 11), ('癌', 47), ('杉', 35), ('矶', 9), ('滤', 7), ('讼', 73), ('郄', 1), ('鸭', 36), ('喂', 15), ('狐', 17), ('狸', 10), ('巢', 7), ('翎', 3), ('猫', 25), ('惧', 10), ('诈', 35), ('亟', 19), ('莠', 2), ('俩', 34), ('聊', 25), ('擂', 24), ('瑾', 10), ('憋', 7), ('夔', 2), ('匹', 24), ('璇', 14), ('竭', 39), ('Ｖ', 52), ('淋', 25), ('屹', 5), ('鳌', 2), ('邃', 8), ('讽', 11), ('刺', 94), ('厘', 24), ('碟', 22), ('晰', 39), ('璋', 5), ('Ｕ', 10), ('Ｈ', 44), ('Ｚ', 7), ('蹴', 5), ('Ｅ', 38), ('Ｍ', 189), ('Ｉ', 91), ('Ｒ', 20), ('Ｎ', 44), ('Ⅱ', 9), ('株', 41), ('轿', 42), ('－', 118), ('铤', 6), ('迢', 11), ('Ｙ', 8), ('Ｊ', 14), ('咄', 10), ('厩', 2), ('茹', 10), ('焰', 13), ('△', 14), ('Ｗ', 10), ('琨', 7), ('蝇', 6), ('铢', 57), ('瘟', 11), ('炒', 24), ('狙', 4), ('Ｆ', 49), ('钉', 14), ('渣', 11), ('盼', 90), ('胶', 40), ('咖', 60), ('啡', 63), ('酸', 37), ('暑', 23), ('轶', 3), ('猜', 14), ('冤', 11), ('枉', 8), ('睁', 10), ('×', 21), ('卸', 27), ('忖', 1), ('衬', 18), ('鏖', 2), ('缀', 13), ('竿', 5), ('裨', 3), ('奈', 31), ('钮', 10), ('尴', 11), ('尬', 11), ('煲', 5), ('胖', 14), ('ｈ', 7), ('ａ', 23), ('Ｇ', 40), ('▲', 12), ('ｋ', 4), ('ｂ', 5), ('ｓ', 15), ('ｅ', 40), ('噪', 7), ('妄', 6), ('窃', 30), ('蔡', 62), ('撬', 5), ('羹', 5), ('珑', 4), ('屉', 2), ('锂', 1), ('镍', 5), ('纱', 28), ('剔', 16), ('闽', 15), ('B', 6), ('丙', 8), ('奎', 33), ('踩', 15), ('哭', 19), ('疚', 4), ('Y', 1), ('ｄ', 10), ('ｙ', 8), ('ｕ', 7), ('ｗ', 4), ('ｃ', 8), ('铜', 89), ('纤', 32), ('酿', 28), ('湘', 77), ('醴', 1), ('澧', 1), ('牟', 20), ('匿', 10), ('徇', 8), ('潭', 32), ('膜', 24), ('兖', 3), ('炭', 49), ('b', 1), ('奢', 30), ('侈', 25), ('侮', 9), ('鳝', 1), ('拳', 33), ('鞍', 15), ('毙', 4), ('紊', 6), ('嫂', 37), ('萎', 11), ('禄', 30), ('庞', 47), ('菩', 2), ('晖', 16), ('戊', 10), ('寅', 36), ('璞', 11), ('钾', 5), ('盐', 25), ('沛', 35), ('鳇', 1), ('鲟', 1), ('鲑', 1), ('榕', 3), ('氟', 17), ('靡', 8), ('宛', 36), ('郡', 5), ('穹', 8), ('汐', 2), ('丘', 27), ('吵', 13), ('腺', 10), ('吩', 4), ('咐', 7), ('辰', 49), ('摹', 4), ('魏', 40), ('醇', 10), ('娴', 8), ('芽', 18), ('嗓', 11), ('冕', 8), ('扳', 6), ('痼', 4), ('闵', 10), ('掰', 4), ('疼', 25), ('肇', 43), ('俞', 44), ('昊', 23), ('暨', 11), ('侃', 7), ('茜', 5), ('昱', 3), ('圭', 12), ('跤', 12), ('龃', 2), ('龉', 2), ('矫', 7), ('烦', 44), ('歇', 27), ('苛', 10), ('蝉', 14), ('蹊', 1), ('叛', 6), ('葬', 13), ('疯', 18), ('蔗', 3), ('蝴', 4), ('斋', 33), ('○', 22), ('煽', 1), ('瓶', 41), ('诬', 1), ('宠', 8), ('雌', 5), ('崽', 7), ('罔', 2), ('暧', 1), ('昧', 12), ('徕', 3), ('贮', 7), ('铵', 1), ('铸', 40), ('镀', 13), ('栩', 12), ('甸', 25), ('湄', 1), ('褐', 1), ('矮', 13), ('溶', 12), ('胺', 2), ('粘', 10), ('嗅', 2), ('碳', 13), ('硫', 1), ('烷', 1), ('舱', 22), ('蚕', 8), ('穗', 11), ('灼', 10), ('霓', 12), ('拣', 8), ('眨', 5), ('攒', 10), ('刮', 32), ('呀', 44), ('鄂', 18), ('丑', 37), ('轧', 20), ('坯', 2), ('辊', 1), ('谧', 3), ('耍', 8), ('瘤', 16), ('摔', 24), ('吭', 3), ('眶', 12), ('搂', 4), ('褥', 7), ('淅', 11), ('鸽', 9), ('驭', 10), ('岳', 103), ('纭', 1), ('惕', 23), ('抖', 12), ('韶', 4), ('斧', 10), ('逻', 21), ('猖', 18), ('獗', 17), ('坊', 29), ('淄', 12), ('恳', 13), ('倏', 2), ('乖', 5), ('蛇', 13), ('婉', 14), ('囹', 1), ('圄', 1), ('瘾', 13), ('锒', 2), ('铛', 2), ('邪', 16), ('翟', 14), ('襟', 15), ('拽', 6), ('涡', 5), ('焊', 14), ('擀', 9), ('剁', 2), ('馅', 18), ('煮', 6), ('嗬', 3), ('褪', 4), ('棵', 33), ('晒', 24), ('戍', 9), ('霏', 8), ('捅', 9), ('脖', 8), ('啦', 29), ('吼', 15), ('狰', 2), ('狞', 2), ('捂', 3), ('泞', 5), ('撂', 4), ('肘', 6), ('刹', 24), ('擒', 2), ('趟', 48), ('匮', 8), ('肚', 22), ('唇', 18), ('蟹', 3), ('蜗', 3), ('侍', 3), ('瞪', 8), ('傻', 5), ('漳', 27), ('婷', 4), ('钊', 13), ('裴', 10), ('禀', 1), ('悼', 4), ('祺', 9), ('耿', 14), ('飚', 2), ('姬', 8), ('舫', 6), ('敖', 9), ('凛', 18), ('冽', 14), ('鞠', 8), ('棺', 3), ('邑', 9), ('嗣', 4), ('棣', 11), ('庚', 13), ('奚', 5), ('宕', 8), ('冗', 4), ('澡', 4), ('藤', 18), ('嗒', 1), ('籼', 1), ('糟', 6), ('蹋', 1), ('堰', 9), ('鸳', 4), ('鸯', 4), ('锭', 44), ('筱', 3), ('萸', 1), ('谏', 2), ('佑', 17), ('娜', 51), ('〈', 6), ('〉', 6), ('舶', 54), ('梳', 5), ('卅', 1), ('绅', 3), ('靖', 12), ('胥', 3), ('缉', 12), ('臻', 9), ('寇', 11), ('镌', 4), ('莺', 14), ('艮', 4), ('肠', 20), ('梗', 5), ('枢', 15), ('驷', 3), ('驹', 6), ('椰', 16), ('桫', 4), ('椤', 4), ('坂', 5), ('柬', 20), ('楹', 19), ('诙', 5), ('晏', 9), ('寝', 12), ('唁', 1), ('踱', 1), ('拎', 5), ('翌', 3), ('锈', 8), ('痴', 11), ('磁', 16), ('炬', 19), ('札', 4), ('幌', 5), ('菱', 10), ('濡', 4), ('侄', 8), ('斟', 2), ('巍', 17), ('蔼', 3), ('扔', 9), ('筐', 3), ('烘', 13), ('烤', 24), ('棕', 3), ('偃', 8), ('酝', 9), ('扼', 5), ('萄', 40), ('伽', 13), ('枯', 37), ('橱', 12), ('枣', 22), ('镑', 39), ('蟾', 2), ('陨', 3), ('恼', 9), ('哨', 31), ('捞', 18), ('炫', 8), ('揪', 4), ('涿', 8), ('渴', 40), ('呛', 4), ('啧', 8), ('磕', 13), ('俺', 30), ('兜', 13), ('晾', 3), ('咋', 13), ('娩', 2), ('闺', 6), ('爽', 24), ('伎', 1), ('庸', 27), ('悖', 8), ('扯', 12), ('螺', 15), ('佟', 6), ('宸', 3), ('琪', 15), ('饶', 17), ('蛀', 5), ('蚀', 21), ('毡', 8), ('缠', 18), ('栀', 14), ('郴', 3), ('痒', 3), ('淆', 4), ('扒', 11), ('幡', 1), ('稼', 18), ('蘑', 3), ('菇', 11), ('荔', 9), ('胎', 24), ('蕙', 5), ('幺', 1), ('惟', 12), ('辗', 5), ('薯', 40), ('刨', 5), ('棘', 14), ('棍', 10), ('胃', 10), ('涧', 9), ('捡', 6), ('遂', 11), ('畴', 13), ('烫', 8), ('鬓', 3), ('鑫', 7), ('璧', 6), ('阀', 5), ('沁', 21), ('赓', 3), ('襄', 28), ('狈', 1), ('拷', 4), ('哉', 8), ('戡', 1), ('奸', 5), ('谎', 4), ('敷', 6), ('楷', 19), ('拌', 8), ('榻', 5), ('扛', 10), ('钰', 8), ('锰', 3), ('钼', 1), ('铝', 21), ('垣', 12), ('讹', 2), ('铀', 17), ('楠', 10), ('呐', 4), ('玷', 1), ('椎', 15), ('脊', 40), ('娼', 2), ('茧', 4), ('蔷', 1), ('薇', 4), ('翘', 7), ('瘁', 1), ('霾', 3), ('稠', 6), ('亘', 4), ('籽', 7), ('厢', 16), ('嘿', 6), ('秸', 6), ('秆', 16), ('氨', 4), ('窖', 4), ('泵', 13), ('咸', 21), ('糕', 28), ('笨', 4), ('咳', 2), ('馏', 1), ('氩', 1), ('焘', 4), ('忻', 2), ('粟', 6), ('诀', 5), ('傀', 1), ('儡', 1), ('弼', 1), ('捭', 3), ('凳', 7), ('屑', 10), ('杼', 3), ('尕', 9), ('霄', 11), ('轩', 11), ('遐', 12), ('迩', 6), ('椿', 8), ('霖', 21), ('皖', 6), ('畸', 8), ('窒', 4), ('癫', 7), ('痫', 9), ('碘', 2), ('疹', 2), ('怔', 1), ('荼', 3), ('蜂', 11), ('蓟', 5), ('郗', 1), ('幔', 1), ('吻', 9), ('滦', 4), ('颐', 6), ('晗', 1), ('嬗', 1), ('稽', 23), ('鄢', 16), ('棠', 17), ('婕', 1), ('丕', 2), ('阜', 8), ('菏', 10), ('溆', 1), ('肌', 8), ('恕', 12), ('毓', 13), ('掖', 10), ('吆', 6), ('孵', 4), ('讷', 2), ('庇', 10), ('贼', 5), ('锯', 5), ('珀', 44), ('瑟', 6), ('裤', 13), ('荫', 18), ('莉', 25), ('妍', 53), ('圃', 3), ('杠', 17), ('腔', 22), ('魇', 2), ('隘', 5), ('潍', 6), ('殉', 3), ('昙', 2), ('拈', 5), ('姥', 5), ('饴', 1), ('忤', 1), ('繇', 1), ('羲', 2), ('褚', 69), ('兔', 13), ('驴', 2), ('嬉', 8), ('琏', 4), ('辇', 1), ('隽', 1), ('藩', 6), ('渲', 10), ('岑', 1), ('饪', 3), ('穴', 18), ('宰', 25), ('峙', 14), ('尧', 18), ('璀', 7), ('璨', 7), ('昝', 3), ('锆', 1), ('筏', 3), ('窍', 4), ('埂', 2), ('殆', 5), ('皴', 1), ('皱', 4), ('凿', 9), ('虞', 5), ('呗', 2), ('嗖', 3), ('爹', 2), ('褂', 5), ('噢', 1), ('裙', 11), ('嘀', 3), ('咕', 4), ('哎', 4), ('拇', 6), ('啼', 4), ('玺', 2), ('燥', 9), ('讳', 14), ('娅', 9), ('朔', 18), ('祭', 11), ('殚', 7), ('霭', 5), ('砥', 4), ('伫', 4), ('坟', 7), ('柑', 13), ('桔', 30), ('瓮', 1), ('凹', 3), ('涸', 7), ('ｖ', 3), ('龟', 7), ('瀛', 15), ('峤', 1), ('聿', 3), ('啤', 48), ('煎', 7), ('袒', 4), ('孀', 2), ('颦', 1), ('掣', 3), ('撮', 3), ('篑', 1), ('锃', 3), ('衢', 1), ('橘', 1), ('睐', 6), ('赃', 22), ('咎', 8), ('铃', 13), ('蹄', 7), ('浴', 15), ('馁', 5), ('拯', 11), ('篡', 2), ('暌', 2), ('廿', 15), ('氮', 6), ('荧', 26), ('橄', 24), ('榄', 24), ('跆', 2), ('寐', 5), ('夙', 2), ('仞', 1), ('臧', 2), ('褒', 5), ('茏', 2), ('槛', 7), ('籁', 11), ('辫', 3), ('孱', 1), ('兮', 11), ('娑', 2), ('潸', 1), ('哽', 3), ('湃', 5), ('麾', 1), ('赝', 15), ('槌', 2), ('浒', 31), ('逵', 3), ('梢', 10), ('嘛', 15), ('坞', 12), ('涎', 2), ('忒', 2), ('栅', 31), ('掐', 3), ('赘', 1), ('甭', 2), ('鳖', 2), ('崮', 6), ('鄱', 3), ('蛐', 4), ('沽', 12), ('墉', 3), ('抉', 4), ('诣', 2), ('穑', 1), ('沌', 1), ('烨', 4), ('妮', 4), ('谛', 4), ('囿', 5), ('怆', 1), ('惫', 5), ('酱', 3), ('腴', 1), ('吱', 9), ('鏊', 1), ('踌', 1), ('躇', 1), ('匡', 10), ('姗', 4), ('菡', 3), ('怏', 2), ('姊', 11), ('迸', 1), ('沐', 10), ('汩', 10), ('砌', 6), ('噙', 4), ('耄', 1), ('耋', 1), ('辍', 10), ('唏', 1), ('［', 1), ('］', 1), ('蜻', 2), ('蜓', 2), ('蝗', 3), ('筵', 1), ('嘲', 3), ('杳', 2), ('诼', 1), ('壕', 1), ('玫', 3), ('怯', 3), ('ｇ', 3), ('倚', 12), ('妞', 1), ('撅', 1), ('亨', 31), ('轱', 2), ('辘', 2), ('愣', 5), ('偎', 5), ('挎', 3), ('咙', 1), ('瞅', 5), ('锄', 9), ('耙', 1), ('茁', 6), ('怂', 3), ('恿', 3), ('蜿', 6), ('蜒', 6), ('哆', 2), ('嗦', 2), ('祀', 4), ('骼', 3), ('墒', 2), ('缜', 5), ('垛', 3), ('铨', 11), ('陛', 1), ('巅', 7), ('汶', 2), ('矬', 1), ('佼', 7), ('噎', 3), ('攸', 4), ('毋', 6), ('蒜', 3), ('赳', 4), ('庵', 6), ('宦', 2), ('杏', 14), ('惹', 9), ('哦', 5), ('熹', 5), ('啭', 1), ('捋', 4), ('翕', 1), ('喃', 5), ('矍', 2), ('铄', 2), ('稔', 5), ('朦', 1), ('胧', 1), ('飕', 2), ('愕', 4), ('赜', 1), ('睿', 5), ('铮', 18), ('讥', 4), ('呷', 1), ('袅', 9), ('霹', 2), ('雳', 2), ('洌', 3), ('猝', 2), ('眩', 3), ('哟', 8), ('茬', 8), ('诧', 3), ('吝', 2), ('胫', 3), ('疴', 1), ('荞', 2), ('瞠', 1), ('拧', 3), ('帼', 26), ('甥', 3), ('舅', 4), ('咫', 1), ('崩', 14), ('溃', 10), ('谕', 1), ('呻', 3), ('滓', 1), ('掂', 8), ('憩', 3), ('咚', 3), ('囚', 15), ('砺', 2), ('嘻', 2), ('乍', 8), ('舜', 5), ('擎', 8), ('翦', 2), ('暾', 1), ('沅', 4), ('漩', 4), ('檐', 8), ('苔', 2), ('壶', 9), ('撩', 4), ('恬', 4), ('卤', 1), ('搅', 7), ('脐', 4), ('糠', 1), ('峪', 10), ('窟', 4), ('罹', 5), ('硌', 2), ('馒', 6), ('攘', 5), ('瞿', 6), ('袈', 1), ('裟', 1), ('糌', 2), ('粑', 3), ('杵', 1), ('臼', 2), ('茎', 2), ('谍', 6), ('酣', 9), ('蹦', 10), ('茉', 7), ('镂', 1), ('璎', 1), ('珞', 2), ('龛', 1), ('谶', 1), ('稣', 7), ('桨', 7), ('夭', 3), ('墩', 11), ('楣', 6), ('玄', 7), ('裸', 7), ('祟', 5), ('苜', 1), ('蓿', 1), ('芾', 1), ('亥', 4), ('葺', 1), ('谒', 1), ('堕', 7), ('藐', 1), ('嘈', 2), ('隧', 20), ('珉', 5), ('噶', 2), ('侏', 7), ('枫', 13), ('钎', 3), ('锹', 4), ('飙', 2), ('惴', 4), ('窠', 1), ('耽', 9), ('赂', 28), ('燎', 3), ('粽', 2), ('眯', 4), ('尿', 22), ('嗽', 1), ('脯', 4), ('滁', 2), ('滇', 10), ('弓', 1), ('嚏', 1), ('哗', 5), ('唆', 1), ('耸', 8), ('岖', 3), ('橡', 8), ('鹃', 3), ('橙', 6), ('砼', 1), ('莒', 1), ('唾', 5), ('崴', 1), ('鹞', 2), ('掷', 8), ('迂', 1), ('蛙', 9), ('犊', 3), ('嗲', 4), ('趴', 5), ('嚎', 1), ('榧', 1), ('蹭', 3), ('昶', 2), ('羁', 17), ('斩', 6), ('诽', 1), ('谤', 1), ('氯', 4), ('碱', 21), ('镭', 1), ('俑', 10), ('衮', 1), ('樱', 14), ('痰', 3), ('蚊', 3), ('糯', 4), ('粳', 2), ('漕', 1), ('卒', 4), ('＋', 3), ('囤', 3), ('u', 1), ('缮', 3), ('叨', 2), ('靳', 6), ('漪', 5), ('懋', 10), ('煜', 5), ('氦', 2), ('伺', 3), ('媲', 2), ('淫', 5), ('苞', 4), ('潼', 1), ('烙', 3), ('缎', 4), ('堀', 1), ('瞰', 5), ('毗', 3), ('汲', 14), ('钝', 4), ('毖', 3), ('咧', 2), ('弧', 5), ('鳞', 3), ('栉', 2), ('嗨', 2), ('臃', 5), ('飒', 2), ('嚷', 5), ('捣', 4), ('玖', 5), ('偌', 7), ('腌', 1), ('皂', 2), ('挞', 4), ('H', 1), ('俐', 3), ('莞', 2), ('扈', 2), ('肪', 7), ('懊', 2), ('哓', 2), ('捺', 3), ('呸', 1), ('酌', 3), ('瑁', 2), ('喽', 1), ('倨', 1), ('鬃', 1), ('咯', 2), ('屁', 5), ('搓', 4), ('篱', 2), ('笆', 2), ('畦', 1), ('瑕', 5), ('兀', 2), ('虏', 3), ('焖', 1), ('榨', 4), ('馋', 3), ('揉', 1), ('惺', 1), ('忪', 1), ('渎', 14), ('睫', 9), ('珂', 4), ('聩', 2), ('凇', 1), ('勿', 5), ('绮', 6), ('岐', 7), ('泮', 3), ('邳', 4), ('鳗', 6), ('鳃', 1), ('褶', 1), ('睢', 2), ('灸', 23), ('丸', 7), ('绞', 6), ('汨', 1), ('钺', 1), ('蓦', 3), ('窿', 1), ('铲', 13), ('肋', 3), ('罘', 2), ('癣', 3), ('疮', 3), ('痍', 1), ('禹', 6), ('妪', 1), ('颠', 7), ('簸', 4), ('盹', 1), ('锑', 3), ('禾', 5), ('锢', 1), ('揍', 1), ('椭', 2), ('祛', 5), ('恣', 3), ('跫', 1), ('姹', 2), ('嫣', 3), ('奕', 2), ('亢', 7), ('簪', 4), ('缇', 1), ('侬', 1), ('蛟', 3), ('舾', 1), ('炜', 7), ('噩', 1), ('嗜', 4), ('淦', 2), ('骏', 11), ('瓯', 4), ('箕', 1), ('雹', 2), ('湍', 1), ('圪', 6), ('瓴', 2), ('璜', 2), ('淼', 2), ('傣', 16), ('泗', 4), ('衙', 1), ('儋', 1), ('°', 2), ('祚', 3), ('庥', 3), ('卦', 2), ('汞', 2), ('霈', 2), ('娄', 5), ('芥', 2), ('厮', 2), ('寥', 8), ('俾', 1), ('骸', 1), ('虾', 5), ('薹', 1), ('吏', 3), ('砻', 2), ('遨', 4), ('邛', 2), ('髻', 1), ('栾', 13), ('梵', 5), ('羌', 3), ('腋', 3), ('衽', 2), ('衩', 2), ('绯', 8), ('窈', 1), ('窕', 1), ('稞', 2), ('钙', 3), ('迥', 2), ('皋', 3), ('箩', 2), ('撇', 2), ('祜', 3), ('桓', 30), ('惋', 4), ('唧', 2), ('蔺', 1), ('淇', 3), ('桅', 5), ('＞', 1), ('妲', 1), ('苇', 4), ('侥', 5), ('盂', 1), ('黯', 4), ('菁', 3), ('韫', 3), ('泫', 2), ('滕', 9), ('诠', 7), ('绫', 2), ('珏', 3), ('濑', 1), ('榛', 2), ('濮', 2), ('昕', 8), ('鹭', 18), ('熨', 1), ('厝', 1), ('跹', 2), ('貂', 8), ('唢', 1), ('琵', 2), ('琶', 2), ('埙', 2), ('', 1), ('蟋', 3), ('蟀', 3), ('狄', 5), ('憧', 4), ('桧', 1), ('孽', 3), ('晔', 5), ('韬', 9), ('涟', 2), ('隋', 6), ('笺', 1), ('骇', 2), ('噬', 4), ('嶙', 1), ('峋', 1), ('剽', 1), ('溥', 3), ('禅', 3), ('扁', 4), ('萦', 2), ('垭', 3), ('犬', 4), ('侩', 1), ('矜', 2), ('洇', 2), ('剃', 3), ('潺', 8), ('浣', 2), ('酹', 1), ('梨', 9), ('噼', 7), ('啪', 8), ('沏', 1), ('淙', 4), ('饕', 1), ('餮', 1), ('愎', 1), ('黜', 1), ('卑', 9), ('湮', 1), ('掸', 2), ('唠', 2), ('H', 1), ('飨', 3), ('脍', 2), ('炙', 4), ('瘪', 2), ('谬', 3), ('蛛', 1), ('栗', 15), ('桕', 1), ('翊', 5), ('ｚ', 2), ('棱', 4), ('谑', 1), ('酯', 3), ('渍', 3), ('淝', 1), ('鄄', 1), ('砾', 2), ('弛', 3), ('镐', 5), ('懿', 1), ('苫', 1), ('揆', 1), ('覃', 2), ('颢', 1), ('焯', 1), ('皙', 1), ('皑', 10), ('萋', 2), ('跺', 6), ('锥', 3), ('哐', 1), ('啷', 1), ('膳', 1), ('嗟', 1), ('徜', 3), ('徉', 3), ('靛', 1), ('嫉', 1), ('妒', 1), ('戳', 2), ('渌', 1), ('⑵', 6), ('驿', 2), ('镉', 2), ('勺', 15), ('憷', 1), ('蕃', 2), ('蓓', 3), ('莘', 3), ('熄', 5), ('缨', 2), ('蜷', 1), ('袄', 7), ('痔', 1), ('舀', 2), ('裳', 1), ('枷', 3), ('坳', 2), ('醋', 2), ('瘸', 1), ('趾', 2), ('袜', 4), ('脓', 1), ('癸', 1), ('佤', 3), ('萱', 5), ('婿', 4), ('嗑', 1), ('疙', 1), ('瘩', 1), ('阉', 1), ('±', 6), ('嫖', 1), ('绀', 1), ('伢', 1), ('惭', 2), ('喋', 4), ('瞎', 3), ('娲', 1), ('酥', 1), ('煦', 2), ('莆', 3), ('酵', 3), ('缸', 3), ('礁', 2), ('蚨', 2), ('藻', 6), ('菅', 1), ('罄', 1), ('锏', 1), ('疵', 4), ('狡', 1), ('茗', 5), ('赎', 5), ('＝', 1), ('舷', 2), ('陇', 5), ('铱', 2), ('佰', 9), ('舵', 4), ('谚', 2), ('缶', 2), ('', 3), ('鹜', 1), ('篪', 1), ('腥', 2), ('汹', 5), ('荩', 1), ('寮', 4), ('拭', 1), ('匕', 1), ('濠', 2), ('诘', 1), ('耷', 1), ('仄', 1), ('赅', 1), ('绊', 4), ('浚', 5), ('睽', 4), ('嘤', 2), ('镝', 1), ('岫', 2), ('炔', 3), ('酮', 4), ('醚', 1), ('黏', 3), ('泌', 4), ('妊', 1), ('娠', 1), ('麝', 1), ('窦', 16), ('痊', 1), ('哮', 5), ('堇', 1), ('龋', 1), ('垢', 4), ('龈', 1), ('疡', 1), ('鹊', 3), ('驯', 3), ('仨', 1), ('踹', 2), ('骝', 3), ('苯', 1), ('贲', 2), ('匣', 2), ('珙', 2), ('蜥', 2), ('觐', 2), ('胚', 6), ('脾', 2), ('茔', 1), ('芋', 1), ('悌', 2), ('羔', 3), ('岔', 1), ('浔', 2), ('恻', 1), ('冥', 2), ('洙', 8), ('珩', 3), ('绂', 1), ('钴', 2), ('锌', 2), ('晌', 3), ('犀', 2), ('磐', 2), ('耆', 2), ('劭', 2), ('铷', 1), ('苣', 5), ('钨', 1), ('氓', 2), ('皓', 4), ('猩', 1), ('疟', 1), ('膺', 1), ('婪', 2), ('桠', 2), ('崂', 2), ('锨', 2), ('荪', 4), ('矾', 1), ('秃', 1), ('榴', 2), ('谙', 3), ('丫', 1), ('莓', 1), ('垧', 1), ('绢', 6), ('茸', 8), ('铠', 1), ('螃', 1), ('祯', 5), ('孪', 2), ('霆', 4), ('薰', 3), ('铉', 2), ('伉', 2), ('俪', 1), ('诃', 3), ('蘅', 3), ('掳', 1), ('奄', 2), ('笠', 1), ('殇', 1), ('沮', 1), ('悚', 1), ('滂', 2), ('桎', 3), ('梏', 3), ('咆', 4), ('泅', 1), ('戟', 2), ('蹂', 1), ('躏', 1), ('弩', 2), ('翡', 1), ('臀', 1), ('篝', 9), ('芰', 1), ('撵', 2), ('亵', 2), ('邈', 4), ('蓊', 3), ('钳', 4), ('髯', 1), ('岿', 1), ('涓', 3), ('遛', 1), ('匍', 2), ('匐', 2), ('谲', 1), ('悻', 2), ('岷', 3), ('淞', 2), ('逶', 1), ('迤', 1), ('叽', 3), ('噜', 1), ('抿', 1), ('耒', 1), ('陉', 2), ('啖', 1), ('檀', 12), ('姣', 1), ('a', 1), ('炀', 1), ('糜', 3), ('谆', 4), ('刁', 2), ('呱', 1), ('饬', 1), ('釜', 1), ('荀', 3), ('樵', 3), ('颔', 2), ('峥', 1), ('煊', 2), ('洵', 1), ('椽', 1), ('炯', 5), ('灏', 1), ('', 1), ('骁', 1), ('蠡', 1), ('娣', 3), ('荃', 3), ('怿', 1), ('婵', 1), ('筠', 1), ('泠', 1), ('榘', 1), ('冼', 2), ('镛', 3), ('笮', 1), ('邬', 1), ('', 1), ('馥', 2), ('J', 1), ('畲', 3), ('Q', 1), ('鎏', 1), ('弭', 1), ('樟', 1), ('谟', 2), ('骐', 1), ('镗', 1), ('欹', 1), ('闰', 1), ('卞', 1), ('曜', 1), ('谌', 1), ('钜', 1), ('佘', 1), ('玑', 2), ('P', 1), ('杲', 1), ('琥', 1), ('琮', 2), ('霁', 2), ('笙', 2), ('淬', 1), ('傈', 1), ('僳', 1), ('仡', 1), ('佬', 3), ('仫', 1), ('邝', 1), ('玮', 1), ('闾', 2), ('丞', 1), ('芸', 5), ('葳', 1), ('沣', 1), ('鲲', 1), ('攫', 1), ('喳', 2), ('铆', 1), ('媾', 1), ('耦', 1), ('楔', 1), ('胰', 4), ('弈', 3), ('瘿', 1), ('侔', 1), ('芷', 1), ('漉', 2), ('绾', 1), ('鸵', 1), ('樨', 1), ('讪', 1), ('彷', 1), ('徨', 1), ('瓤', 2), ('畛', 1), ('芊', 2), ('猬', 1), ('爿', 2), ('帚', 2), ('镰', 10), ('蹒', 2), ('跚', 2), ('铡', 1), ('趸', 2), ('缰', 1), ('嚓', 3), ('刈', 1), ('砰', 1), ('褴', 2), ('褛', 2), ('龇', 1), ('诩', 1), ('嗵', 2), ('蔫', 2), ('膘', 2), ('捶', 1), ('瞟', 1), ('琉', 2), ('埤', 1), ('帖', 3), ('嵇', 1), ('戮', 1), ('粕', 1), ('靓', 1), ('讫', 1), ('鳏', 3), ('峒', 1), ('阕', 1), ('①', 4), ('②', 4), ('③', 4), ('肽', 3), ('羟', 1), ('A', 1), ('盔', 1), ('晦', 1), ('鲱', 2), ('酪', 2), ('囱', 1), ('靴', 2), ('肄', 1), ('圻', 5), ('皿', 1), ('矸', 1), ('濉', 1), ('洮', 3), ('坨', 1), ('絮', 2), ('唬', 1), ('纫', 1), ('喟', 1), ('涮', 1), ('粥', 1), ('嘭', 1), ('蔑', 2), ('荚', 2), ('绶', 1), ('犄', 1), ('旮', 1), ('旯', 1), ('诤', 1), ('髌', 1), ('梆', 2), ('钏', 1), ('咛', 2), ('栈', 5), ('瞌', 2), ('蹶', 1), ('阪', 1), ('嫡', 1), ('猕', 1), ('忡', 2), ('④', 2), ('⑤', 2), ('⑥', 2), ('⑦', 1), ('嵊', 8), ('祉', 3), ('咔', 1), ('馗', 1), ('惰', 2), ('醛', 6), ('蒽', 1), ('旖', 1), ('旎', 1), ('缟', 1), ('黛', 1), ('孑', 1), ('峦', 1), ('藓', 1), ('砀', 1), ('啬', 1), ('芗', 1), ('柚', 3), ('诲', 4), ('憎', 1), ('捻', 1), ('咒', 1), ('昵', 1), ('碣', 1), ('吮', 1), ('篾', 3), ('咝', 2), ('颚', 2), ('眈', 2), ('笳', 1), ('鹧', 1), ('鸪', 1), ('黝', 2), ('逄', 1), ('葭', 1), ('V', 6), ('忐', 1), ('忑', 1), ('', 1), ('潋', 1), ('滟', 1), ('婢', 1), ('', 1), ('鹑', 2), ('鹗', 1), ('鹬', 1), ('鹨', 1), ('仃', 1), ('骧', 1), ('锴', 1), ('缄', 1), ('蹙', 1), ('崃', 1), ('戛', 1), ('蹿', 2), ('噌', 2), ('蘸', 1), ('篙', 2), ('糍', 1), ('铳', 1), ('擞', 1), ('麒', 1), ('咿', 2), ('唷', 1), ('蛰', 1), ('懦', 1), ('槁', 1), ('蘖', 1), ('醺', 1), ('中国', 3498), ('经济', 3466), ('发展', 3306), ('１９', 3014), ('００', 2677), ('企业', 2608), ('工作', 2595), ('国家', 2240), ('记者', 2156), ('１９９', 2125), ('社会', 2038), ('我们', 2021), ('１月', 1943), ('一个', 1938), ('市场', 1935), ('人民', 1912), ('建设', 1804), ('问题', 1714), ('全国', 1613), ('北京', 1603), ('政府', 1598), ('公司', 1581), ('本报', 1467), ('领导', 1406), ('他们', 1354), ('进行', 1301), ('改革', 1291), ('世界', 1278), ('中央', 1263), ('管理', 1261), ('新华', 1218), ('主义', 1204), ('我国', 1192), ('美国', 1189), ('新华社', 1176), ('生产', 1152), ('地区', 1135), ('――', 1123), ('技术', 1121), ('关系', 1080), ('活动', 1060), ('国际', 1052), ('群众', 1023), ('重要', 1015), ('干部', 1007), ('文化', 972), ('研究', 972), ('职工', 962), ('提高', 943), ('没有', 942), ('１０', 939), ('组织', 938), ('自己', 924), ('金融', 923), ('去年', 917), ('精神', 916), ('产品', 916), ('一些', 905), ('第一', 882), ('今天', 864), ('同志', 861), ('增长', 861), ('服务', 849), ('加强', 845), ('１２', 838), ('工程', 838), ('会议', 837), ('７年', 828), ('部门', 825), ('方面', 820), ('农业', 793), ('民族', 792), ('合作', 790), ('有关', 789), ('生活', 779), ('教育', 770), ('１９９７年', 763), ('科技', 762), ('人员', 753), ('报道', 750), ('同时', 744), ('政治', 742), ('通过', 737), ('历史', 728), ('银行', 725), ('社会主义', 718), ('２０', 714), ('委员', 705), ('主要', 702), ('目前', 700), ('产业', 698), ('表示', 697), ('可以', 696), ('积极', 693), ('代表', 690), ('解决', 690), ('要求', 688), ('实现', 684), ('政策', 684), ('投资', 675), ('艺术', 674), ('主席', 673), ('农村', 666), ('经营', 662), ('成为', 661), ('举行', 658), ('认为', 656), ('这些', 652), ('文明', 651), ('美元', 647), ('０００', 640), ('就是', 635), ('农民', 635), ('联合', 632), ('水平', 630), ('这个', 629), ('科学', 628), ('图片', 627), ('单位', 625), ('集团', 621), ('情况', 614), ('基础', 606), ('思想', 600), ('提出', 598), ('建立', 595), ('理论', 590), ('取得', 581), ('国务', 581), ('一步', 574), ('人们', 571), ('继续', 566), ('作为', 565), ('今年', 563), ('进一步', 562), ('香港', 561), ('必须', 560), ('稳定', 559), ('困难', 553), ('开始', 552), ('影响', 549), ('基本', 547), ('开发', 546), ('现代', 543), ('体育', 541), ('坚持', 538), ('十五', 536), ('１５', 533), ('努力', 531), ('参加', 530), ('需要', 529), ('特别', 527), ('开展', 525), ('制度', 525), ('贫困', 521), ('作用', 521), ('计划', 521), ('资金', 521), ('结构', 520), ('书记', 516), ('提供', 514), ('许多', 514), ('上海', 514), ('机关', 509), ('希望', 508), ('世纪', 506), ('事业', 499), ('项目', 492), ('日本', 490), ('和平', 489), ('这种', 489), ('以来', 487), ('这样', 486), ('由于', 486), ('决定', 486), ('部分', 485), ('电视', 481), ('共同', 481), ('―――', 479), ('国务院', 478), ('３０', 474), ('第二', 472), ('指出', 471), ('总统', 470), ('实际', 466), ('不断', 463), ('价格', 462), ('统一', 461), ('已经', 460), ('时间', 460), ('增加', 458), ('促进', 456), ('全面', 456), ('地方', 454), ('以及', 452), ('泽民', 451), ('开放', 450), ('支持', 449), ('形成', 448), ('自治', 446), ('其中', 446), ('国有', 445), ('规定', 445), ('实施', 445), ('条件', 444), ('春节', 442), ('环境', 437), ('中心', 437), ('工业', 437), ('调整', 436), ('出现', 435), ('学习', 433), ('采取', 430), ('部长', 429), ('措施', 429), ('质量', 427), ('收入', 427), ('城市', 427), ('８年', 426), ('传统', 426), ('新闻', 426), ('实行', 425), ('拉克', 422), ('国内', 421), ('发生', 419), ('小平', 416), ('结合', 415), ('５０', 414), ('安全', 413), ('什么', 411), ('起来', 410), ('为了', 410), ('信息', 409), ('１日', 408), ('扶贫', 408), ('任务', 405), ('根据', 405), ('具有', 399), ('不是', 398), ('以上', 397), ('６年', 396), ('广大', 390), ('强调', 390), ('负责', 389), ('机构', 388), ('十五大', 387), ('出口', 387), ('伊拉克', 384), ('规模', 383), ('１４', 381), ('进入', 380), ('现在', 379), ('住房', 379), ('出版', 379), ('委员会', 378), ('不仅', 376), ('学生', 376), ('战略', 373), ('得到', 372), ('形式', 370), ('作出', 367), ('保持', 364), ('解放', 364), ('电话', 364), ('劳动', 361), ('先进', 361), ('重点', 361), ('不同', 360), ('这里', 358), ('而且', 357), ('一定', 356), ('两岸', 354), ('过去', 353), ('能力', 353), ('政协', 353), ('１３', 352), ('完成', 349), ('达到', 349), ('目标', 348), ('……', 348), ('保护', 347), ('专家', 347), ('竞争', 346), ('严重', 345), ('系统', 343), ('利用', 343), ('成功', 342), ('总理', 342), ('孩子', 342), ('委会', 342), ('正在', 341), ('其他', 340), ('革命', 340), ('外交', 338), ('各级', 338), ('应当', 338), ('１００', 337), ('祖国', 336), ('１９９８年', 335), ('主任', 333), ('资源', 333), ('重视', 332), ('青年', 332), ('经过', 332), ('１９９６年', 331), ('地震', 331), ('各种', 330), ('责任', 330), ('１６', 329), ('危机', 328), ('１８', 328), ('发现', 327), ('可能', 326), ('创造', 325), ('只有', 324), ('重大', 323), ('年代', 320), ('推动', 319), ('大学', 319), ('十分', 318), ('各地', 318), ('因为', 318), ('落实', 317), ('如果', 317), ('台湾', 316), ('方式', 316), ('效益', 316), ('体制', 316), ('中共', 315), ('推进', 315), ('行政', 313), ('国民', 313), ('罗斯', 313), ('深入', 313), ('认识', 313), ('资产', 313), ('宣传', 312), ('中华', 310), ('介绍', 310), ('看到', 308), ('包括', 308), ('消费', 308), ('新年', 307), ('素质', 307), ('帮助', 307), ('灾区', 306), ('有的', 305), ('第三', 305), ('还有', 304), ('演出', 304), ('２５', 304), ('因此', 301), ('发挥', 301), ('１．', 301), ('交通', 301), ('调查', 299), ('利益', 298), ('就业', 298), ('成果', 296), ('实践', 295), ('关于', 295), ('之间', 293), ('部队', 293), ('机制', 293), ('下岗', 293), ('作品', 292), ('公安', 292), ('长期', 291), ('所有', 291), ('会见', 290), ('财政', 290), ('现代化', 289), ('对于', 289), ('贸易', 289), ('俄罗斯', 288), ('阶段', 288), ('了解', 288), ('成立', 288), ('个人', 288), ('不可', 287), ('发表', 286), ('８０', 285), ('如何', 285), ('家庭', 283), ('监督', 283), ('获得', 282), ('领域', 282), ('设施', 282), ('优势', 282), ('受到', 282), ('英国', 282), ('期间', 281), ('资本', 281), ('贡献', 280), ('内容', 280), ('旅游', 279), ('原则', 278), ('自然', 278), ('行为', 278), ('行动', 277), ('双方', 277), ('按照', 276), ('召开', 276), ('指导', 276), ('充分', 276), ('保证', 275), ('４０', 275), ('原因', 275), ('有效', 275), ('１７', 275), ('经验', 274), ('系列', 274), ('访问', 274), ('犯罪', 273), ('投入', 273), ('良好', 271), ('欧洲', 271), ('创作', 271), ('比赛', 271), ('形势', 270), ('过程', 269), ('直接', 268), ('分别', 268), ('存在', 268), ('贯彻', 267), ('变化', 267), ('为主', 267), ('报告', 267), ('商品', 267), ('认真', 266), ('医院', 266), ('日前', 265), ('持续', 264), ('当地', 264), ('货币', 264), ('全部', 264), ('股份', 264), ('扩大', 263), ('还是', 263), ('交易', 262), ('制定', 261), ('民主', 261), ('学校', 261), ('造成', 260), ('联合国', 260), ('行业', 260), ('这次', 259), ('产生', 259), ('１２月', 258), ('音乐', 258), ('根本', 257), ('力量', 257), ('人才', 257), ('健康', 256), ('体系', 256), ('慰问', 255), ('２２', 255), ('一起', 254), ('军事', 254), ('大家', 253), ('运动', 253), ('销售', 253), ('标准', 251), ('二十', 251), ('有限', 250), ('贷款', 250), ('知识', 249), ('人口', 249), ('改善', 247), ('６０', 247), ('天津', 247), ('２４', 246), ('宣布', 246), ('大会', 245), ('最近', 245), ('分析', 245), ('基层', 245), ('结果', 245), ('不少', 244), ('联系', 243), ('斗争', 243), ('救灾', 242), ('先后', 242), ('基金', 242), ('使用', 241), ('综合', 240), ('邓小平理论', 239), ('参与', 239), ('证券', 239), ('增强', 238), ('加快', 238), ('市场经济', 238), ('处理', 237), ('统计', 237), ('亚洲', 237), ('居民', 237), ('结束', 236), ('检查', 236), ('首先', 236), ('明显', 236), ('５年', 235), ('铁路', 235), ('讲话', 234), ('特色', 234), ('方针', 234), ('团结', 234), ('集中', 234), ('价值', 234), ('更加', 233), ('广东', 233), ('选举', 232), ('培训', 232), ('但是', 231), ('具体', 231), ('大量', 231), ('公里', 231), ('优秀', 231), ('自治区', 230), ('应该', 230), ('京剧', 230), ('石油', 230), ('高度', 229), ('电力', 229), ('执行', 229), ('晚会', 229), ('才能', 228), ('接受', 228), ('斯坦', 228), ('中共中央', 227), ('时期', 227), ('大力', 227), ('现象', 227), ('加大', 227), ('减少', 227), ('进程', 227), ('表现', 227), ('汽车', 227), ('法国', 226), ('来自', 226), ('乡镇', 226), ('任何', 225), ('控制', 225), ('各项', 224), ('突破', 224), ('北京市', 224), ('最后', 224), ('力度', 223), ('商业', 223), ('２３', 222), ('观众', 221), ('老人', 221), ('腐败', 221), ('精神文明', 220), ('读者', 220), ('尼亚', 220), ('意义', 219), ('人士', 219), ('之一', 218), ('伟大', 217), ('成绩', 217), ('准备', 217), ('８日', 217), ('对外', 216), ('地位', 216), ('．５', 216), ('来到', 214), ('带来', 214), ('近年', 214), ('甚至', 214), ('时代', 213), ('土地', 213), ('每年', 212), ('平均', 211), ('卫生', 211), ('首都', 210), ('大型', 210), ('人大', 210), ('然而', 210), ('引起', 210), ('规范', 209), ('恩来', 209), ('逐步', 208), ('随着', 208), ('举办', 207), ('或者', 206), ('需求', 206), ('反对', 206), ('友好', 205), ('设备', 205), ('１９８', 205), ('副总', 205), ('其琛', 205), ('组成', 204), ('成员', 204), ('战争', 204), ('明确', 204), ('话剧', 203), ('党中央', 202), ('党委', 202), ('连续', 202), ('２００', 201), ('文学', 201), ('关键', 200), ('整个', 200), ('出席', 200), ('有利', 199), ('真正', 199), ('德国', 199), ('现实', 199), ('培养', 199), ('法律', 199), ('当前', 198), ('最高', 198), ('欢迎', 198), ('反映', 198), ('集体', 198), ('专业', 198), ('大利', 198), ('交流', 197), ('办法', 197), ('多年', 197), ('能够', 196), ('巨大', 196), ('河北', 196), ('一月', 196), ('马克', 195), ('食品', 193), ('共产', 192), ('正式', 192), ('丰富', 192), ('进步', 192), ('时候', 192), ('节日', 191), ('及时', 191), ('方法', 190), ('２６', 190), ('检察', 190), ('完全', 189), ('速度', 188), ('完善', 188), ('有限公司', 188), ('案件', 188), ('谈判', 187), ('领导人', 187), ('多种', 187), ('比较', 187), ('体现', 187), ('协会', 187), ('恢复', 186), ('面积', 186), ('业务', 186), ('表明', 186), ('突出', 186), ('官兵', 186), ('泰国', 186), ('９０', 186), ('篮子', 186), ('经贸', 185), ('意识', 185), ('近年来', 185), ('超过', 185), ('会谈', 185), ('出来', 185), ('全市', 185), ('一直', 184), ('因素', 184), ('菜篮子', 184), ('江苏', 183), ('之后', 183), ('各国', 182), ('转变', 182), ('意见', 182), ('南省', 182), ('文艺', 182), ('办公', 181), ('新春', 181), ('而是', 181), ('设计', 181), ('汇率', 181), ('队伍', 181), ('关注', 180), ('未来', 180), ('一家', 180), ('适应', 180), ('朋友', 179), ('９日', 179), ('一切', 179), ('从而', 179), ('做好', 178), ('状况', 178), ('下午', 178), ('所以', 178), ('依法', 178), ('选手', 178), ('风险', 178), ('７０', 178), ('教师', 178), ('改变', 177), ('国民经济', 176), ('虽然', 176), ('内部', 176), ('阿拉', 176), ('奋斗', 175), ('关心', 175), ('国防', 175), ('一点', 175), ('全球', 174), ('正确', 174), ('广泛', 174), ('批准', 174), ('维护', 173), ('安排', 173), ('严格', 173), ('艰苦', 172), ('保障', 172), ('程度', 172), ('医疗', 172), ('纪念', 172), ('节目', 171), ('运行', 171), ('典型', 171), ('建成', 171), ('韩国', 171), ('相互', 171), ('基地', 171), ('法院', 170), ('区域', 170), ('切实', 169), ('０．', 169), ('４年', 169), ('党员', 169), ('１９９５年', 169), ('感到', 168), ('下降', 168), ('共和', 168), ('越来越', 168), ('选择', 168), ('工商', 168), ('小组', 168), ('著名', 167), ('迅速', 167), ('电子', 167), ('开拓', 166), ('人类', 166), ('东南', 166), ('先生', 165), ('粮食', 165), ('拥有', 165), ('军区', 165), ('分配', 165), ('马克思', 165), ('进展', 164), ('事件', 164), ('以色列', 164), ('５００', 164), ('山东', 164), ('２１', 163), ('共和国', 163), ('形象', 163), ('范围', 163), ('不得', 163), ('繁荣', 162), ('合理', 162), ('建议', 162), ('协议', 162), ('全省', 162), ('确定', 161), ('损失', 161), ('一样', 161), ('武器', 161), ('探索', 161), ('目的', 161), ('协调', 160), ('７日', 160), ('２０００', 160), ('人物', 160), ('１１', 160), ('宏观', 160), ('一九', 159), ('改造', 159), ('解放军', 159), ('尤其', 158), ('欧盟', 158), ('大使', 158), ('外国', 158), ('南非', 157), ('生命', 157), ('有人', 157), ('今后', 156), ('左右', 156), ('有些', 156), ('水利', 155), ('股市', 155), ('观念', 154), ('近日', 154), ('四川', 154), ('深化', 153), ('只要', 153), ('坚决', 153), ('人均', 153), ('兼并', 153), ('股票', 153), ('尽管', 152), ('平方', 152), ('１１月', 152), ('儿童', 152), ('广州', 152), ('给予', 152), ('面对', 152), ('１０００', 152), ('科研', 152), ('下乡', 152), ('第四', 151), ('重新', 151), ('趋势', 150), ('面临', 150), ('道路', 150), ('蒙古', 150), ('脱贫', 150), ('克林', 150), ('快速', 150), ('整体', 150), ('妇女', 150), ('顺利', 149), ('普通', 149), ('西方', 149), ('正是', 149), ('手段', 149), ('非常', 148), ('３００', 148), ('天气', 148), ('如今', 148), ('注意', 148), ('建筑', 148), ('经理', 148), ('矛盾', 147), ('军队', 147), ('克林顿', 147), ('一般', 147), ('常委会', 147), ('多元', 147), ('推广', 146), ('东南亚', 146), ('动物', 146), ('发行', 146), ('同胞', 145), ('上年', 145), ('及其', 145), ('温暖', 145), ('核查', 145), ('中东', 144), ('学者', 144), ('特点', 144), ('日报', 144), ('进口', 144), ('相当', 143), ('如此', 143), ('那些', 143), ('一致', 142), ('局面', 142), ('上午', 142), ('治理', 142), ('经常', 142), ('股份制', 142), ('外资', 142), ('再次', 141), ('部署', 141), ('指挥', 141), ('．８', 141), ('是否', 141), ('成本', 141), ('工人', 140), ('图书', 140), ('旅客', 140), ('旗帜', 139), ('实事', 139), ('表演', 139), ('推出', 139), ('公路', 139), ('５％', 139), ('地质', 139), ('一九九', 138), ('战士', 138), ('仪式', 138), ('现场', 138), ('阿尔', 138), ('信心', 137), ('证明', 137), ('文章', 137), ('各界', 137), ('灾民', 137), ('鼓励', 137), ('山区', 137), ('告诉', 137), ('３年', 137), ('多少', 137), ('公开', 137), ('检察院', 137), ('走向', 136), ('为人', 136), ('主持', 136), ('南京', 136), ('难以', 136), ('１２日', 136), ('核心', 135), ('负责人', 135), ('对此', 135), ('普遍', 135), ('１３日', 135), ('外长', 135), ('２年', 135), ('功能', 135), ('来说', 134), ('方向', 134), ('那么', 134), ('一方面', 134), ('纷纷', 133), ('不久', 133), ('批评', 133), ('利率', 133), ('供应', 133), ('相信', 132), ('成就', 132), ('模范', 132), ('年轻', 132), ('以后', 132), ('标志', 132), ('始终', 132), ('少年', 132), ('少数', 132), ('市民', 132), ('消费者', 132), ('第十', 132), ('电视台', 131), ('从事', 131), ('只是', 131), ('主张', 131), ('有利于', 131), ('它们', 131), ('怎么', 131), ('的话', 131), ('年前', 131), ('物资', 130), ('电影', 130), ('军委', 130), ('机会', 130), ('演员', 130), ('出发', 130), ('决策', 130), ('引进', 130), ('运输', 130), ('政治局', 129), ('争取', 129), ('１年', 129), ('有所', 129), ('针对', 129), ('广播', 128), ('独立', 128), ('周年', 128), ('岚清', 128), ('工作者', 128), ('西藏', 128), ('１９９４年', 128), ('多数', 128), ('还要', 128), ('公斤', 128), ('很多', 128), ('秘书', 128), ('特困', 128), ('专门', 128), ('数字', 128), ('州市', 128), ('保险', 128), ('马克思主义', 128), ('自身', 127), ('正常', 127), ('华人', 127), ('蔬菜', 127), ('．４', 127), ('东西', 127), ('共产党', 126), ('全体', 126), ('小时', 126), ('你们', 126), ('新疆', 126), ('引导', 126), ('围绕', 126), ('感谢', 125), ('做出', 125), ('执法', 125), ('大中', 125), ('事故', 125), ('运会', 125), ('湖北', 125), ('实力', 124), ('９月', 124), ('此次', 124), ('必要', 124)]
